<?xml version='1.0'?>
<ns2:test-suite xmlns:ns2='urn:model.allure.qatools.yandex.ru' start='1707488347346' stop='1707488354923'>
    <name>test/Notes/COR-435.test.js</name>
    <title>test/Notes/COR-435.test.js</title>
    <test-cases>
        <test-case start='1707488347346' status='failed' stop='1707488348283'>
            <name>API Success without appended_note key</name>
            <title>API Success without appended_note key</title>
            <labels/>
            <parameters/>
            <steps>
                <step start='1707488347348' status='undefined'>
                    <name>Values passed:"{\"button_id\":\"Rush\",\"order_id\":\"OrderNY-ABC_02\",\"order\":{\"note\":{\"transactionId\":118359,\"userEmail\":\"sverma@actiontitleresearch.com\",\"read\":false}}}"</name>
                    <title>Values passed:"{\"button_id\":\"Rush\",\"order_id\":\"OrderNY-ABC_02\",\"order\":{\"note\":{\"transactionId\":118359,\"userEmail\":\"sverma@actiontitleresearch.com\",\"read\":false}}}"</title>
                    <attachments/>
                    <steps/>
                </step>
            </steps>
            <attachments/>
            <failure>
                <message>Error: TypeError: Cannot read properties of undefined (reading 'message')</message>
                <stack-trace>Error: TypeError: Cannot read properties of undefined (reading 'message')
                    at Object.&lt;anonymous> (/home/devtrust/Project/QA-API-Automation-Testing/test/Notes/COR-435.test.js:25:19)
                    at processTicksAndRejections (node:internal/process/task_queues:95:5)</stack-trace>
            </failure>
        </test-case>
        <test-case start='1707488348284' status='failed' stop='1707488349214'>
            <name>API Success with appended_note key</name>
            <title>API Success with appended_note key</title>
            <labels/>
            <parameters/>
            <steps>
                <step start='1707488348284' status='undefined'>
                    <name>Values passed:"{\"button_id\":\"Rush\",\"order_id\":\"OrderNY-ABC_02\",\"appended_note\":\"Testing Process\",\"order\":{\"note\":{\"transactionId\":118359,\"userEmail\":\"sverma@actiontitleresearch.com\",\"read\":false}}}"</name>
                    <title>Values passed:"{\"button_id\":\"Rush\",\"order_id\":\"OrderNY-ABC_02\",\"appended_note\":\"Testing Process\",\"order\":{\"note\":{\"transactionId\":118359,\"userEmail\":\"sverma@actiontitleresearch.com\",\"read\":false}}}"</title>
                    <attachments/>
                    <steps/>
                </step>
            </steps>
            <attachments/>
            <failure>
                <message>Error: TypeError: Cannot read properties of undefined (reading 'message')</message>
                <stack-trace>Error: TypeError: Cannot read properties of undefined (reading 'message')
                    at Object.&lt;anonymous> (/home/devtrust/Project/QA-API-Automation-Testing/test/Notes/COR-435.test.js:43:19)
                    at processTicksAndRejections (node:internal/process/task_queues:95:5)</stack-trace>
            </failure>
        </test-case>
        <test-case start='1707488349214' status='failed' stop='1707488350204'>
            <name>button_id is missing</name>
            <title>button_id is missing</title>
            <labels/>
            <parameters/>
            <steps>
                <step start='1707488349214' status='undefined'>
                    <name>Values passed:"{\"button_id\":\"\",\"order_id\":\"OrderNY-ABC_02\",\"order\":{\"note\":{\"transactionId\":118359,\"userEmail\":\"sverma@actiontitleresearch.com\",\"read\":false}}}"</name>
                    <title>Values passed:"{\"button_id\":\"\",\"order_id\":\"OrderNY-ABC_02\",\"order\":{\"note\":{\"transactionId\":118359,\"userEmail\":\"sverma@actiontitleresearch.com\",\"read\":false}}}"</title>
                    <attachments/>
                    <steps/>
                </step>
            </steps>
            <attachments/>
            <failure>
                <message>Error: Error: expect(received).toBe(expected) // Object.is equality
                
                Expected: "Button ID parameter is missing."
                Received: "Invalid Session"</message>
                <stack-trace>Error: Error: expect(received).toBe(expected) // Object.is equality
                
                Expected: "Button ID parameter is missing."
                Received: "Invalid Session"
                    at Object.&lt;anonymous> (/home/devtrust/Project/QA-API-Automation-Testing/test/Notes/COR-435.test.js:63:19)
                    at processTicksAndRejections (node:internal/process/task_queues:95:5)</stack-trace>
            </failure>
        </test-case>
        <test-case start='1707488350204' status='failed' stop='1707488350760'>
            <name>button_id is passed wrong or special characters passed to button_id</name>
            <title>button_id is passed wrong or special characters passed to button_id</title>
            <labels/>
            <parameters/>
            <steps>
                <step start='1707488350204' status='undefined'>
                    <name>Values passed:"{\"button_id\":\"abc\",\"order_id\":\"OrderNY-ABC_02\",\"order\":{\"note\":{\"transactionId\":118359,\"userEmail\":\"sverma@actiontitleresearch.com\",\"read\":false}}}"</name>
                    <title>Values passed:"{\"button_id\":\"abc\",\"order_id\":\"OrderNY-ABC_02\",\"order\":{\"note\":{\"transactionId\":118359,\"userEmail\":\"sverma@actiontitleresearch.com\",\"read\":false}}}"</title>
                    <attachments/>
                    <steps/>
                </step>
            </steps>
            <attachments/>
            <failure>
                <message>Error: Error: expect(received).toBe(expected) // Object.is equality
                
                Expected: "Button ID not found."
                Received: "Invalid Session"</message>
                <stack-trace>Error: Error: expect(received).toBe(expected) // Object.is equality
                
                Expected: "Button ID not found."
                Received: "Invalid Session"
                    at Object.&lt;anonymous> (/home/devtrust/Project/QA-API-Automation-Testing/test/Notes/COR-435.test.js:83:19)
                    at processTicksAndRejections (node:internal/process/task_queues:95:5)</stack-trace>
            </failure>
        </test-case>
        <test-case start='1707488350760' status='failed' stop='1707488351724'>
            <name>button_id is not passed in body</name>
            <title>button_id is not passed in body</title>
            <labels/>
            <parameters/>
            <steps>
                <step start='1707488350761' status='undefined'>
                    <name>Values passed:"{\"order_id\":\"OrderNY-ABC_02\",\"order\":{\"note\":{\"transactionId\":118359,\"userEmail\":\"sverma@actiontitleresearch.com\",\"read\":false}}}"</name>
                    <title>Values passed:"{\"order_id\":\"OrderNY-ABC_02\",\"order\":{\"note\":{\"transactionId\":118359,\"userEmail\":\"sverma@actiontitleresearch.com\",\"read\":false}}}"</title>
                    <attachments/>
                    <steps/>
                </step>
            </steps>
            <attachments/>
            <failure>
                <message>Error: Error: expect(received).toBe(expected) // Object.is equality
                
                Expected: "Button ID parameter is missing."
                Received: "Invalid Session"</message>
                <stack-trace>Error: Error: expect(received).toBe(expected) // Object.is equality
                
                Expected: "Button ID parameter is missing."
                Received: "Invalid Session"
                    at Object.&lt;anonymous> (/home/devtrust/Project/QA-API-Automation-Testing/test/Notes/COR-435.test.js:103:19)
                    at processTicksAndRejections (node:internal/process/task_queues:95:5)</stack-trace>
            </failure>
        </test-case>
        <test-case start='1707488351725' status='failed' stop='1707488352688'>
            <name>order_id is missing</name>
            <title>order_id is missing</title>
            <labels/>
            <parameters/>
            <steps>
                <step start='1707488351725' status='undefined'>
                    <name>Values passed:"{\"button_id\":\"Rush\",\"order_id\":\"\",\"order\":{\"note\":{\"transactionId\":118359,\"userEmail\":\"sverma@actiontitleresearch.com\",\"read\":false}}}"</name>
                    <title>Values passed:"{\"button_id\":\"Rush\",\"order_id\":\"\",\"order\":{\"note\":{\"transactionId\":118359,\"userEmail\":\"sverma@actiontitleresearch.com\",\"read\":false}}}"</title>
                    <attachments/>
                    <steps/>
                </step>
            </steps>
            <attachments/>
            <failure>
                <message>Error: TypeError: Cannot read properties of undefined (reading 'message')</message>
                <stack-trace>Error: TypeError: Cannot read properties of undefined (reading 'message')
                    at Object.&lt;anonymous> (/home/devtrust/Project/QA-API-Automation-Testing/test/Notes/COR-435.test.js:121:19)
                    at processTicksAndRejections (node:internal/process/task_queues:95:5)</stack-trace>
            </failure>
        </test-case>
        <test-case start='1707488352688' status='failed' stop='1707488353231'>
            <name>order_id is passed wrong</name>
            <title>order_id is passed wrong</title>
            <labels/>
            <parameters/>
            <steps>
                <step start='1707488352689' status='undefined'>
                    <name>Values passed:"{\"button_id\":\"Rush\",\"order_id\":\"sfdfdsfedsfdsf\",\"order\":{\"note\":{\"transactionId\":118359,\"userEmail\":\"sverma@actiontitleresearch.com\",\"read\":false}}}"</name>
                    <title>Values passed:"{\"button_id\":\"Rush\",\"order_id\":\"sfdfdsfedsfdsf\",\"order\":{\"note\":{\"transactionId\":118359,\"userEmail\":\"sverma@actiontitleresearch.com\",\"read\":false}}}"</title>
                    <attachments/>
                    <steps/>
                </step>
            </steps>
            <attachments/>
            <failure>
                <message>Error: TypeError: Cannot read properties of undefined (reading 'message')</message>
                <stack-trace>Error: TypeError: Cannot read properties of undefined (reading 'message')
                    at Object.&lt;anonymous> (/home/devtrust/Project/QA-API-Automation-Testing/test/Notes/COR-435.test.js:139:19)
                    at processTicksAndRejections (node:internal/process/task_queues:95:5)</stack-trace>
            </failure>
        </test-case>
        <test-case start='1707488353231' status='failed' stop='1707488354274'>
            <name>order_id is not passed in body</name>
            <title>order_id is not passed in body</title>
            <labels/>
            <parameters/>
            <steps>
                <step start='1707488353231' status='undefined'>
                    <name>Values passed:"{\"button_id\":\"Rush\",\"order\":{\"note\":{\"transactionId\":118359,\"userEmail\":\"sverma@actiontitleresearch.com\",\"read\":false}}}"</name>
                    <title>Values passed:"{\"button_id\":\"Rush\",\"order\":{\"note\":{\"transactionId\":118359,\"userEmail\":\"sverma@actiontitleresearch.com\",\"read\":false}}}"</title>
                    <attachments/>
                    <steps/>
                </step>
            </steps>
            <attachments/>
            <failure>
                <message>Error: TypeError: Cannot read properties of undefined (reading 'message')</message>
                <stack-trace>Error: TypeError: Cannot read properties of undefined (reading 'message')
                    at Object.&lt;anonymous> (/home/devtrust/Project/QA-API-Automation-Testing/test/Notes/COR-435.test.js:156:19)
                    at processTicksAndRejections (node:internal/process/task_queues:95:5)</stack-trace>
            </failure>
        </test-case>
        <test-case start='1707488354274' status='failed' stop='1707488354877'>
            <name>order is passed empty</name>
            <title>order is passed empty</title>
            <labels/>
            <parameters/>
            <steps>
                <step start='1707488354274' status='undefined'>
                    <name>Values passed:"{\"button_id\":\"Rush\",\"order_id\":\"sfdfdsfedsfdsf\",\"order\":\"\"}"</name>
                    <title>Values passed:"{\"button_id\":\"Rush\",\"order_id\":\"sfdfdsfedsfdsf\",\"order\":\"\"}"</title>
                    <attachments/>
                    <steps/>
                </step>
            </steps>
            <attachments/>
            <failure>
                <message>Error: Error: expect(received).toBe(expected) // Object.is equality
                
                - Expected  - 2
                + Received  + 1
                
                - Invalid data or url or filepath argument: 
                - Expecting value: line 1 column 1 (char 0)
                + Invalid Session</message>
                <stack-trace>Error: Error: expect(received).toBe(expected) // Object.is equality
                
                - Expected  - 2
                + Received  + 1
                
                - Invalid data or url or filepath argument: 
                - Expecting value: line 1 column 1 (char 0)
                + Invalid Session
                    at Object.&lt;anonymous> (/home/devtrust/Project/QA-API-Automation-Testing/test/Notes/COR-435.test.js:176:19)
                    at processTicksAndRejections (node:internal/process/task_queues:95:5)</stack-trace>
            </failure>
        </test-case>
    </test-cases>
</ns2:test-suite>