<?xml version='1.0'?>
<ns2:test-suite xmlns:ns2='urn:model.allure.qatools.yandex.ru' start='1705065245039' stop='1705065276106'>
    <name>test/Docgen/Docgen_Download_PDF.test.js</name>
    <title>test/Docgen/Docgen_Download_PDF.test.js</title>
    <test-cases>
        <test-case start='1705065245039' status='failed' stop='1705065274970'>
            <name>API Success</name>
            <title>API Success</title>
            <labels/>
            <parameters/>
            <steps/>
            <attachments/>
            <failure>
                <message>Error: Error: expect(received).toBe(expected) // Object.is equality
                
                Expected: 500
                Received: undefined</message>
                <stack-trace>Error: Error: expect(received).toBe(expected) // Object.is equality
                
                Expected: 500
                Received: undefined
                    at Object.&lt;anonymous> (/home/devtrust/Project/QA-API-Automation-Testing/test/Docgen/Docgen_Download_PDF.test.js:27:15)
                    at processTicksAndRejections (node:internal/process/task_queues:95:5)</stack-trace>
            </failure>
        </test-case>
        <test-case start='1705065274970' status='failed' stop='1705065275294'>
            <name>Auth key is missing|| Wrong API key</name>
            <title>Auth key is missing|| Wrong API key</title>
            <labels/>
            <parameters/>
            <steps/>
            <attachments/>
            <failure>
                <message>Error: Response is not in valid json format</message>
                <stack-trace>Error: Response is not in valid json format
                    at Object.&lt;anonymous> (/home/devtrust/Project/QA-API-Automation-Testing/test/Docgen/Docgen_Download_PDF.test.js:45:17)
                    at processTicksAndRejections (node:internal/process/task_queues:95:5)</stack-trace>
            </failure>
        </test-case>
        <test-case start='1705065275295' status='failed' stop='1705065276063'>
            <name>Plain text received as response</name>
            <title>Plain text received as response</title>
            <labels/>
            <parameters/>
            <steps/>
            <attachments/>
            <failure>
                <message>Error: Response is not in valid json format</message>
                <stack-trace>Error: Response is not in valid json format
                    at Object.&lt;anonymous> (/home/devtrust/Project/QA-API-Automation-Testing/test/Docgen/Docgen_Download_PDF.test.js:63:15)
                    at processTicksAndRejections (node:internal/process/task_queues:95:5)</stack-trace>
            </failure>
        </test-case>
    </test-cases>
</ns2:test-suite>