<?xml version='1.0'?>
<ns2:test-suite xmlns:ns2='urn:model.allure.qatools.yandex.ru' start='1707832916391' stop='1707832923701'>
    <name>test/Notes/COR-435.test.js</name>
    <title>test/Notes/COR-435.test.js</title>
    <test-cases>
        <test-case start='1707832916391' status='failed' stop='1707832917094'>
            <name>API Success without appended_note key</name>
            <title>API Success without appended_note key</title>
            <labels/>
            <parameters/>
            <steps>
                <step start='1707832916392' status='undefined'>
                    <name>Values passed:"{\"button_id\":\"Rush\",\"order_id\":\"OrderNY-ABC_02\",\"order\":{\"note\":{\"transactionId\":118359,\"userEmail\":\"sverma@actiontitleresearch.com\",\"read\":false}}}"</name>
                    <title>Values passed:"{\"button_id\":\"Rush\",\"order_id\":\"OrderNY-ABC_02\",\"order\":{\"note\":{\"transactionId\":118359,\"userEmail\":\"sverma@actiontitleresearch.com\",\"read\":false}}}"</title>
                    <attachments/>
                    <steps/>
                </step>
            </steps>
            <attachments/>
            <failure>
                <message>Error: TypeError: Cannot read properties of undefined (reading 'message')</message>
                <stack-trace>Error: TypeError: Cannot read properties of undefined (reading 'message')
                    at Object.&lt;anonymous> (/home/devtrust/Project/QA-API-Automation-Testing/test/Notes/COR-435.test.js:25:19)
                    at processTicksAndRejections (node:internal/process/task_queues:95:5)</stack-trace>
            </failure>
        </test-case>
        <test-case start='1707832917094' status='failed' stop='1707832918201'>
            <name>API Success with appended_note key</name>
            <title>API Success with appended_note key</title>
            <labels/>
            <parameters/>
            <steps>
                <step start='1707832917095' status='undefined'>
                    <name>Values passed:"{\"button_id\":\"Rush\",\"order_id\":\"OrderNY-ABC_02\",\"appended_note\":\"Testing Process\",\"order\":{\"note\":{\"transactionId\":118359,\"userEmail\":\"sverma@actiontitleresearch.com\",\"read\":false}}}"</name>
                    <title>Values passed:"{\"button_id\":\"Rush\",\"order_id\":\"OrderNY-ABC_02\",\"appended_note\":\"Testing Process\",\"order\":{\"note\":{\"transactionId\":118359,\"userEmail\":\"sverma@actiontitleresearch.com\",\"read\":false}}}"</title>
                    <attachments/>
                    <steps/>
                </step>
            </steps>
            <attachments/>
            <failure>
                <message>Error: TypeError: Cannot read properties of undefined (reading 'message')</message>
                <stack-trace>Error: TypeError: Cannot read properties of undefined (reading 'message')
                    at Object.&lt;anonymous> (/home/devtrust/Project/QA-API-Automation-Testing/test/Notes/COR-435.test.js:43:19)
                    at processTicksAndRejections (node:internal/process/task_queues:95:5)</stack-trace>
            </failure>
        </test-case>
        <test-case start='1707832918201' status='failed' stop='1707832918824'>
            <name>button_id is missing</name>
            <title>button_id is missing</title>
            <labels/>
            <parameters/>
            <steps>
                <step start='1707832918202' status='undefined'>
                    <name>Values passed:"{\"button_id\":\"\",\"order_id\":\"OrderNY-ABC_02\",\"order\":{\"note\":{\"transactionId\":118359,\"userEmail\":\"sverma@actiontitleresearch.com\",\"read\":false}}}"</name>
                    <title>Values passed:"{\"button_id\":\"\",\"order_id\":\"OrderNY-ABC_02\",\"order\":{\"note\":{\"transactionId\":118359,\"userEmail\":\"sverma@actiontitleresearch.com\",\"read\":false}}}"</title>
                    <attachments/>
                    <steps/>
                </step>
            </steps>
            <attachments/>
            <failure>
                <message>Error: Error: expect(received).toBe(expected) // Object.is equality
                
                Expected: "Button ID parameter is missing."
                Received: "Invalid Session"</message>
                <stack-trace>Error: Error: expect(received).toBe(expected) // Object.is equality
                
                Expected: "Button ID parameter is missing."
                Received: "Invalid Session"
                    at Object.&lt;anonymous> (/home/devtrust/Project/QA-API-Automation-Testing/test/Notes/COR-435.test.js:63:19)
                    at processTicksAndRejections (node:internal/process/task_queues:95:5)</stack-trace>
            </failure>
        </test-case>
        <test-case start='1707832918824' status='failed' stop='1707832919882'>
            <name>button_id is passed wrong or special characters passed to button_id</name>
            <title>button_id is passed wrong or special characters passed to button_id</title>
            <labels/>
            <parameters/>
            <steps>
                <step start='1707832918825' status='undefined'>
                    <name>Values passed:"{\"button_id\":\"abc\",\"order_id\":\"OrderNY-ABC_02\",\"order\":{\"note\":{\"transactionId\":118359,\"userEmail\":\"sverma@actiontitleresearch.com\",\"read\":false}}}"</name>
                    <title>Values passed:"{\"button_id\":\"abc\",\"order_id\":\"OrderNY-ABC_02\",\"order\":{\"note\":{\"transactionId\":118359,\"userEmail\":\"sverma@actiontitleresearch.com\",\"read\":false}}}"</title>
                    <attachments/>
                    <steps/>
                </step>
            </steps>
            <attachments/>
            <failure>
                <message>Error: Error: expect(received).toBe(expected) // Object.is equality
                
                Expected: "Button ID not found."
                Received: "Invalid Session"</message>
                <stack-trace>Error: Error: expect(received).toBe(expected) // Object.is equality
                
                Expected: "Button ID not found."
                Received: "Invalid Session"
                    at Object.&lt;anonymous> (/home/devtrust/Project/QA-API-Automation-Testing/test/Notes/COR-435.test.js:83:19)
                    at processTicksAndRejections (node:internal/process/task_queues:95:5)</stack-trace>
            </failure>
        </test-case>
        <test-case start='1707832919883' status='failed' stop='1707832920546'>
            <name>button_id is not passed in body</name>
            <title>button_id is not passed in body</title>
            <labels/>
            <parameters/>
            <steps>
                <step start='1707832919884' status='undefined'>
                    <name>Values passed:"{\"order_id\":\"OrderNY-ABC_02\",\"order\":{\"note\":{\"transactionId\":118359,\"userEmail\":\"sverma@actiontitleresearch.com\",\"read\":false}}}"</name>
                    <title>Values passed:"{\"order_id\":\"OrderNY-ABC_02\",\"order\":{\"note\":{\"transactionId\":118359,\"userEmail\":\"sverma@actiontitleresearch.com\",\"read\":false}}}"</title>
                    <attachments/>
                    <steps/>
                </step>
            </steps>
            <attachments/>
            <failure>
                <message>Error: Error: expect(received).toBe(expected) // Object.is equality
                
                Expected: "Button ID parameter is missing."
                Received: "Invalid Session"</message>
                <stack-trace>Error: Error: expect(received).toBe(expected) // Object.is equality
                
                Expected: "Button ID parameter is missing."
                Received: "Invalid Session"
                    at Object.&lt;anonymous> (/home/devtrust/Project/QA-API-Automation-Testing/test/Notes/COR-435.test.js:103:19)
                    at processTicksAndRejections (node:internal/process/task_queues:95:5)</stack-trace>
            </failure>
        </test-case>
        <test-case start='1707832920546' status='failed' stop='1707832921214'>
            <name>order_id is missing</name>
            <title>order_id is missing</title>
            <labels/>
            <parameters/>
            <steps>
                <step start='1707832920547' status='undefined'>
                    <name>Values passed:"{\"button_id\":\"Rush\",\"order_id\":\"\",\"order\":{\"note\":{\"transactionId\":118359,\"userEmail\":\"sverma@actiontitleresearch.com\",\"read\":false}}}"</name>
                    <title>Values passed:"{\"button_id\":\"Rush\",\"order_id\":\"\",\"order\":{\"note\":{\"transactionId\":118359,\"userEmail\":\"sverma@actiontitleresearch.com\",\"read\":false}}}"</title>
                    <attachments/>
                    <steps/>
                </step>
            </steps>
            <attachments/>
            <failure>
                <message>Error: TypeError: Cannot read properties of undefined (reading 'message')</message>
                <stack-trace>Error: TypeError: Cannot read properties of undefined (reading 'message')
                    at Object.&lt;anonymous> (/home/devtrust/Project/QA-API-Automation-Testing/test/Notes/COR-435.test.js:121:19)
                    at processTicksAndRejections (node:internal/process/task_queues:95:5)</stack-trace>
            </failure>
        </test-case>
        <test-case start='1707832921214' status='failed' stop='1707832921881'>
            <name>order_id is passed wrong</name>
            <title>order_id is passed wrong</title>
            <labels/>
            <parameters/>
            <steps>
                <step start='1707832921215' status='undefined'>
                    <name>Values passed:"{\"button_id\":\"Rush\",\"order_id\":\"sfdfdsfedsfdsf\",\"order\":{\"note\":{\"transactionId\":118359,\"userEmail\":\"sverma@actiontitleresearch.com\",\"read\":false}}}"</name>
                    <title>Values passed:"{\"button_id\":\"Rush\",\"order_id\":\"sfdfdsfedsfdsf\",\"order\":{\"note\":{\"transactionId\":118359,\"userEmail\":\"sverma@actiontitleresearch.com\",\"read\":false}}}"</title>
                    <attachments/>
                    <steps/>
                </step>
            </steps>
            <attachments/>
            <failure>
                <message>Error: TypeError: Cannot read properties of undefined (reading 'message')</message>
                <stack-trace>Error: TypeError: Cannot read properties of undefined (reading 'message')
                    at Object.&lt;anonymous> (/home/devtrust/Project/QA-API-Automation-Testing/test/Notes/COR-435.test.js:139:19)
                    at processTicksAndRejections (node:internal/process/task_queues:95:5)</stack-trace>
            </failure>
        </test-case>
        <test-case start='1707832921881' status='failed' stop='1707832922978'>
            <name>order_id is not passed in body</name>
            <title>order_id is not passed in body</title>
            <labels/>
            <parameters/>
            <steps>
                <step start='1707832921882' status='undefined'>
                    <name>Values passed:"{\"button_id\":\"Rush\",\"order\":{\"note\":{\"transactionId\":118359,\"userEmail\":\"sverma@actiontitleresearch.com\",\"read\":false}}}"</name>
                    <title>Values passed:"{\"button_id\":\"Rush\",\"order\":{\"note\":{\"transactionId\":118359,\"userEmail\":\"sverma@actiontitleresearch.com\",\"read\":false}}}"</title>
                    <attachments/>
                    <steps/>
                </step>
            </steps>
            <attachments/>
            <failure>
                <message>Error: TypeError: Cannot read properties of undefined (reading 'message')</message>
                <stack-trace>Error: TypeError: Cannot read properties of undefined (reading 'message')
                    at Object.&lt;anonymous> (/home/devtrust/Project/QA-API-Automation-Testing/test/Notes/COR-435.test.js:156:19)
                    at processTicksAndRejections (node:internal/process/task_queues:95:5)</stack-trace>
            </failure>
        </test-case>
        <test-case start='1707832922978' status='failed' stop='1707832923654'>
            <name>order is passed empty</name>
            <title>order is passed empty</title>
            <labels/>
            <parameters/>
            <steps>
                <step start='1707832922979' status='undefined'>
                    <name>Values passed:"{\"button_id\":\"Rush\",\"order_id\":\"sfdfdsfedsfdsf\",\"order\":\"\"}"</name>
                    <title>Values passed:"{\"button_id\":\"Rush\",\"order_id\":\"sfdfdsfedsfdsf\",\"order\":\"\"}"</title>
                    <attachments/>
                    <steps/>
                </step>
            </steps>
            <attachments/>
            <failure>
                <message>Error: Error: expect(received).toBe(expected) // Object.is equality
                
                - Expected  - 2
                + Received  + 1
                
                - Invalid data or url or filepath argument: 
                - Expecting value: line 1 column 1 (char 0)
                + Invalid Session</message>
                <stack-trace>Error: Error: expect(received).toBe(expected) // Object.is equality
                
                - Expected  - 2
                + Received  + 1
                
                - Invalid data or url or filepath argument: 
                - Expecting value: line 1 column 1 (char 0)
                + Invalid Session
                    at Object.&lt;anonymous> (/home/devtrust/Project/QA-API-Automation-Testing/test/Notes/COR-435.test.js:176:19)
                    at processTicksAndRejections (node:internal/process/task_queues:95:5)</stack-trace>
            </failure>
        </test-case>
    </test-cases>
</ns2:test-suite>