<?xml version='1.0'?>
<ns2:test-suite xmlns:ns2='urn:model.allure.qatools.yandex.ru' start='1709039684196' stop='1709039692864'>
    <name>test/Notes/COR-470.test.js</name>
    <title>test/Notes/COR-470.test.js</title>
    <test-cases>
        <test-case start='1709039684196' status='failed' stop='1709039685160'>
            <name>API Success without appended_note key</name>
            <title>API Success without appended_note key</title>
            <labels/>
            <parameters/>
            <steps>
                <step start='1709039684197' status='undefined'>
                    <name>Values passed:"{\"button_id\":\"Rush\",\"order_id\":\"OrderNY-ABC_02\",\"search_company_id\":1,\"order\":{\"note\":{\"transactionId\":118359,\"userEmail\":\"title@bluelandtitle.com\",\"read\":false}}}"</name>
                    <title>Values passed:"{\"button_id\":\"Rush\",\"order_id\":\"OrderNY-ABC_02\",\"search_company_id\":1,\"order\":{\"note\":{\"transactionId\":118359,\"userEmail\":\"title@bluelandtitle.com\",\"read\":false}}}"</title>
                    <attachments/>
                    <steps/>
                </step>
            </steps>
            <attachments/>
            <failure>
                <message>Error: TypeError: Cannot read properties of undefined (reading 'message')</message>
                <stack-trace>Error: TypeError: Cannot read properties of undefined (reading 'message')
                    at Object.&lt;anonymous> (/home/devtrust/Project/QA-API-Automation-Testing/test/Notes/COR-470.test.js:36:19)
                    at processTicksAndRejections (node:internal/process/task_queues:95:5)</stack-trace>
            </failure>
        </test-case>
        <test-case start='1709039685160' status='failed' stop='1709039685678'>
            <name>API Success with appended_note key</name>
            <title>API Success with appended_note key</title>
            <labels/>
            <parameters/>
            <steps>
                <step start='1709039685161' status='undefined'>
                    <name>Values passed:"{\"button_id\":\"Rush\",\"order_id\":\"OrderNY-ABC_02\",\"search_company_id\":1,\"appended_note\":\"Testing Process\",\"order\":{\"note\":{\"transactionId\":118359,\"userEmail\":\"title@bluelandtitle.com\",\"read\":false}}}"</name>
                    <title>Values passed:"{\"button_id\":\"Rush\",\"order_id\":\"OrderNY-ABC_02\",\"search_company_id\":1,\"appended_note\":\"Testing Process\",\"order\":{\"note\":{\"transactionId\":118359,\"userEmail\":\"title@bluelandtitle.com\",\"read\":false}}}"</title>
                    <attachments/>
                    <steps/>
                </step>
            </steps>
            <attachments/>
            <failure>
                <message>Error: TypeError: Cannot read properties of undefined (reading 'message')</message>
                <stack-trace>Error: TypeError: Cannot read properties of undefined (reading 'message')
                    at Object.&lt;anonymous> (/home/devtrust/Project/QA-API-Automation-Testing/test/Notes/COR-470.test.js:54:19)
                    at processTicksAndRejections (node:internal/process/task_queues:95:5)</stack-trace>
            </failure>
        </test-case>
        <test-case start='1709039685678' status='failed' stop='1709039686618'>
            <name>button_id key is empty</name>
            <title>button_id key is empty</title>
            <labels/>
            <parameters/>
            <steps>
                <step start='1709039685679' status='undefined'>
                    <name>Values passed:"{\"button_id\":\"\",\"order_id\":\"OrderNY-ABC_02\",\"search_company_id\":1,\"appended_note\":\"Testing Process\",\"order\":{\"note\":{\"transactionId\":118359,\"userEmail\":\"title@bluelandtitle.com\",\"read\":false}}}"</name>
                    <title>Values passed:"{\"button_id\":\"\",\"order_id\":\"OrderNY-ABC_02\",\"search_company_id\":1,\"appended_note\":\"Testing Process\",\"order\":{\"note\":{\"transactionId\":118359,\"userEmail\":\"title@bluelandtitle.com\",\"read\":false}}}"</title>
                    <attachments/>
                    <steps/>
                </step>
            </steps>
            <attachments/>
            <failure>
                <message>Error: Error: expect(received).toBe(expected) // Object.is equality
                
                Expected: "Button ID parameter is missing."
                Received: "Invalid Session"</message>
                <stack-trace>Error: Error: expect(received).toBe(expected) // Object.is equality
                
                Expected: "Button ID parameter is missing."
                Received: "Invalid Session"
                    at Object.&lt;anonymous> (/home/devtrust/Project/QA-API-Automation-Testing/test/Notes/COR-470.test.js:73:19)
                    at processTicksAndRejections (node:internal/process/task_queues:95:5)</stack-trace>
            </failure>
        </test-case>
        <test-case start='1709039686619' status='failed' stop='1709039687124'>
            <name>button_id key passed wrong</name>
            <title>button_id key passed wrong</title>
            <labels/>
            <parameters/>
            <steps>
                <step start='1709039686619' status='undefined'>
                    <name>Values passed:"{\"button_id\":\"ewarewfewfef\",\"order_id\":\"OrderNY-ABC_02\",\"search_company_id\":1,\"order\":{\"note\":{\"transactionId\":118359,\"userEmail\":\"title@bluelandtitle.com\",\"read\":false}}}"</name>
                    <title>Values passed:"{\"button_id\":\"ewarewfewfef\",\"order_id\":\"OrderNY-ABC_02\",\"search_company_id\":1,\"order\":{\"note\":{\"transactionId\":118359,\"userEmail\":\"title@bluelandtitle.com\",\"read\":false}}}"</title>
                    <attachments/>
                    <steps/>
                </step>
            </steps>
            <attachments/>
            <failure>
                <message>Error: Error: expect(received).toBe(expected) // Object.is equality
                
                Expected: "Button ID not found."
                Received: "Invalid Session"</message>
                <stack-trace>Error: Error: expect(received).toBe(expected) // Object.is equality
                
                Expected: "Button ID not found."
                Received: "Invalid Session"
                    at Object.&lt;anonymous> (/home/devtrust/Project/QA-API-Automation-Testing/test/Notes/COR-470.test.js:90:19)
                    at processTicksAndRejections (node:internal/process/task_queues:95:5)</stack-trace>
            </failure>
        </test-case>
        <test-case start='1709039687124' status='failed' stop='1709039688058'>
            <name>order_id is empty</name>
            <title>order_id is empty</title>
            <labels/>
            <parameters/>
            <steps>
                <step start='1709039687125' status='undefined'>
                    <name>Values passed:"{\"button_id\":\"Rush\",\"order_id\":\"\",\"search_company_id\":1,\"appended_note\":\"Testing Process\",\"order\":{\"note\":{\"transactionId\":118359,\"userEmail\":\"title@bluelandtitle.com\",\"read\":false}}}"</name>
                    <title>Values passed:"{\"button_id\":\"Rush\",\"order_id\":\"\",\"search_company_id\":1,\"appended_note\":\"Testing Process\",\"order\":{\"note\":{\"transactionId\":118359,\"userEmail\":\"title@bluelandtitle.com\",\"read\":false}}}"</title>
                    <attachments/>
                    <steps/>
                </step>
            </steps>
            <attachments/>
            <failure>
                <message>Error: TypeError: Cannot read properties of undefined (reading 'message')</message>
                <stack-trace>Error: TypeError: Cannot read properties of undefined (reading 'message')
                    at Object.&lt;anonymous> (/home/devtrust/Project/QA-API-Automation-Testing/test/Notes/COR-470.test.js:107:19)
                    at processTicksAndRejections (node:internal/process/task_queues:95:5)</stack-trace>
            </failure>
        </test-case>
        <test-case start='1709039688059' status='failed' stop='1709039688979'>
            <name>order_id key passed wrong</name>
            <title>order_id key passed wrong</title>
            <labels/>
            <parameters/>
            <steps>
                <step start='1709039688059' status='undefined'>
                    <name>Values passed:"{\"button_id\":\"Rush\",\"order_id\":\"wsaffffffffs\",\"search_company_id\":1,\"appended_note\":\"Testing Process\",\"order\":{\"note\":{\"transactionId\":118359,\"userEmail\":\"title@bluelandtitle.com\",\"read\":false}}}"</name>
                    <title>Values passed:"{\"button_id\":\"Rush\",\"order_id\":\"wsaffffffffs\",\"search_company_id\":1,\"appended_note\":\"Testing Process\",\"order\":{\"note\":{\"transactionId\":118359,\"userEmail\":\"title@bluelandtitle.com\",\"read\":false}}}"</title>
                    <attachments/>
                    <steps/>
                </step>
            </steps>
            <attachments/>
            <failure>
                <message>Error: TypeError: Cannot read properties of undefined (reading 'message')</message>
                <stack-trace>Error: TypeError: Cannot read properties of undefined (reading 'message')
                    at Object.&lt;anonymous> (/home/devtrust/Project/QA-API-Automation-Testing/test/Notes/COR-470.test.js:124:19)
                    at processTicksAndRejections (node:internal/process/task_queues:95:5)</stack-trace>
            </failure>
        </test-case>
        <test-case start='1709039688979' status='failed' stop='1709039689495'>
            <name>search_company_id is passed as string</name>
            <title>search_company_id is passed as string</title>
            <labels/>
            <parameters/>
            <steps>
                <step start='1709039688979' status='undefined'>
                    <name>Values passed:"{\"button_id\":\"Rush\",\"order_id\":\"OrderNY-ABC_02\",\"search_company_id\":\"1\",\"appended_note\":\"Testing Process\",\"order\":{\"note\":{\"transactionId\":118359,\"userEmail\":\"title@bluelandtitle.com\",\"read\":false}}}"</name>
                    <title>Values passed:"{\"button_id\":\"Rush\",\"order_id\":\"OrderNY-ABC_02\",\"search_company_id\":\"1\",\"appended_note\":\"Testing Process\",\"order\":{\"note\":{\"transactionId\":118359,\"userEmail\":\"title@bluelandtitle.com\",\"read\":false}}}"</title>
                    <attachments/>
                    <steps/>
                </step>
            </steps>
            <attachments/>
            <failure>
                <message>Error: TypeError: Cannot read properties of undefined (reading 'message')</message>
                <stack-trace>Error: TypeError: Cannot read properties of undefined (reading 'message')
                    at Object.&lt;anonymous> (/home/devtrust/Project/QA-API-Automation-Testing/test/Notes/COR-470.test.js:141:19)
                    at processTicksAndRejections (node:internal/process/task_queues:95:5)</stack-trace>
            </failure>
        </test-case>
        <test-case start='1709039689495' status='failed' stop='1709039690419'>
            <name>appended_note is passed empty</name>
            <title>appended_note is passed empty</title>
            <labels/>
            <parameters/>
            <steps>
                <step start='1709039689496' status='undefined'>
                    <name>Values passed:"{\"button_id\":\"Rush\",\"order_id\":\"OrderNY-ABC_02\",\"search_company_id\":1,\"appended_note\":\"\",\"order\":{\"note\":{\"transactionId\":118359,\"userEmail\":\"title@bluelandtitle.com\",\"read\":false}}}"</name>
                    <title>Values passed:"{\"button_id\":\"Rush\",\"order_id\":\"OrderNY-ABC_02\",\"search_company_id\":1,\"appended_note\":\"\",\"order\":{\"note\":{\"transactionId\":118359,\"userEmail\":\"title@bluelandtitle.com\",\"read\":false}}}"</title>
                    <attachments/>
                    <steps/>
                </step>
            </steps>
            <attachments/>
            <failure>
                <message>Error: TypeError: Cannot read properties of undefined (reading 'message')</message>
                <stack-trace>Error: TypeError: Cannot read properties of undefined (reading 'message')
                    at Object.&lt;anonymous> (/home/devtrust/Project/QA-API-Automation-Testing/test/Notes/COR-470.test.js:158:19)
                    at processTicksAndRejections (node:internal/process/task_queues:95:5)</stack-trace>
            </failure>
        </test-case>
        <test-case start='1709039690420' status='failed' stop='1709039691395'>
            <name>transactionId is passed as string</name>
            <title>transactionId is passed as string</title>
            <labels/>
            <parameters/>
            <steps>
                <step start='1709039690420' status='undefined'>
                    <name>Values passed:"{\"button_id\":\"Rush\",\"order_id\":\"OrderNY-ABC_02\",\"search_company_id\":1,\"appended_note\":\"Testing Process\",\"order\":{\"note\":{\"transactionId\":\"118359\",\"userEmail\":\"title@bluelandtitle.com\",\"read\":false}}}"</name>
                    <title>Values passed:"{\"button_id\":\"Rush\",\"order_id\":\"OrderNY-ABC_02\",\"search_company_id\":1,\"appended_note\":\"Testing Process\",\"order\":{\"note\":{\"transactionId\":\"118359\",\"userEmail\":\"title@bluelandtitle.com\",\"read\":false}}}"</title>
                    <attachments/>
                    <steps/>
                </step>
            </steps>
            <attachments/>
            <failure>
                <message>Error: TypeError: Cannot read properties of undefined (reading 'message')</message>
                <stack-trace>Error: TypeError: Cannot read properties of undefined (reading 'message')
                    at Object.&lt;anonymous> (/home/devtrust/Project/QA-API-Automation-Testing/test/Notes/COR-470.test.js:176:19)
                    at processTicksAndRejections (node:internal/process/task_queues:95:5)</stack-trace>
            </failure>
        </test-case>
        <test-case start='1709039691395' status='failed' stop='1709039691878'>
            <name>userEmail is empty</name>
            <title>userEmail is empty</title>
            <labels/>
            <parameters/>
            <steps>
                <step start='1709039691395' status='undefined'>
                    <name>Values passed:"{\"button_id\":\"Rush\",\"order_id\":\"OrderNY-ABC_02\",\"search_company_id\":1,\"appended_note\":\"Testing Process\",\"order\":{\"note\":{\"transactionId\":\"118359\",\"userEmail\":\"\",\"read\":false}}}"</name>
                    <title>Values passed:"{\"button_id\":\"Rush\",\"order_id\":\"OrderNY-ABC_02\",\"search_company_id\":1,\"appended_note\":\"Testing Process\",\"order\":{\"note\":{\"transactionId\":\"118359\",\"userEmail\":\"\",\"read\":false}}}"</title>
                    <attachments/>
                    <steps/>
                </step>
            </steps>
            <attachments/>
            <failure>
                <message>Error: TypeError: Cannot read properties of undefined (reading 'message')</message>
                <stack-trace>Error: TypeError: Cannot read properties of undefined (reading 'message')
                    at Object.&lt;anonymous> (/home/devtrust/Project/QA-API-Automation-Testing/test/Notes/COR-470.test.js:194:19)
                    at processTicksAndRejections (node:internal/process/task_queues:95:5)</stack-trace>
            </failure>
        </test-case>
        <test-case start='1709039691879' status='failed' stop='1709039692816'>
            <name>invalid userEmail passed</name>
            <title>invalid userEmail passed</title>
            <labels/>
            <parameters/>
            <steps>
                <step start='1709039691880' status='undefined'>
                    <name>Values passed:"{\"button_id\":\"Rush\",\"order_id\":\"OrderNY-ABC_02\",\"search_company_id\":1,\"appended_note\":\"Testing Process\",\"order\":{\"note\":{\"transactionId\":\"118359\",\"userEmail\":\"sddddddddddddd\",\"read\":false}}}"</name>
                    <title>Values passed:"{\"button_id\":\"Rush\",\"order_id\":\"OrderNY-ABC_02\",\"search_company_id\":1,\"appended_note\":\"Testing Process\",\"order\":{\"note\":{\"transactionId\":\"118359\",\"userEmail\":\"sddddddddddddd\",\"read\":false}}}"</title>
                    <attachments/>
                    <steps/>
                </step>
            </steps>
            <attachments/>
            <failure>
                <message>Error: TypeError: Cannot read properties of undefined (reading 'message')</message>
                <stack-trace>Error: TypeError: Cannot read properties of undefined (reading 'message')
                    at Object.&lt;anonymous> (/home/devtrust/Project/QA-API-Automation-Testing/test/Notes/COR-470.test.js:212:19)
                    at processTicksAndRejections (node:internal/process/task_queues:95:5)</stack-trace>
            </failure>
        </test-case>
    </test-cases>
</ns2:test-suite>