<?xml version='1.0'?>
<ns2:test-suite xmlns:ns2='urn:model.allure.qatools.yandex.ru' start='1709039591080' stop='1709039596418'>
    <name>test/SES/send_email_250_sandbox.test.js</name>
    <title>test/SES/send_email_250_sandbox.test.js</title>
    <test-cases>
        <test-case start='1709039591080' status='failed' stop='1709039591608'>
            <name>API Success</name>
            <title>API Success</title>
            <labels/>
            <parameters/>
            <steps>
                <step start='1709039591081' status='undefined'>
                    <name>Values passed:"{\"sender\":\"No-reply@actioncentral.com\",\"recipient\":[\"swati@signalscout.io\"],\"template\":\"SRNotification\",\"template_data\":\"{ \\\"request_type\\\":\\\"Rush\\\", \\\"client_order_id\\\": \\\"OrderNY-ABC_02\\\", \\\"email\\\": sverma@actiontitleresearch.com}\"}"</name>
                    <title>Values passed:"{\"sender\":\"No-reply@actioncentral.com\",\"recipient\":[\"swati@signalscout.io\"],\"template\":\"SRNotification\",\"template_data\":\"{ \\\"request_type\\\":\\\"Rush\\\", \\\"client_order_id\\\": \\\"OrderNY-ABC_02\\\", \\\"email\\\": sverma@actiontitleresearch.com}\"}"</title>
                    <attachments/>
                    <steps/>
                </step>
            </steps>
            <attachments/>
            <failure>
                <message>Error: Error: expect(received).toBe(expected) // Object.is equality
                
                Expected: "Email Sent Successfully To All Recipients"
                Received: undefined</message>
                <stack-trace>Error: Error: expect(received).toBe(expected) // Object.is equality
                
                Expected: "Email Sent Successfully To All Recipients"
                Received: undefined
                    at Object.&lt;anonymous> (/home/devtrust/Project/QA-API-Automation-Testing/test/SES/send_email_250_sandbox.test.js:39:13)
                    at processTicksAndRejections (node:internal/process/task_queues:95:5)</stack-trace>
            </failure>
        </test-case>
        <test-case start='1709039591608' status='failed' stop='1709039592115'>
            <name>Sender is missing</name>
            <title>Sender is missing</title>
            <labels/>
            <parameters/>
            <steps>
                <step start='1709039591609' status='undefined'>
                    <name>Values passed:"{\"sender\":\"\",\"recipient\":[\"swati@signalscout.io\"],\"template\":\"SRNotification\",\"template_data\":\"{ \\\"request_type\\\":\\\"Rush\\\", \\\"client_order_id\\\": \\\"OrderNY-ABC_02\\\", \\\"email\\\": sverma@actiontitleresearch.com}\"}"</name>
                    <title>Values passed:"{\"sender\":\"\",\"recipient\":[\"swati@signalscout.io\"],\"template\":\"SRNotification\",\"template_data\":\"{ \\\"request_type\\\":\\\"Rush\\\", \\\"client_order_id\\\": \\\"OrderNY-ABC_02\\\", \\\"email\\\": sverma@actiontitleresearch.com}\"}"</title>
                    <attachments/>
                    <steps/>
                </step>
            </steps>
            <attachments/>
            <failure>
                <message>Error: TypeError: Cannot read properties of undefined (reading 'errorType')</message>
                <stack-trace>Error: TypeError: Cannot read properties of undefined (reading 'errorType')
                    at Object.&lt;anonymous> (/home/devtrust/Project/QA-API-Automation-Testing/test/SES/send_email_250_sandbox.test.js:63:13)
                    at processTicksAndRejections (node:internal/process/task_queues:95:5)</stack-trace>
            </failure>
        </test-case>
        <test-case start='1709039592115' status='failed' stop='1709039593059'>
            <name>recipient is missing</name>
            <title>recipient is missing</title>
            <labels/>
            <parameters/>
            <steps>
                <step start='1709039592116' status='undefined'>
                    <name>Values passed:"{\"sender\":\"No-reply@actioncentral.com\",\"recipient\":[\"\"],\"template\":\"SRNotification\",\"template_data\":\"{ \\\"request_type\\\":\\\"Rush\\\", \\\"client_order_id\\\": \\\"OrderNY-ABC_02\\\", \\\"email\\\": sverma@actiontitleresearch.com}\"}"</name>
                    <title>Values passed:"{\"sender\":\"No-reply@actioncentral.com\",\"recipient\":[\"\"],\"template\":\"SRNotification\",\"template_data\":\"{ \\\"request_type\\\":\\\"Rush\\\", \\\"client_order_id\\\": \\\"OrderNY-ABC_02\\\", \\\"email\\\": sverma@actiontitleresearch.com}\"}"</title>
                    <attachments/>
                    <steps/>
                </step>
            </steps>
            <attachments/>
            <failure>
                <message>Error: TypeError: Cannot read properties of undefined (reading 'errorType')</message>
                <stack-trace>Error: TypeError: Cannot read properties of undefined (reading 'errorType')
                    at Object.&lt;anonymous> (/home/devtrust/Project/QA-API-Automation-Testing/test/SES/send_email_250_sandbox.test.js:90:13)
                    at processTicksAndRejections (node:internal/process/task_queues:95:5)</stack-trace>
            </failure>
        </test-case>
        <test-case start='1709039593059' status='failed' stop='1709039593577'>
            <name>template is missing</name>
            <title>template is missing</title>
            <labels/>
            <parameters/>
            <steps>
                <step start='1709039593059' status='undefined'>
                    <name>Values passed:"{\"sender\":\"No-reply@actioncentral.com\",\"recipient\":[\"swati@signalscout.io\"],\"template\":\"\",\"template_data\":\"{ \\\"request_type\\\":\\\"Rush\\\", \\\"client_order_id\\\": \\\"OrderNY-ABC_02\\\", \\\"email\\\": sverma@actiontitleresearch.com}\"}"</name>
                    <title>Values passed:"{\"sender\":\"No-reply@actioncentral.com\",\"recipient\":[\"swati@signalscout.io\"],\"template\":\"\",\"template_data\":\"{ \\\"request_type\\\":\\\"Rush\\\", \\\"client_order_id\\\": \\\"OrderNY-ABC_02\\\", \\\"email\\\": sverma@actiontitleresearch.com}\"}"</title>
                    <attachments/>
                    <steps/>
                </step>
            </steps>
            <attachments/>
            <failure>
                <message>Error: TypeError: Cannot read properties of undefined (reading 'errorType')</message>
                <stack-trace>Error: TypeError: Cannot read properties of undefined (reading 'errorType')
                    at Object.&lt;anonymous> (/home/devtrust/Project/QA-API-Automation-Testing/test/SES/send_email_250_sandbox.test.js:117:13)
                    at processTicksAndRejections (node:internal/process/task_queues:95:5)</stack-trace>
            </failure>
        </test-case>
        <test-case start='1709039593577' status='failed' stop='1709039594516'>
            <name>Wrong template name is entered</name>
            <title>Wrong template name is entered</title>
            <labels/>
            <parameters/>
            <steps>
                <step start='1709039593578' status='undefined'>
                    <name>Values passed:"{\"sender\":\"No-reply@actioncentral.com\",\"recipient\":[\"swati@signalscout.io\"],\"template\":\"wdwdwd\",\"template_data\":\"{ \\\"request_type\\\":\\\"Rush\\\", \\\"client_order_id\\\": \\\"OrderNY-ABC_02\\\", \\\"email\\\": sverma@actiontitleresearch.com}\"}"</name>
                    <title>Values passed:"{\"sender\":\"No-reply@actioncentral.com\",\"recipient\":[\"swati@signalscout.io\"],\"template\":\"wdwdwd\",\"template_data\":\"{ \\\"request_type\\\":\\\"Rush\\\", \\\"client_order_id\\\": \\\"OrderNY-ABC_02\\\", \\\"email\\\": sverma@actiontitleresearch.com}\"}"</title>
                    <attachments/>
                    <steps/>
                </step>
            </steps>
            <attachments/>
            <failure>
                <message>Error: TypeError: Cannot read properties of undefined (reading 'errorType')</message>
                <stack-trace>Error: TypeError: Cannot read properties of undefined (reading 'errorType')
                    at Object.&lt;anonymous> (/home/devtrust/Project/QA-API-Automation-Testing/test/SES/send_email_250_sandbox.test.js:141:13)
                    at processTicksAndRejections (node:internal/process/task_queues:95:5)</stack-trace>
            </failure>
        </test-case>
        <test-case start='1709039594516' status='failed' stop='1709039595456'>
            <name>template_data is empty</name>
            <title>template_data is empty</title>
            <labels/>
            <parameters/>
            <steps>
                <step start='1709039594517' status='undefined'>
                    <name>Values passed:"{\"sender\":\"No-reply@actioncentral.com\",\"recipient\":[\"swati@signalscout.io\"],\"template\":\"SRNotification\",\"template_data\":\"\"}"</name>
                    <title>Values passed:"{\"sender\":\"No-reply@actioncentral.com\",\"recipient\":[\"swati@signalscout.io\"],\"template\":\"SRNotification\",\"template_data\":\"\"}"</title>
                    <attachments/>
                    <steps/>
                </step>
            </steps>
            <attachments/>
            <failure>
                <message>Error: TypeError: Cannot read properties of undefined (reading 'errorType')</message>
                <stack-trace>Error: TypeError: Cannot read properties of undefined (reading 'errorType')
                    at Object.&lt;anonymous> (/home/devtrust/Project/QA-API-Automation-Testing/test/SES/send_email_250_sandbox.test.js:165:13)
                    at processTicksAndRejections (node:internal/process/task_queues:95:5)</stack-trace>
            </failure>
        </test-case>
        <test-case start='1709039595456' status='failed' stop='1709039596393'>
            <name>template_data is invalid</name>
            <title>template_data is invalid</title>
            <labels/>
            <parameters/>
            <steps>
                <step start='1709039595457' status='undefined'>
                    <name>Values passed:"{\"sender\":\"No-reply@actioncentral.com\",\"recipient\":[\"swati@signalscout.io\"],\"template\":\"SRNotification\",\"template_data\":\"sadsdsd\"}"</name>
                    <title>Values passed:"{\"sender\":\"No-reply@actioncentral.com\",\"recipient\":[\"swati@signalscout.io\"],\"template\":\"SRNotification\",\"template_data\":\"sadsdsd\"}"</title>
                    <attachments/>
                    <steps/>
                </step>
            </steps>
            <attachments/>
            <failure>
                <message>Error: TypeError: Cannot read properties of undefined (reading 'errorType')</message>
                <stack-trace>Error: TypeError: Cannot read properties of undefined (reading 'errorType')
                    at Object.&lt;anonymous> (/home/devtrust/Project/QA-API-Automation-Testing/test/SES/send_email_250_sandbox.test.js:190:13)
                    at processTicksAndRejections (node:internal/process/task_queues:95:5)</stack-trace>
            </failure>
        </test-case>
    </test-cases>
</ns2:test-suite>