<?xml version='1.0'?>
<ns2:test-suite xmlns:ns2='urn:model.allure.qatools.yandex.ru' start='1707832993342' stop='1707833024861'>
    <name>test/Docgen/Docgen_Download_PDF.test.js</name>
    <title>test/Docgen/Docgen_Download_PDF.test.js</title>
    <test-cases>
        <test-case start='1707832993342' status='failed' stop='1707833023102'>
            <name>API Success</name>
            <title>API Success</title>
            <labels/>
            <parameters/>
            <steps>
                <step start='1707832993343' status='undefined'>
                    <name>Values passed:"{\"documents\":[\"/data/Transaction_Documents/120000/121927/GTS-50422~Invoice.pdf\"],\"authKey\":\"d68c908ad8a31c3963f42181f932458461e5a379\"}"</name>
                    <title>Values passed:"{\"documents\":[\"/data/Transaction_Documents/120000/121927/GTS-50422~Invoice.pdf\"],\"authKey\":\"d68c908ad8a31c3963f42181f932458461e5a379\"}"</title>
                    <attachments/>
                    <steps/>
                </step>
            </steps>
            <attachments/>
            <failure>
                <message>Error: Error: expect(received).toBe(expected) // Object.is equality
                
                Expected: 500
                Received: undefined</message>
                <stack-trace>Error: Error: expect(received).toBe(expected) // Object.is equality
                
                Expected: 500
                Received: undefined
                    at Object.&lt;anonymous> (/home/devtrust/Project/QA-API-Automation-Testing/test/Docgen/Docgen_Download_PDF.test.js:31:15)
                    at processTicksAndRejections (node:internal/process/task_queues:95:5)</stack-trace>
            </failure>
        </test-case>
        <test-case start='1707833023103' status='failed' stop='1707833024022'>
            <name>Auth key is missing|| Wrong API key</name>
            <title>Auth key is missing|| Wrong API key</title>
            <labels/>
            <parameters/>
            <steps>
                <step start='1707833023104' status='undefined'>
                    <name>Values passed:"{\"documents\":[\"/data/Transaction_Documents/120000/121927/GTS-50422~Invoice.pdf\"],\"authKey\":\"\"}"</name>
                    <title>Values passed:"{\"documents\":[\"/data/Transaction_Documents/120000/121927/GTS-50422~Invoice.pdf\"],\"authKey\":\"\"}"</title>
                    <attachments/>
                    <steps/>
                </step>
            </steps>
            <attachments/>
            <failure>
                <message>Error: Response is not in valid json format</message>
                <stack-trace>Error: Response is not in valid json format
                    at Object.&lt;anonymous> (/home/devtrust/Project/QA-API-Automation-Testing/test/Docgen/Docgen_Download_PDF.test.js:53:17)
                    at processTicksAndRejections (node:internal/process/task_queues:95:5)</stack-trace>
            </failure>
        </test-case>
        <test-case start='1707833024022' status='failed' stop='1707833024849'>
            <name>Plain text received as response</name>
            <title>Plain text received as response</title>
            <labels/>
            <parameters/>
            <steps>
                <step start='1707833024022' status='undefined'>
                    <name>Values passed:"{\"documents\":[\"/data/Transaction_Documents/120000/121927/GTS-50422~Invoice.pdf\"],\"authKey\":\"\"}"</name>
                    <title>Values passed:"{\"documents\":[\"/data/Transaction_Documents/120000/121927/GTS-50422~Invoice.pdf\"],\"authKey\":\"\"}"</title>
                    <attachments/>
                    <steps/>
                </step>
            </steps>
            <attachments/>
            <failure>
                <message>Error: Response is not in valid json format</message>
                <stack-trace>Error: Response is not in valid json format
                    at Object.&lt;anonymous> (/home/devtrust/Project/QA-API-Automation-Testing/test/Docgen/Docgen_Download_PDF.test.js:75:15)
                    at processTicksAndRejections (node:internal/process/task_queues:95:5)</stack-trace>
            </failure>
        </test-case>
    </test-cases>
</ns2:test-suite>