<?xml version='1.0'?>
<ns2:test-suite xmlns:ns2='urn:model.allure.qatools.yandex.ru' start='1709039672089' stop='1709039673643'>
    <name>test/New_Order_Flow/reset_password.test.js</name>
    <title>test/New_Order_Flow/reset_password.test.js</title>
    <test-cases>
        <test-case start='1709039672090' status='failed' stop='1709039672581'>
            <name>API Success</name>
            <title>API Success</title>
            <labels/>
            <parameters/>
            <steps>
                <step start='1709039672090' status='undefined'>
                    <name>Values passed:"{\"username\":\"sverma@actiontitleresearch.com\"}"</name>
                    <title>Values passed:"{\"username\":\"sverma@actiontitleresearch.com\"}"</title>
                    <attachments/>
                    <steps/>
                </step>
            </steps>
            <attachments/>
            <failure>
                <message>Error: TypeError: Cannot read properties of undefined (reading 'HTTPStatusCode')</message>
                <stack-trace>Error: TypeError: Cannot read properties of undefined (reading 'HTTPStatusCode')
                    at Object.&lt;anonymous> (/home/devtrust/Project/QA-API-Automation-Testing/test/New_Order_Flow/reset_password.test.js:29:15)
                    at processTicksAndRejections (node:internal/process/task_queues:95:5)</stack-trace>
            </failure>
        </test-case>
        <test-case start='1709039672581' status='failed' stop='1709039673121'>
            <name>username is wrong</name>
            <title>username is wrong</title>
            <labels/>
            <parameters/>
            <steps>
                <step start='1709039672581' status='undefined'>
                    <name>Values passed:"{\"username\":\"sverma@actiontitleresearch.comdfhdjfh\"}"</name>
                    <title>Values passed:"{\"username\":\"sverma@actiontitleresearch.comdfhdjfh\"}"</title>
                    <attachments/>
                    <steps/>
                </step>
            </steps>
            <attachments/>
            <failure>
                <message>Error: Error: expect(received).toBe(expected) // Object.is equality
                
                Expected: 500
                Received: undefined</message>
                <stack-trace>Error: Error: expect(received).toBe(expected) // Object.is equality
                
                Expected: 500
                Received: undefined
                    at Object.&lt;anonymous> (/home/devtrust/Project/QA-API-Automation-Testing/test/New_Order_Flow/reset_password.test.js:48:15)
                    at processTicksAndRejections (node:internal/process/task_queues:95:5)</stack-trace>
            </failure>
        </test-case>
        <test-case start='1709039673121' status='failed' stop='1709039673636'>
            <name>username is empty</name>
            <title>username is empty</title>
            <labels/>
            <parameters/>
            <steps>
                <step start='1709039673121' status='undefined'>
                    <name>Values passed:"{\"username\":\"\"}"</name>
                    <title>Values passed:"{\"username\":\"\"}"</title>
                    <attachments/>
                    <steps/>
                </step>
            </steps>
            <attachments/>
            <failure>
                <message>Error: Error: expect(received).toBe(expected) // Object.is equality
                
                Expected: 500
                Received: undefined</message>
                <stack-trace>Error: Error: expect(received).toBe(expected) // Object.is equality
                
                Expected: 500
                Received: undefined
                    at Object.&lt;anonymous> (/home/devtrust/Project/QA-API-Automation-Testing/test/New_Order_Flow/reset_password.test.js:68:15)
                    at processTicksAndRejections (node:internal/process/task_queues:95:5)</stack-trace>
            </failure>
        </test-case>
    </test-cases>
</ns2:test-suite>