<?xml version='1.0'?>
<ns2:test-suite xmlns:ns2='urn:model.allure.qatools.yandex.ru' start='1705065245036' stop='1705065255987'>
    <name>test/_Ramquest/Webhook_Validate_Order_Copy.test.js</name>
    <title>test/_Ramquest/Webhook_Validate_Order_Copy.test.js</title>
    <test-cases>
        <test-case start='1705065245036' status='passed' stop='1705065247765'>
            <name>API Success</name>
            <title>API Success</title>
            <labels/>
            <parameters/>
            <steps/>
            <attachments/>
        </test-case>
        <test-case start='1705065247766' status='failed' stop='1705065249047'>
            <name>Plain text received as response</name>
            <title>Plain text received as response</title>
            <labels/>
            <parameters/>
            <steps/>
            <attachments/>
            <failure>
                <message>Error: Response is not in valid json format</message>
                <stack-trace>Error: Response is not in valid json format
                    at Object.&lt;anonymous> (/home/devtrust/Project/QA-API-Automation-Testing/test/_Ramquest/Webhook_Validate_Order_Copy.test.js:39:17)
                    at processTicksAndRejections (node:internal/process/task_queues:95:5)</stack-trace>
            </failure>
        </test-case>
        <test-case start='1705065249047' status='failed' stop='1705065250547'>
            <name>orderId is missing</name>
            <title>orderId is missing</title>
            <labels/>
            <parameters/>
            <steps/>
            <attachments/>
            <failure>
                <message>Error: Response is not in valid json format</message>
                <stack-trace>Error: Response is not in valid json format
                    at Object.&lt;anonymous> (/home/devtrust/Project/QA-API-Automation-Testing/test/_Ramquest/Webhook_Validate_Order_Copy.test.js:58:17)
                    at processTicksAndRejections (node:internal/process/task_queues:95:5)</stack-trace>
            </failure>
        </test-case>
        <test-case start='1705065250547' status='passed' stop='1705065252036'>
            <name>invalid orderId </name>
            <title>invalid orderId </title>
            <labels/>
            <parameters/>
            <steps/>
            <attachments/>
        </test-case>
        <test-case start='1705065252037' status='failed' stop='1705065253569'>
            <name>serviceId is missing</name>
            <title>serviceId is missing</title>
            <labels/>
            <parameters/>
            <steps/>
            <attachments/>
            <failure>
                <message>Error: Response is not in valid json format</message>
                <stack-trace>Error: Response is not in valid json format
                    at Object.&lt;anonymous> (/home/devtrust/Project/QA-API-Automation-Testing/test/_Ramquest/Webhook_Validate_Order_Copy.test.js:97:17)
                    at processTicksAndRejections (node:internal/process/task_queues:95:5)</stack-trace>
            </failure>
        </test-case>
        <test-case start='1705065253569' status='passed' stop='1705065254642'>
            <name>invalid serviceId </name>
            <title>invalid serviceId </title>
            <labels/>
            <parameters/>
            <steps/>
            <attachments/>
        </test-case>
        <test-case start='1705065254643' status='failed' stop='1705065255936'>
            <name>note is missing</name>
            <title>note is missing</title>
            <labels/>
            <parameters/>
            <steps/>
            <attachments/>
            <failure>
                <message>Error: Response is not in valid json format</message>
                <stack-trace>Error: Response is not in valid json format
                    at Object.&lt;anonymous> (/home/devtrust/Project/QA-API-Automation-Testing/test/_Ramquest/Webhook_Validate_Order_Copy.test.js:134:17)
                    at processTicksAndRejections (node:internal/process/task_queues:95:5)</stack-trace>
            </failure>
        </test-case>
    </test-cases>
</ns2:test-suite>