<?xml version='1.0'?>
<ns2:test-suite xmlns:ns2='urn:model.allure.qatools.yandex.ru' start='1705065261990' stop='1705065272632'>
    <name>test/BackOffice/File_Download.test.js</name>
    <title>test/BackOffice/File_Download.test.js</title>
    <test-cases>
        <test-case start='1705065261990' status='passed' stop='1705065265494'>
            <name>API Success</name>
            <title>API Success</title>
            <labels/>
            <parameters/>
            <steps/>
            <attachments/>
        </test-case>
        <test-case start='1705065265494' status='failed' stop='1705065266291'>
            <name>authKeyMissing || Invalid Auth key</name>
            <title>authKeyMissing || Invalid Auth key</title>
            <labels/>
            <parameters/>
            <steps/>
            <attachments/>
            <failure>
                <message>Error: Response is not in valid json format</message>
                <stack-trace>Error: Response is not in valid json format
                    at Object.&lt;anonymous> (/home/devtrust/Project/QA-API-Automation-Testing/test/BackOffice/File_Download.test.js:38:15)
                    at processTicksAndRejections (node:internal/process/task_queues:95:5)</stack-trace>
            </failure>
        </test-case>
        <test-case start='1705065266291' status='failed' stop='1705065267058'>
            <name>Bad Request</name>
            <title>Bad Request</title>
            <labels/>
            <parameters/>
            <steps/>
            <attachments/>
            <failure>
                <message>Error: Response is not in valid json format</message>
                <stack-trace>Error: Response is not in valid json format
                    at Object.&lt;anonymous> (/home/devtrust/Project/QA-API-Automation-Testing/test/BackOffice/File_Download.test.js:50:13)
                    at processTicksAndRejections (node:internal/process/task_queues:95:5)</stack-trace>
            </failure>
        </test-case>
        <test-case start='1705065267058' status='passed' stop='1705065268148'>
            <name>invalid appId or missing appId</name>
            <title>invalid appId or missing appId</title>
            <labels/>
            <parameters/>
            <steps/>
            <attachments/>
        </test-case>
        <test-case start='1705065268148' status='passed' stop='1705065269255'>
            <name>invalid appPass or missing appPass</name>
            <title>invalid appPass or missing appPass</title>
            <labels/>
            <parameters/>
            <steps/>
            <attachments/>
        </test-case>
        <test-case start='1705065269255' status='passed' stop='1705065270387'>
            <name>invalid appUsername or missing appUsername</name>
            <title>invalid appUsername or missing appUsername</title>
            <labels/>
            <parameters/>
            <steps/>
            <attachments/>
        </test-case>
        <test-case start='1705065270387' status='passed' stop='1705065271489'>
            <name>invalid fileName or missing fileName</name>
            <title>invalid fileName or missing fileName</title>
            <labels/>
            <parameters/>
            <steps/>
            <attachments/>
        </test-case>
        <test-case start='1705065271489' status='passed' stop='1705065272616'>
            <name>invalid recId or missing recId</name>
            <title>invalid recId or missing recId</title>
            <labels/>
            <parameters/>
            <steps/>
            <attachments/>
        </test-case>
    </test-cases>
</ns2:test-suite>