<?xml version='1.0'?>
<ns2:test-suite xmlns:ns2='urn:model.allure.qatools.yandex.ru' start='1707832981876' stop='1707832985604'>
    <name>test/UAT_Cognito/AuthService_Retrieve_User.test.js</name>
    <title>test/UAT_Cognito/AuthService_Retrieve_User.test.js</title>
    <test-cases>
        <test-case start='1707832981876' status='failed' stop='1707832982926'>
            <name>Api success</name>
            <title>Api success</title>
            <labels/>
            <parameters/>
            <steps>
                <step start='1707832981878' status='undefined'>
                    <name>Values passed:""</name>
                    <title>Values passed:""</title>
                    <attachments/>
                    <steps/>
                </step>
            </steps>
            <attachments/>
            <failure>
                <message>Error: TypeError: Cannot read properties of undefined (reading 'statusCode')</message>
                <stack-trace>Error: TypeError: Cannot read properties of undefined (reading 'statusCode')
                    at Object.&lt;anonymous> (/home/devtrust/Project/QA-API-Automation-Testing/test/UAT_Cognito/AuthService_Retrieve_User.test.js:26:13)
                    at processTicksAndRejections (node:internal/process/task_queues:95:5)</stack-trace>
            </failure>
        </test-case>
        <test-case start='1707832982926' status='failed' stop='1707832983438'>
            <name>email not found</name>
            <title>email not found</title>
            <labels/>
            <parameters/>
            <steps>
                <step start='1707832982927' status='undefined'>
                    <name>Values passed:""</name>
                    <title>Values passed:""</title>
                    <attachments/>
                    <steps/>
                </step>
            </steps>
            <attachments/>
            <failure>
                <message>Error: Error: expect(received).toBe(expected) // Object.is equality
                
                Expected: "User not found for the provided email."
                Received: "Invalid Session"</message>
                <stack-trace>Error: Error: expect(received).toBe(expected) // Object.is equality
                
                Expected: "User not found for the provided email."
                Received: "Invalid Session"
                    at Object.&lt;anonymous> (/home/devtrust/Project/QA-API-Automation-Testing/test/UAT_Cognito/AuthService_Retrieve_User.test.js:49:13)
                    at processTicksAndRejections (node:internal/process/task_queues:95:5)</stack-trace>
            </failure>
        </test-case>
        <test-case start='1707832983438' status='failed' stop='1707832984511'>
            <name>only email attributes is passed</name>
            <title>only email attributes is passed</title>
            <labels/>
            <parameters/>
            <steps>
                <step start='1707832983438' status='undefined'>
                    <name>Values passed:""</name>
                    <title>Values passed:""</title>
                    <attachments/>
                    <steps/>
                </step>
            </steps>
            <attachments/>
            <failure>
                <message>Error: TypeError: Cannot read properties of undefined (reading 'statusCode')</message>
                <stack-trace>Error: TypeError: Cannot read properties of undefined (reading 'statusCode')
                    at Object.&lt;anonymous> (/home/devtrust/Project/QA-API-Automation-Testing/test/UAT_Cognito/AuthService_Retrieve_User.test.js:72:13)
                    at processTicksAndRejections (node:internal/process/task_queues:95:5)</stack-trace>
            </failure>
        </test-case>
        <test-case start='1707832984511' status='failed' stop='1707832985582'>
            <name>invalid email is passed</name>
            <title>invalid email is passed</title>
            <labels/>
            <parameters/>
            <steps>
                <step start='1707832984512' status='undefined'>
                    <name>Values passed:""</name>
                    <title>Values passed:""</title>
                    <attachments/>
                    <steps/>
                </step>
            </steps>
            <attachments/>
            <failure>
                <message>Error: Error: expect(received).toBe(expected) // Object.is equality
                
                Expected: "User not found for the provided email."
                Received: "Invalid Session"</message>
                <stack-trace>Error: Error: expect(received).toBe(expected) // Object.is equality
                
                Expected: "User not found for the provided email."
                Received: "Invalid Session"
                    at Object.&lt;anonymous> (/home/devtrust/Project/QA-API-Automation-Testing/test/UAT_Cognito/AuthService_Retrieve_User.test.js:93:13)
                    at processTicksAndRejections (node:internal/process/task_queues:95:5)</stack-trace>
            </failure>
        </test-case>
    </test-cases>
</ns2:test-suite>