<?xml version='1.0'?>
<ns2:test-suite xmlns:ns2='urn:model.allure.qatools.yandex.ru' start='1707488370090' stop='1707488374490'>
    <name>test/SES/send_email_250_sandbox.test.js</name>
    <title>test/SES/send_email_250_sandbox.test.js</title>
    <test-cases>
        <test-case start='1707488370090' status='failed' stop='1707488370624'>
            <name>API Success</name>
            <title>API Success</title>
            <labels/>
            <parameters/>
            <steps/>
            <attachments/>
            <failure>
                <message>Error: Error: expect(received).toBe(expected) // Object.is equality
                
                Expected: "Email Sent Successfully To All Recipients"
                Received: undefined</message>
                <stack-trace>Error: Error: expect(received).toBe(expected) // Object.is equality
                
                Expected: "Email Sent Successfully To All Recipients"
                Received: undefined
                    at Object.&lt;anonymous> (/home/devtrust/Project/QA-API-Automation-Testing/test/SES/send_email_250_sandbox.test.js:34:15)
                    at processTicksAndRejections (node:internal/process/task_queues:95:5)</stack-trace>
            </failure>
        </test-case>
        <test-case start='1707488370624' status='failed' stop='1707488371157'>
            <name>Sender is missing</name>
            <title>Sender is missing</title>
            <labels/>
            <parameters/>
            <steps/>
            <attachments/>
            <failure>
                <message>Error: TypeError: Cannot read properties of undefined (reading 'errorType')</message>
                <stack-trace>Error: TypeError: Cannot read properties of undefined (reading 'errorType')
                    at Object.&lt;anonymous> (/home/devtrust/Project/QA-API-Automation-Testing/test/SES/send_email_250_sandbox.test.js:53:15)
                    at processTicksAndRejections (node:internal/process/task_queues:95:5)</stack-trace>
            </failure>
        </test-case>
        <test-case start='1707488371157' status='failed' stop='1707488371659'>
            <name>recipient is missing</name>
            <title>recipient is missing</title>
            <labels/>
            <parameters/>
            <steps/>
            <attachments/>
            <failure>
                <message>Error: TypeError: Cannot read properties of undefined (reading 'errorType')</message>
                <stack-trace>Error: TypeError: Cannot read properties of undefined (reading 'errorType')
                    at Object.&lt;anonymous> (/home/devtrust/Project/QA-API-Automation-Testing/test/SES/send_email_250_sandbox.test.js:75:15)
                    at processTicksAndRejections (node:internal/process/task_queues:95:5)</stack-trace>
            </failure>
        </test-case>
        <test-case start='1707488371660' status='failed' stop='1707488372575'>
            <name>template is missing</name>
            <title>template is missing</title>
            <labels/>
            <parameters/>
            <steps/>
            <attachments/>
            <failure>
                <message>Error: TypeError: Cannot read properties of undefined (reading 'errorType')</message>
                <stack-trace>Error: TypeError: Cannot read properties of undefined (reading 'errorType')
                    at Object.&lt;anonymous> (/home/devtrust/Project/QA-API-Automation-Testing/test/SES/send_email_250_sandbox.test.js:97:15)
                    at processTicksAndRejections (node:internal/process/task_queues:95:5)</stack-trace>
            </failure>
        </test-case>
        <test-case start='1707488372575' status='failed' stop='1707488373472'>
            <name>Wrong template name is entered</name>
            <title>Wrong template name is entered</title>
            <labels/>
            <parameters/>
            <steps/>
            <attachments/>
            <failure>
                <message>Error: TypeError: Cannot read properties of undefined (reading 'errorType')</message>
                <stack-trace>Error: TypeError: Cannot read properties of undefined (reading 'errorType')
                    at Object.&lt;anonymous> (/home/devtrust/Project/QA-API-Automation-Testing/test/SES/send_email_250_sandbox.test.js:116:15)
                    at processTicksAndRejections (node:internal/process/task_queues:95:5)</stack-trace>
            </failure>
        </test-case>
        <test-case start='1707488373472' status='failed' stop='1707488373987'>
            <name>template_data is empty</name>
            <title>template_data is empty</title>
            <labels/>
            <parameters/>
            <steps/>
            <attachments/>
            <failure>
                <message>Error: TypeError: Cannot read properties of undefined (reading 'errorType')</message>
                <stack-trace>Error: TypeError: Cannot read properties of undefined (reading 'errorType')
                    at Object.&lt;anonymous> (/home/devtrust/Project/QA-API-Automation-Testing/test/SES/send_email_250_sandbox.test.js:135:15)
                    at processTicksAndRejections (node:internal/process/task_queues:95:5)</stack-trace>
            </failure>
        </test-case>
        <test-case start='1707488373988' status='failed' stop='1707488374470'>
            <name>template_data is invalid</name>
            <title>template_data is invalid</title>
            <labels/>
            <parameters/>
            <steps/>
            <attachments/>
            <failure>
                <message>Error: TypeError: Cannot read properties of undefined (reading 'errorType')</message>
                <stack-trace>Error: TypeError: Cannot read properties of undefined (reading 'errorType')
                    at Object.&lt;anonymous> (/home/devtrust/Project/QA-API-Automation-Testing/test/SES/send_email_250_sandbox.test.js:155:15)
                    at processTicksAndRejections (node:internal/process/task_queues:95:5)</stack-trace>
            </failure>
        </test-case>
    </test-cases>
</ns2:test-suite>