<?xml version='1.0'?>
<ns2:test-suite xmlns:ns2='urn:model.allure.qatools.yandex.ru' start='1705065273004' stop='1705065280529'>
    <name>test/BackOffice/List_Jobs.test.js</name>
    <title>test/BackOffice/List_Jobs.test.js</title>
    <test-cases>
        <test-case start='1705065273004' status='passed' stop='1705065275337'>
            <name>API Success</name>
            <title>API Success</title>
            <labels/>
            <parameters/>
            <steps/>
            <attachments/>
        </test-case>
        <test-case start='1705065275337' status='failed' stop='1705065276098'>
            <name>Auth Key is missing ||invalid Auth Key</name>
            <title>Auth Key is missing ||invalid Auth Key</title>
            <labels/>
            <parameters/>
            <steps/>
            <attachments/>
            <failure>
                <message>Error: Response is not in valid json format</message>
                <stack-trace>Error: Response is not in valid json format
                    at Object.&lt;anonymous> (/home/devtrust/Project/QA-API-Automation-Testing/test/BackOffice/List_Jobs.test.js:30:13)
                    at processTicksAndRejections (node:internal/process/task_queues:95:5)</stack-trace>
            </failure>
        </test-case>
        <test-case start='1705065276098' status='failed' stop='1705065276870'>
            <name>Plain text received as response</name>
            <title>Plain text received as response</title>
            <labels/>
            <parameters/>
            <steps/>
            <attachments/>
            <failure>
                <message>Error: Response is not in valid json format</message>
                <stack-trace>Error: Response is not in valid json format
                    at Object.&lt;anonymous> (/home/devtrust/Project/QA-API-Automation-Testing/test/BackOffice/List_Jobs.test.js:43:13)
                    at processTicksAndRejections (node:internal/process/task_queues:95:5)</stack-trace>
            </failure>
        </test-case>
        <test-case start='1705065276871' status='passed' stop='1705065278217'>
            <name>Appid is invalid or empty</name>
            <title>Appid is invalid or empty</title>
            <labels/>
            <parameters/>
            <steps/>
            <attachments/>
        </test-case>
        <test-case start='1705065278217' status='passed' stop='1705065279310'>
            <name>appPass is invalid or empty</name>
            <title>appPass is invalid or empty</title>
            <labels/>
            <parameters/>
            <steps/>
            <attachments/>
        </test-case>
        <test-case start='1705065279310' status='passed' stop='1705065280518'>
            <name>appUsername is invalid or empty</name>
            <title>appUsername is invalid or empty</title>
            <labels/>
            <parameters/>
            <steps/>
            <attachments/>
        </test-case>
    </test-cases>
</ns2:test-suite>