<?xml version='1.0'?>
<ns2:test-suite xmlns:ns2='urn:model.allure.qatools.yandex.ru' start='1707488378834' stop='1707488382218'>
    <name>test/_Accutitle/Order_Normalizer.test.js</name>
    <title>test/_Accutitle/Order_Normalizer.test.js</title>
    <test-cases>
        <test-case start='1707488378834' status='failed' stop='1707488379616'>
            <name>API Success</name>
            <title>API Success</title>
            <labels/>
            <parameters/>
            <steps>
                <step start='1707488378835' status='undefined'>
                    <name>getting response from api</name>
                    <title>getting response from api</title>
                    <attachments/>
                    <steps/>
                </step>
            </steps>
            <attachments/>
            <failure>
                <message>Error: TypeError: Cannot read properties of undefined (reading 'order')</message>
                <stack-trace>Error: TypeError: Cannot read properties of undefined (reading 'order')
                    at Object.&lt;anonymous> (/home/devtrust/Project/QA-API-Automation-Testing/test/_Accutitle/Order_Normalizer.test.js:23:11)
                    at processTicksAndRejections (node:internal/process/task_queues:95:5)</stack-trace>
            </failure>
        </test-case>
        <test-case start='1707488379616' status='failed' stop='1707488380227'>
            <name>Order is blank</name>
            <title>Order is blank</title>
            <labels/>
            <parameters/>
            <steps>
                <step start='1707488379616' status='undefined'>
                    <name>getting response from api</name>
                    <title>getting response from api</title>
                    <attachments/>
                    <steps/>
                </step>
            </steps>
            <attachments/>
            <failure>
                <message>Error: Error: expect(received).toBe(expected) // Object.is equality
                
                - Expected  - 2
                + Received  + 1
                
                - Invalid data or url or filepath argument: 
                - no element found: line 1, column 0
                + Invalid Session</message>
                <stack-trace>Error: Error: expect(received).toBe(expected) // Object.is equality
                
                - Expected  - 2
                + Received  + 1
                
                - Invalid data or url or filepath argument: 
                - no element found: line 1, column 0
                + Invalid Session
                    at Object.&lt;anonymous> (/home/devtrust/Project/QA-API-Automation-Testing/test/_Accutitle/Order_Normalizer.test.js:45:11)
                    at processTicksAndRejections (node:internal/process/task_queues:95:5)</stack-trace>
            </failure>
        </test-case>
        <test-case start='1707488380227' status='failed' stop='1707488380762'>
            <name>BAD Request</name>
            <title>BAD Request</title>
            <labels/>
            <parameters/>
            <steps>
                <step start='1707488380227' status='undefined'>
                    <name>getting response from api</name>
                    <title>getting response from api</title>
                    <attachments/>
                    <steps/>
                </step>
            </steps>
            <attachments/>
            <failure>
                <message>Error: Error: expect(received).toBe(expected) // Object.is equality
                
                Expected: "'order'"
                Received: "Invalid Session"</message>
                <stack-trace>Error: Error: expect(received).toBe(expected) // Object.is equality
                
                Expected: "'order'"
                Received: "Invalid Session"
                    at Object.&lt;anonymous> (/home/devtrust/Project/QA-API-Automation-Testing/test/_Accutitle/Order_Normalizer.test.js:62:11)
                    at processTicksAndRejections (node:internal/process/task_queues:95:5)</stack-trace>
            </failure>
        </test-case>
        <test-case start='1707488380762' status='passed' stop='1707488381686'>
            <name>Invalid session</name>
            <title>Invalid session</title>
            <labels>
                <label name='testId' value='API Endpoint-/services/normalize/accutitle'/>
            </labels>
            <parameters/>
            <steps>
                <step start='1707488380762' status='passed' stop='1707488381685'>
                    <name>getting response from api</name>
                    <title>getting response from api</title>
                    <attachments/>
                    <steps/>
                </step>
            </steps>
            <attachments/>
            <description type='text'>Response message from API:Invalid Session</description>
        </test-case>
        <test-case start='1707488381686' status='failed' stop='1707488382203'>
            <name>Invalid order</name>
            <title>Invalid order</title>
            <labels/>
            <parameters/>
            <steps>
                <step start='1707488381686' status='undefined'>
                    <name>Values passed:"{\"order\":\"dfdss\"}"</name>
                    <title>Values passed:"{\"order\":\"dfdss\"}"</title>
                    <attachments/>
                    <steps/>
                </step>
            </steps>
            <attachments/>
            <failure>
                <message>Error: Error: expect(received).toBe(expected) // Object.is equality
                
                - Expected  - 2
                + Received  + 1
                
                - Invalid data or url or filepath argument: dfdss
                - syntax error: line 1, column 0
                + Invalid Session</message>
                <stack-trace>Error: Error: expect(received).toBe(expected) // Object.is equality
                
                - Expected  - 2
                + Received  + 1
                
                - Invalid data or url or filepath argument: dfdss
                - syntax error: line 1, column 0
                + Invalid Session
                    at Object.&lt;anonymous> (/home/devtrust/Project/QA-API-Automation-Testing/test/_Accutitle/Order_Normalizer.test.js:102:11)
                    at processTicksAndRejections (node:internal/process/task_queues:95:5)</stack-trace>
            </failure>
        </test-case>
    </test-cases>
</ns2:test-suite>