<?xml version='1.0'?>
<ns2:test-suite xmlns:ns2='urn:model.allure.qatools.yandex.ru' start='1709039574092' stop='1709039583778'>
    <name>test/Order/OrderService_Search.test.js</name>
    <title>test/Order/OrderService_Search.test.js</title>
    <test-cases>
        <test-case start='1709039574092' status='failed' stop='1709039575057'>
            <name>API Success</name>
            <title>API Success</title>
            <labels/>
            <parameters/>
            <steps/>
            <attachments/>
            <failure>
                <message>Error: TypeError: Cannot read properties of undefined (reading 'msg')</message>
                <stack-trace>Error: TypeError: Cannot read properties of undefined (reading 'msg')
                    at Object.&lt;anonymous> (/home/devtrust/Project/QA-API-Automation-Testing/test/Order/OrderService_Search.test.js:19:19)
                    at processTicksAndRejections (node:internal/process/task_queues:95:5)</stack-trace>
            </failure>
        </test-case>
        <test-case start='1709039575057' status='failed' stop='1709039576013'>
            <name>Status is changed to Hold</name>
            <title>Status is changed to Hold</title>
            <labels/>
            <parameters/>
            <steps/>
            <attachments/>
            <failure>
                <message>Error: TypeError: Cannot read properties of undefined (reading 'msg')</message>
                <stack-trace>Error: TypeError: Cannot read properties of undefined (reading 'msg')
                    at Object.&lt;anonymous> (/home/devtrust/Project/QA-API-Automation-Testing/test/Order/OrderService_Search.test.js:38:19)
                    at processTicksAndRejections (node:internal/process/task_queues:95:5)</stack-trace>
            </failure>
        </test-case>
        <test-case start='1709039576013' status='failed' stop='1709039576555'>
            <name>offset value is changed</name>
            <title>offset value is changed</title>
            <labels/>
            <parameters/>
            <steps/>
            <attachments/>
            <failure>
                <message>Error: TypeError: Cannot read properties of undefined (reading 'msg')</message>
                <stack-trace>Error: TypeError: Cannot read properties of undefined (reading 'msg')
                    at Object.&lt;anonymous> (/home/devtrust/Project/QA-API-Automation-Testing/test/Order/OrderService_Search.test.js:57:19)
                    at processTicksAndRejections (node:internal/process/task_queues:95:5)</stack-trace>
            </failure>
        </test-case>
        <test-case start='1709039576555' status='failed' stop='1709039577479'>
            <name>Limit value is changed</name>
            <title>Limit value is changed</title>
            <labels/>
            <parameters/>
            <steps/>
            <attachments/>
            <failure>
                <message>Error: TypeError: Cannot read properties of undefined (reading 'msg')</message>
                <stack-trace>Error: TypeError: Cannot read properties of undefined (reading 'msg')
                    at Object.&lt;anonymous> (/home/devtrust/Project/QA-API-Automation-Testing/test/Order/OrderService_Search.test.js:76:19)
                    at processTicksAndRejections (node:internal/process/task_queues:95:5)</stack-trace>
            </failure>
        </test-case>
        <test-case start='1709039577479' status='failed' stop='1709039578397'>
            <name>sort value is changed</name>
            <title>sort value is changed</title>
            <labels/>
            <parameters/>
            <steps/>
            <attachments/>
            <failure>
                <message>Error: TypeError: Cannot read properties of undefined (reading 'msg')</message>
                <stack-trace>Error: TypeError: Cannot read properties of undefined (reading 'msg')
                    at Object.&lt;anonymous> (/home/devtrust/Project/QA-API-Automation-Testing/test/Order/OrderService_Search.test.js:96:19)
                    at processTicksAndRejections (node:internal/process/task_queues:95:5)</stack-trace>
            </failure>
        </test-case>
        <test-case start='1709039578397' status='failed' stop='1709039579340'>
            <name>invalid value is passed to status</name>
            <title>invalid value is passed to status</title>
            <labels/>
            <parameters/>
            <steps/>
            <attachments/>
            <failure>
                <message>Error: TypeError: Cannot read properties of undefined (reading 'msg')</message>
                <stack-trace>Error: TypeError: Cannot read properties of undefined (reading 'msg')
                    at Object.&lt;anonymous> (/home/devtrust/Project/QA-API-Automation-Testing/test/Order/OrderService_Search.test.js:116:19)
                    at processTicksAndRejections (node:internal/process/task_queues:95:5)</stack-trace>
            </failure>
        </test-case>
        <test-case start='1709039579340' status='failed' stop='1709039580331'>
            <name>invalid value is passed to offset</name>
            <title>invalid value is passed to offset</title>
            <labels/>
            <parameters/>
            <steps/>
            <attachments/>
            <failure>
                <message>Error: Error: expect(received).toBe(expected) // Object.is equality
                
                Expected: "invalid literal for int() with base 10: 'abc'"
                Received: "Invalid Session"</message>
                <stack-trace>Error: Error: expect(received).toBe(expected) // Object.is equality
                
                Expected: "invalid literal for int() with base 10: 'abc'"
                Received: "Invalid Session"
                    at Object.&lt;anonymous> (/home/devtrust/Project/QA-API-Automation-Testing/test/Order/OrderService_Search.test.js:136:19)
                    at processTicksAndRejections (node:internal/process/task_queues:95:5)</stack-trace>
            </failure>
        </test-case>
        <test-case start='1709039580331' status='failed' stop='1709039580863'>
            <name>invalid value is passed to limit</name>
            <title>invalid value is passed to limit</title>
            <labels/>
            <parameters/>
            <steps/>
            <attachments/>
            <failure>
                <message>Error: Error: expect(received).toBe(expected) // Object.is equality
                
                Expected: "invalid literal for int() with base 10: 'dscds'"
                Received: "Invalid Session"</message>
                <stack-trace>Error: Error: expect(received).toBe(expected) // Object.is equality
                
                Expected: "invalid literal for int() with base 10: 'dscds'"
                Received: "Invalid Session"
                    at Object.&lt;anonymous> (/home/devtrust/Project/QA-API-Automation-Testing/test/Order/OrderService_Search.test.js:156:19)
                    at processTicksAndRejections (node:internal/process/task_queues:95:5)</stack-trace>
            </failure>
        </test-case>
        <test-case start='1709039580863' status='failed' stop='1709039581821'>
            <name>invalid value is passed to sort</name>
            <title>invalid value is passed to sort</title>
            <labels/>
            <parameters/>
            <steps/>
            <attachments/>
            <failure>
                <message>Error: TypeError: Cannot read properties of undefined (reading 'msg')</message>
                <stack-trace>Error: TypeError: Cannot read properties of undefined (reading 'msg')
                    at Object.&lt;anonymous> (/home/devtrust/Project/QA-API-Automation-Testing/test/Order/OrderService_Search.test.js:176:19)
                    at processTicksAndRejections (node:internal/process/task_queues:95:5)</stack-trace>
            </failure>
        </test-case>
        <test-case start='1709039581821' status='failed' stop='1709039582764'>
            <name>No values passed in parameters</name>
            <title>No values passed in parameters</title>
            <labels/>
            <parameters/>
            <steps/>
            <attachments/>
            <failure>
                <message>Error: Error: expect(received).toBe(expected) // Object.is equality
                
                Expected: "invalid literal for int() with base 10: ''"
                Received: "Invalid Session"</message>
                <stack-trace>Error: Error: expect(received).toBe(expected) // Object.is equality
                
                Expected: "invalid literal for int() with base 10: ''"
                Received: "Invalid Session"
                    at Object.&lt;anonymous> (/home/devtrust/Project/QA-API-Automation-Testing/test/Order/OrderService_Search.test.js:196:19)
                    at processTicksAndRejections (node:internal/process/task_queues:95:5)</stack-trace>
            </failure>
        </test-case>
        <test-case start='1709039582764' status='passed' stop='1709039583736'>
            <name>Invalid session</name>
            <title>Invalid session</title>
            <labels>
                <label name='testId' value='API Endpoint-/services/orders?status=&amp;offset=&amp;limit=&amp;sort='/>
            </labels>
            <parameters/>
            <steps/>
            <attachments/>
            <description type='text'>Response message from API:{"error":"Invalid Session"}</description>
        </test-case>
    </test-cases>
</ns2:test-suite>