<?xml version='1.0'?>
<ns2:test-suite xmlns:ns2='urn:model.allure.qatools.yandex.ru' start='1707488358278' stop='1707488364906'>
    <name>test/Order/OrderService_Update.test.js</name>
    <title>test/Order/OrderService_Update.test.js</title>
    <test-cases>
        <test-case start='1707488358278' status='failed' stop='1707488359223'>
            <name>API Success</name>
            <title>API Success</title>
            <labels/>
            <parameters/>
            <steps>
                <step start='1707488358279' status='undefined'>
                    <name>Values passed:"{\"order\":{\"order\":{\"transaction\":{\"id\":118359,\"status\":\"Active\",\"currentProcessingQueue\":\"Admin\",\"searcherID\":\"1\",\"read\":1,\"clientNotes\":\"hello from atr services\"}}}}"</name>
                    <title>Values passed:"{\"order\":{\"order\":{\"transaction\":{\"id\":118359,\"status\":\"Active\",\"currentProcessingQueue\":\"Admin\",\"searcherID\":\"1\",\"read\":1,\"clientNotes\":\"hello from atr services\"}}}}"</title>
                    <attachments/>
                    <steps/>
                </step>
            </steps>
            <attachments/>
            <failure>
                <message>Error: TypeError: Cannot read properties of undefined (reading 'msg')</message>
                <stack-trace>Error: TypeError: Cannot read properties of undefined (reading 'msg')
                    at Object.&lt;anonymous> (/home/devtrust/Project/QA-API-Automation-Testing/test/Order/OrderService_Update.test.js:31:13)
                    at processTicksAndRejections (node:internal/process/task_queues:95:5)</stack-trace>
            </failure>
        </test-case>
        <test-case start='1707488359223' status='failed' stop='1707488360169'>
            <name>order is missing</name>
            <title>order is missing</title>
            <labels/>
            <parameters/>
            <steps>
                <step start='1707488359223' status='undefined'>
                    <name>Values passed:"{\"order\":\"\"}"</name>
                    <title>Values passed:"{\"order\":\"\"}"</title>
                    <attachments/>
                    <steps/>
                </step>
            </steps>
            <attachments/>
            <failure>
                <message>Error: Error: expect(received).toBe(expected) // Object.is equality
                
                - Expected  - 2
                + Received  + 1
                
                - Invalid data or url or filepath argument: 
                - Expecting value: line 1 column 1 (char 0)
                + Invalid Session</message>
                <stack-trace>Error: Error: expect(received).toBe(expected) // Object.is equality
                
                - Expected  - 2
                + Received  + 1
                
                - Invalid data or url or filepath argument: 
                - Expecting value: line 1 column 1 (char 0)
                + Invalid Session
                    at Object.&lt;anonymous> (/home/devtrust/Project/QA-API-Automation-Testing/test/Order/OrderService_Update.test.js:51:13)
                    at processTicksAndRejections (node:internal/process/task_queues:95:5)</stack-trace>
            </failure>
        </test-case>
        <test-case start='1707488360169' status='failed' stop='1707488361058'>
            <name>transaction is missing</name>
            <title>transaction is missing</title>
            <labels/>
            <parameters/>
            <steps>
                <step start='1707488360170' status='undefined'>
                    <name>Values passed:"{\"order\":{\"order\":{\"transaction\":\"\"}}}"</name>
                    <title>Values passed:"{\"order\":{\"order\":{\"transaction\":\"\"}}}"</title>
                    <attachments/>
                    <steps/>
                </step>
            </steps>
            <attachments/>
            <failure>
                <message>Error: Error: expect(received).toBe(expected) // Object.is equality
                
                Expected: "local variable '_where' referenced before assignment"
                Received: "Invalid Session"</message>
                <stack-trace>Error: Error: expect(received).toBe(expected) // Object.is equality
                
                Expected: "local variable '_where' referenced before assignment"
                Received: "Invalid Session"
                    at Object.&lt;anonymous> (/home/devtrust/Project/QA-API-Automation-Testing/test/Order/OrderService_Update.test.js:71:13)
                    at processTicksAndRejections (node:internal/process/task_queues:95:5)</stack-trace>
            </failure>
        </test-case>
        <test-case start='1707488361058' status='failed' stop='1707488361953'>
            <name>BAD Request</name>
            <title>BAD Request</title>
            <labels/>
            <parameters/>
            <steps>
                <step start='1707488361059' status='undefined'>
                    <name>Values passed:"{}"</name>
                    <title>Values passed:"{}"</title>
                    <attachments/>
                    <steps/>
                </step>
            </steps>
            <attachments/>
            <failure>
                <message>Error: Error: expect(received).toBe(expected) // Object.is equality
                
                Expected: "'order'"
                Received: "Invalid Session"</message>
                <stack-trace>Error: Error: expect(received).toBe(expected) // Object.is equality
                
                Expected: "'order'"
                Received: "Invalid Session"
                    at Object.&lt;anonymous> (/home/devtrust/Project/QA-API-Automation-Testing/test/Order/OrderService_Update.test.js:88:13)
                    at processTicksAndRejections (node:internal/process/task_queues:95:5)</stack-trace>
            </failure>
        </test-case>
        <test-case start='1707488361953' status='failed' stop='1707488362833'>
            <name>Wrong order is passed</name>
            <title>Wrong order is passed</title>
            <labels/>
            <parameters/>
            <steps>
                <step start='1707488361954' status='undefined'>
                    <name>Values passed:"{\"order\":\"3434e3\"}"</name>
                    <title>Values passed:"{\"order\":\"3434e3\"}"</title>
                    <attachments/>
                    <steps/>
                </step>
            </steps>
            <attachments/>
            <failure>
                <message>Error: Error: expect(received).toBe(expected) // Object.is equality
                
                - Expected  - 2
                + Received  + 1
                
                - Invalid data or url or filepath argument: 3434e3
                - Invalid data type: &lt;class 'float'>, expected dict or list.
                + Invalid Session</message>
                <stack-trace>Error: Error: expect(received).toBe(expected) // Object.is equality
                
                - Expected  - 2
                + Received  + 1
                
                - Invalid data or url or filepath argument: 3434e3
                - Invalid data type: &lt;class 'float'>, expected dict or list.
                + Invalid Session
                    at Object.&lt;anonymous> (/home/devtrust/Project/QA-API-Automation-Testing/test/Order/OrderService_Update.test.js:108:13)
                    at processTicksAndRejections (node:internal/process/task_queues:95:5)</stack-trace>
            </failure>
        </test-case>
        <test-case start='1707488362833' status='failed' stop='1707488363348'>
            <name>id is wrong</name>
            <title>id is wrong</title>
            <labels/>
            <parameters/>
            <steps>
                <step start='1707488362834' status='undefined'>
                    <name>Values passed:"{\"order\":{\"order\":{\"transaction\":{\"id\":343434,\"status\":\"Active\",\"currentProcessingQueue\":\"Admin\",\"searcherID\":\"1\",\"read\":1,\"clientNotes\":\"hello from atr services\"}}}}"</name>
                    <title>Values passed:"{\"order\":{\"order\":{\"transaction\":{\"id\":343434,\"status\":\"Active\",\"currentProcessingQueue\":\"Admin\",\"searcherID\":\"1\",\"read\":1,\"clientNotes\":\"hello from atr services\"}}}}"</title>
                    <attachments/>
                    <steps/>
                </step>
            </steps>
            <attachments/>
            <failure>
                <message>Error: TypeError: Cannot read properties of undefined (reading 'msg')</message>
                <stack-trace>Error: TypeError: Cannot read properties of undefined (reading 'msg')
                    at Object.&lt;anonymous> (/home/devtrust/Project/QA-API-Automation-Testing/test/Order/OrderService_Update.test.js:128:13)
                    at processTicksAndRejections (node:internal/process/task_queues:95:5)</stack-trace>
            </failure>
        </test-case>
        <test-case start='1707488363348' status='failed' stop='1707488364301'>
            <name>status is Inactive</name>
            <title>status is Inactive</title>
            <labels/>
            <parameters/>
            <steps>
                <step start='1707488363348' status='undefined'>
                    <name>Values passed:"{\"order\":{\"order\":{\"transaction\":{\"id\":343434,\"status\":\"Inactive\",\"currentProcessingQueue\":\"Admin\",\"searcherID\":\"1\",\"read\":1,\"clientNotes\":\"hello from atr services\"}}}}"</name>
                    <title>Values passed:"{\"order\":{\"order\":{\"transaction\":{\"id\":343434,\"status\":\"Inactive\",\"currentProcessingQueue\":\"Admin\",\"searcherID\":\"1\",\"read\":1,\"clientNotes\":\"hello from atr services\"}}}}"</title>
                    <attachments/>
                    <steps/>
                </step>
            </steps>
            <attachments/>
            <failure>
                <message>Error: TypeError: Cannot read properties of undefined (reading 'msg')</message>
                <stack-trace>Error: TypeError: Cannot read properties of undefined (reading 'msg')
                    at Object.&lt;anonymous> (/home/devtrust/Project/QA-API-Automation-Testing/test/Order/OrderService_Update.test.js:146:13)
                    at processTicksAndRejections (node:internal/process/task_queues:95:5)</stack-trace>
            </failure>
        </test-case>
        <test-case start='1707488364301' status='failed' stop='1707488364849'>
            <name>status is hold</name>
            <title>status is hold</title>
            <labels/>
            <parameters/>
            <steps>
                <step start='1707488364302' status='undefined'>
                    <name>Values passed:"{\"order\":{\"order\":{\"transaction\":{\"id\":343434,\"status\":\"hold\",\"currentProcessingQueue\":\"Admin\",\"searcherID\":\"1\",\"read\":1,\"clientNotes\":\"hello from atr services\"}}}}"</name>
                    <title>Values passed:"{\"order\":{\"order\":{\"transaction\":{\"id\":343434,\"status\":\"hold\",\"currentProcessingQueue\":\"Admin\",\"searcherID\":\"1\",\"read\":1,\"clientNotes\":\"hello from atr services\"}}}}"</title>
                    <attachments/>
                    <steps/>
                </step>
            </steps>
            <attachments/>
            <failure>
                <message>Error: TypeError: Cannot read properties of undefined (reading 'msg')</message>
                <stack-trace>Error: TypeError: Cannot read properties of undefined (reading 'msg')
                    at Object.&lt;anonymous> (/home/devtrust/Project/QA-API-Automation-Testing/test/Order/OrderService_Update.test.js:164:13)
                    at processTicksAndRejections (node:internal/process/task_queues:95:5)</stack-trace>
            </failure>
        </test-case>
    </test-cases>
</ns2:test-suite>