<?xml version='1.0'?>
<ns2:test-suite xmlns:ns2='urn:model.allure.qatools.yandex.ru' start='1705065288297' stop='1705065293889'>
    <name>test/BackOffice/Auth.test.js</name>
    <title>test/BackOffice/Auth.test.js</title>
    <test-cases>
        <test-case start='1705065288297' status='passed' stop='1705065289382'>
            <name>API Success</name>
            <title>API Success</title>
            <labels/>
            <parameters/>
            <steps/>
            <attachments/>
        </test-case>
        <test-case start='1705065289382' status='failed' stop='1705065290146'>
            <name>Auth key is missing || Invalid Auth key entered</name>
            <title>Auth key is missing || Invalid Auth key entered</title>
            <labels/>
            <parameters/>
            <steps/>
            <attachments/>
            <failure>
                <message>Error: Response is not in valid json format</message>
                <stack-trace>Error: Response is not in valid json format
                    at Object.&lt;anonymous> (/home/devtrust/Project/QA-API-Automation-Testing/test/BackOffice/Auth.test.js:37:13)
                    at processTicksAndRejections (node:internal/process/task_queues:95:5)</stack-trace>
            </failure>
        </test-case>
        <test-case start='1705065290147' status='failed' stop='1705065290908'>
            <name>Plain text received as response</name>
            <title>Plain text received as response</title>
            <labels/>
            <parameters/>
            <steps/>
            <attachments/>
            <failure>
                <message>Error: Response is not in valid json format</message>
                <stack-trace>Error: Response is not in valid json format
                    at Object.&lt;anonymous> (/home/devtrust/Project/QA-API-Automation-Testing/test/BackOffice/Auth.test.js:50:13)
                    at processTicksAndRejections (node:internal/process/task_queues:95:5)</stack-trace>
            </failure>
        </test-case>
        <test-case start='1705065290908' status='passed' stop='1705065291998'>
            <name>Wrong appId || appId is missing</name>
            <title>Wrong appId || appId is missing</title>
            <labels/>
            <parameters/>
            <steps/>
            <attachments/>
        </test-case>
        <test-case start='1705065291998' status='passed' stop='1705065293102'>
            <name>appPass is wrong || appPass is missing</name>
            <title>appPass is wrong || appPass is missing</title>
            <labels/>
            <parameters/>
            <steps/>
            <attachments/>
        </test-case>
        <test-case start='1705065293102' status='passed' stop='1705065293879'>
            <name>appUsername is wrong ||appUsername is empty</name>
            <title>appUsername is wrong ||appUsername is empty</title>
            <labels/>
            <parameters/>
            <steps/>
            <attachments/>
        </test-case>
    </test-cases>
</ns2:test-suite>