<?xml version='1.0'?>
<ns2:test-suite xmlns:ns2='urn:model.allure.qatools.yandex.ru' start='1707832938470' stop='1707832944643'>
    <name>test/Order/OrderService_List.test.js</name>
    <title>test/Order/OrderService_List.test.js</title>
    <test-cases>
        <test-case start='1707832938470' status='failed' stop='1707832939133'>
            <name>API Success</name>
            <title>API Success</title>
            <labels/>
            <parameters/>
            <steps>
                <step start='1707832938471' status='undefined'>
                    <name>parameters passed:{"hostname":"nu1b6z2kx8.execute-api.us-east-1.amazonaws.com","method":"GET","headers":{"Content-Type":"application/json","Authorization":"{\"body\":\"An error occurred (UserNotConfirmedException) when calling the InitiateAuth operation: User is not confirmed.\",\"statusCode\":500,\"headers\":{\"Content-Type\":\"application/json\"}}"},"path":"/uat/v1/services/orders?status=&amp;offset=0&amp;limit=100&amp;sort=DESC"}</name>
                    <title>parameters passed:{"hostname":"nu1b6z2kx8.execute-api.us-east-1.amazonaws.com","method":"GET","headers":{"Content-Type":"application/json","Authorization":"{\"body\":\"An error occurred (UserNotConfirmedException) when calling the InitiateAuth operation: User is not confirmed.\",\"statusCode\":500,\"headers\":{\"Content-Type\":\"application/json\"}}"},"path":"/uat/v1/services/orders?status=&amp;offset=0&amp;limit=100&amp;sort=DESC"}</title>
                    <attachments/>
                    <steps/>
                </step>
            </steps>
            <attachments/>
            <failure>
                <message>Error: TypeError: Cannot read properties of undefined (reading 'msg')</message>
                <stack-trace>Error: TypeError: Cannot read properties of undefined (reading 'msg')
                    at Object.&lt;anonymous> (/home/devtrust/Project/QA-API-Automation-Testing/test/Order/OrderService_List.test.js:18:13)
                    at processTicksAndRejections (node:internal/process/task_queues:95:5)</stack-trace>
            </failure>
        </test-case>
        <test-case start='1707832939133' status='failed' stop='1707832940235'>
            <name>parameter missing</name>
            <title>parameter missing</title>
            <labels/>
            <parameters/>
            <steps>
                <step start='1707832939133' status='undefined'>
                    <name>parameters passed:{"hostname":"nu1b6z2kx8.execute-api.us-east-1.amazonaws.com","method":"GET","headers":{"Content-Type":"application/json","Authorization":"{\"body\":\"An error occurred (UserNotConfirmedException) when calling the InitiateAuth operation: User is not confirmed.\",\"statusCode\":500,\"headers\":{\"Content-Type\":\"application/json\"}}"},"path":"/uat/v1/services/orders?status=&amp;offset=&amp;limit=&amp;sort=DESC"}</name>
                    <title>parameters passed:{"hostname":"nu1b6z2kx8.execute-api.us-east-1.amazonaws.com","method":"GET","headers":{"Content-Type":"application/json","Authorization":"{\"body\":\"An error occurred (UserNotConfirmedException) when calling the InitiateAuth operation: User is not confirmed.\",\"statusCode\":500,\"headers\":{\"Content-Type\":\"application/json\"}}"},"path":"/uat/v1/services/orders?status=&amp;offset=&amp;limit=&amp;sort=DESC"}</title>
                    <attachments/>
                    <steps/>
                </step>
            </steps>
            <attachments/>
            <failure>
                <message>Error: Error: expect(received).toEqual(expected) // deep equality
                
                Expected: "invalid literal for int() with base 10: ''"
                Received: "Invalid Session"</message>
                <stack-trace>Error: Error: expect(received).toEqual(expected) // deep equality
                
                Expected: "invalid literal for int() with base 10: ''"
                Received: "Invalid Session"
                    at Object.&lt;anonymous> (/home/devtrust/Project/QA-API-Automation-Testing/test/Order/OrderService_List.test.js:39:13)
                    at processTicksAndRejections (node:internal/process/task_queues:95:5)</stack-trace>
            </failure>
        </test-case>
        <test-case start='1707832940235' status='failed' stop='1707832941349'>
            <name>status is required</name>
            <title>status is required</title>
            <labels/>
            <parameters/>
            <steps>
                <step start='1707832940236' status='undefined'>
                    <name>parameters passed:{"hostname":"nu1b6z2kx8.execute-api.us-east-1.amazonaws.com","method":"GET","headers":{"Content-Type":"application/json","Authorization":"{\"body\":\"An error occurred (UserNotConfirmedException) when calling the InitiateAuth operation: User is not confirmed.\",\"statusCode\":500,\"headers\":{\"Content-Type\":\"application/json\"}}"},"path":"/uat/v1/services/orders?limit=10&amp;sort=ASC"}</name>
                    <title>parameters passed:{"hostname":"nu1b6z2kx8.execute-api.us-east-1.amazonaws.com","method":"GET","headers":{"Content-Type":"application/json","Authorization":"{\"body\":\"An error occurred (UserNotConfirmedException) when calling the InitiateAuth operation: User is not confirmed.\",\"statusCode\":500,\"headers\":{\"Content-Type\":\"application/json\"}}"},"path":"/uat/v1/services/orders?limit=10&amp;sort=ASC"}</title>
                    <attachments/>
                    <steps/>
                </step>
            </steps>
            <attachments/>
            <failure>
                <message>Error: Error: expect(received).toEqual(expected) // deep equality
                
                Expected: "'status'"
                Received: "Invalid Session"</message>
                <stack-trace>Error: Error: expect(received).toEqual(expected) // deep equality
                
                Expected: "'status'"
                Received: "Invalid Session"
                    at Object.&lt;anonymous> (/home/devtrust/Project/QA-API-Automation-Testing/test/Order/OrderService_List.test.js:60:13)
                    at processTicksAndRejections (node:internal/process/task_queues:95:5)</stack-trace>
            </failure>
        </test-case>
        <test-case start='1707832941349' status='failed' stop='1707832942026'>
            <name>invalid status is passed</name>
            <title>invalid status is passed</title>
            <labels/>
            <parameters/>
            <steps>
                <step start='1707832941349' status='undefined'>
                    <name>parameters passed:{"hostname":"nu1b6z2kx8.execute-api.us-east-1.amazonaws.com","method":"GET","headers":{"Content-Type":"application/json","Authorization":"{\"body\":\"An error occurred (UserNotConfirmedException) when calling the InitiateAuth operation: User is not confirmed.\",\"statusCode\":500,\"headers\":{\"Content-Type\":\"application/json\"}}"},"path":"/uat/v1/services/orders?status=sdsds&amp;offset=0&amp;limit=100&amp;sort=DESC"}</name>
                    <title>parameters passed:{"hostname":"nu1b6z2kx8.execute-api.us-east-1.amazonaws.com","method":"GET","headers":{"Content-Type":"application/json","Authorization":"{\"body\":\"An error occurred (UserNotConfirmedException) when calling the InitiateAuth operation: User is not confirmed.\",\"statusCode\":500,\"headers\":{\"Content-Type\":\"application/json\"}}"},"path":"/uat/v1/services/orders?status=sdsds&amp;offset=0&amp;limit=100&amp;sort=DESC"}</title>
                    <attachments/>
                    <steps/>
                </step>
            </steps>
            <attachments/>
            <failure>
                <message>Error: TypeError: Cannot read properties of undefined (reading 'msg')</message>
                <stack-trace>Error: TypeError: Cannot read properties of undefined (reading 'msg')
                    at Object.&lt;anonymous> (/home/devtrust/Project/QA-API-Automation-Testing/test/Order/OrderService_List.test.js:82:13)
                    at processTicksAndRejections (node:internal/process/task_queues:95:5)</stack-trace>
            </failure>
        </test-case>
        <test-case start='1707832942026' status='failed' stop='1707832942949'>
            <name>invalid offset is passed</name>
            <title>invalid offset is passed</title>
            <labels/>
            <parameters/>
            <steps>
                <step start='1707832942027' status='undefined'>
                    <name>parameters passed:{"hostname":"nu1b6z2kx8.execute-api.us-east-1.amazonaws.com","method":"GET","headers":{"Content-Type":"application/json","Authorization":"{\"body\":\"An error occurred (UserNotConfirmedException) when calling the InitiateAuth operation: User is not confirmed.\",\"statusCode\":500,\"headers\":{\"Content-Type\":\"application/json\"}}"},"path":"/uat/v1/services/orders?status=active&amp;offset=dvbfv&amp;limit=100&amp;sort=DESC"}</name>
                    <title>parameters passed:{"hostname":"nu1b6z2kx8.execute-api.us-east-1.amazonaws.com","method":"GET","headers":{"Content-Type":"application/json","Authorization":"{\"body\":\"An error occurred (UserNotConfirmedException) when calling the InitiateAuth operation: User is not confirmed.\",\"statusCode\":500,\"headers\":{\"Content-Type\":\"application/json\"}}"},"path":"/uat/v1/services/orders?status=active&amp;offset=dvbfv&amp;limit=100&amp;sort=DESC"}</title>
                    <attachments/>
                    <steps/>
                </step>
            </steps>
            <attachments/>
            <failure>
                <message>Error: Error: expect(received).toEqual(expected) // deep equality
                
                Expected: "invalid literal for int() with base 10: 'dvbfv'"
                Received: "Invalid Session"</message>
                <stack-trace>Error: Error: expect(received).toEqual(expected) // deep equality
                
                Expected: "invalid literal for int() with base 10: 'dvbfv'"
                Received: "Invalid Session"
                    at Object.&lt;anonymous> (/home/devtrust/Project/QA-API-Automation-Testing/test/Order/OrderService_List.test.js:105:13)
                    at processTicksAndRejections (node:internal/process/task_queues:95:5)</stack-trace>
            </failure>
        </test-case>
        <test-case start='1707832942950' status='failed' stop='1707832943568'>
            <name>invalid limit is passed</name>
            <title>invalid limit is passed</title>
            <labels/>
            <parameters/>
            <steps>
                <step start='1707832942950' status='undefined'>
                    <name>parameters passed:{"hostname":"nu1b6z2kx8.execute-api.us-east-1.amazonaws.com","method":"GET","headers":{"Content-Type":"application/json","Authorization":"{\"body\":\"An error occurred (UserNotConfirmedException) when calling the InitiateAuth operation: User is not confirmed.\",\"statusCode\":500,\"headers\":{\"Content-Type\":\"application/json\"}}"},"path":"/uat/v1/services/orders?status=active&amp;offset=&amp;limit=1sdsds00&amp;sort=DESC"}</name>
                    <title>parameters passed:{"hostname":"nu1b6z2kx8.execute-api.us-east-1.amazonaws.com","method":"GET","headers":{"Content-Type":"application/json","Authorization":"{\"body\":\"An error occurred (UserNotConfirmedException) when calling the InitiateAuth operation: User is not confirmed.\",\"statusCode\":500,\"headers\":{\"Content-Type\":\"application/json\"}}"},"path":"/uat/v1/services/orders?status=active&amp;offset=&amp;limit=1sdsds00&amp;sort=DESC"}</title>
                    <attachments/>
                    <steps/>
                </step>
            </steps>
            <attachments/>
            <failure>
                <message>Error: Error: expect(received).toEqual(expected) // deep equality
                
                Expected: "invalid literal for int() with base 10: ''"
                Received: "Invalid Session"</message>
                <stack-trace>Error: Error: expect(received).toEqual(expected) // deep equality
                
                Expected: "invalid literal for int() with base 10: ''"
                Received: "Invalid Session"
                    at Object.&lt;anonymous> (/home/devtrust/Project/QA-API-Automation-Testing/test/Order/OrderService_List.test.js:127:13)
                    at processTicksAndRejections (node:internal/process/task_queues:95:5)</stack-trace>
            </failure>
        </test-case>
        <test-case start='1707832943568' status='passed' stop='1707832944625'>
            <name>Invalid session</name>
            <title>Invalid session</title>
            <labels>
                <label name='testId' value='API Endpoint-/services/normalize/ramquest'/>
            </labels>
            <parameters/>
            <steps>
                <step start='1707832943569' status='passed' stop='1707832944624'>
                    <name>parameters passed:{"hostname":"nu1b6z2kx8.execute-api.us-east-1.amazonaws.com","method":"GET","headers":{"Content-Type":"application/json"},"path":"/uat/v1/services/orders?status=active&amp;offset=&amp;limit=1sdsds00&amp;sort=DESC"}</name>
                    <title>parameters passed:{"hostname":"nu1b6z2kx8.execute-api.us-east-1.amazonaws.com","method":"GET","headers":{"Content-Type":"application/json"},"path":"/uat/v1/services/orders?status=active&amp;offset=&amp;limit=1sdsds00&amp;sort=DESC"}</title>
                    <attachments/>
                    <steps/>
                </step>
            </steps>
            <attachments/>
            <description type='text'>Response message from API:{"error":"Invalid Session"}</description>
        </test-case>
    </test-cases>
</ns2:test-suite>