<?xml version="1.0" encoding="UTF-8"?>
<coverage generated="1707488437289" clover="3.2.0">
  <project timestamp="1707488437290" name="All files">
    <metrics statements="231" coveredstatements="221" conditionals="0" coveredconditionals="0" methods="37" coveredmethods="31" elements="268" coveredelements="252" complexity="0" loc="231" ncloc="231" packages="3" files="25" classes="25"/>
    <package name="QA-API-Automation-Testing">
      <metrics statements="33" coveredstatements="31" conditionals="0" coveredconditionals="0" methods="1" coveredmethods="1"/>
      <file name="config.js" path="/home/devtrust/Project/QA-API-Automation-Testing/config.js">
        <metrics statements="33" coveredstatements="31" conditionals="0" coveredconditionals="0" methods="1" coveredmethods="1"/>
        <line num="1" count="57" type="stmt"/>
        <line num="4" count="57" type="stmt"/>
        <line num="5" count="57" type="stmt"/>
        <line num="6" count="57" type="stmt"/>
        <line num="8" count="0" type="stmt"/>
        <line num="9" count="0" type="stmt"/>
        <line num="13" count="57" type="stmt"/>
        <line num="14" count="57" type="stmt"/>
        <line num="15" count="57" type="stmt"/>
        <line num="16" count="57" type="stmt"/>
        <line num="17" count="57" type="stmt"/>
        <line num="18" count="57" type="stmt"/>
        <line num="19" count="57" type="stmt"/>
        <line num="20" count="57" type="stmt"/>
        <line num="23" count="57" type="stmt"/>
        <line num="25" count="57" type="stmt"/>
        <line num="26" count="57" type="stmt"/>
        <line num="30" count="57" type="stmt"/>
        <line num="34" count="57" type="stmt"/>
        <line num="38" count="57" type="stmt"/>
        <line num="42" count="57" type="stmt"/>
        <line num="47" count="57" type="stmt"/>
        <line num="52" count="57" type="stmt"/>
        <line num="57" count="57" type="stmt"/>
        <line num="62" count="57" type="stmt"/>
        <line num="67" count="57" type="stmt"/>
        <line num="73" count="57" type="stmt"/>
        <line num="78" count="57" type="stmt"/>
        <line num="83" count="57" type="stmt"/>
        <line num="88" count="57" type="stmt"/>
        <line num="94" count="57" type="stmt"/>
        <line num="106" count="57" type="stmt"/>
        <line num="119" count="57" type="stmt"/>
      </file>
    </package>
    <package name="QA-API-Automation-Testing.RequestBodies">
      <metrics statements="98" coveredstatements="98" conditionals="0" coveredconditionals="0" methods="0" coveredmethods="0"/>
      <file name="BackOfficeAuthBody.js" path="/home/devtrust/Project/QA-API-Automation-Testing/RequestBodies/BackOfficeAuthBody.js">
        <metrics statements="6" coveredstatements="6" conditionals="0" coveredconditionals="0" methods="0" coveredmethods="0"/>
        <line num="1" count="1" type="stmt"/>
        <line num="3" count="1" type="stmt"/>
        <line num="5" count="1" type="stmt"/>
        <line num="7" count="1" type="stmt"/>
        <line num="8" count="1" type="stmt"/>
        <line num="10" count="1" type="stmt"/>
      </file>
      <file name="BackOfficePriorsBody.js" path="/home/devtrust/Project/QA-API-Automation-Testing/RequestBodies/BackOfficePriorsBody.js">
        <metrics statements="3" coveredstatements="3" conditionals="0" coveredconditionals="0" methods="0" coveredmethods="0"/>
        <line num="1" count="1" type="stmt"/>
        <line num="2" count="1" type="stmt"/>
        <line num="4" count="1" type="stmt"/>
      </file>
      <file name="CallbackOrderRamquest.js" path="/home/devtrust/Project/QA-API-Automation-Testing/RequestBodies/CallbackOrderRamquest.js">
        <metrics statements="2" coveredstatements="2" conditionals="0" coveredconditionals="0" methods="0" coveredmethods="0"/>
        <line num="1" count="1" type="stmt"/>
        <line num="1170" count="1" type="stmt"/>
      </file>
      <file name="Callback_Deliver_Title_Order_PRODBody.js" path="/home/devtrust/Project/QA-API-Automation-Testing/RequestBodies/Callback_Deliver_Title_Order_PRODBody.js">
        <metrics statements="4" coveredstatements="4" conditionals="0" coveredconditionals="0" methods="0" coveredmethods="0"/>
        <line num="1" count="1" type="stmt"/>
        <line num="821" count="1" type="stmt"/>
        <line num="1640" count="1" type="stmt"/>
        <line num="2458" count="1" type="stmt"/>
      </file>
      <file name="CommentUpdateBody.js" path="/home/devtrust/Project/QA-API-Automation-Testing/RequestBodies/CommentUpdateBody.js">
        <metrics statements="9" coveredstatements="9" conditionals="0" coveredconditionals="0" methods="0" coveredmethods="0"/>
        <line num="1" count="1" type="stmt"/>
        <line num="16" count="1" type="stmt"/>
        <line num="17" count="1" type="stmt"/>
        <line num="18" count="1" type="stmt"/>
        <line num="19" count="1" type="stmt"/>
        <line num="24" count="1" type="stmt"/>
        <line num="39" count="1" type="stmt"/>
        <line num="55" count="1" type="stmt"/>
        <line num="69" count="1" type="stmt"/>
      </file>
      <file name="FileDownloadBody.js" path="/home/devtrust/Project/QA-API-Automation-Testing/RequestBodies/FileDownloadBody.js">
        <metrics statements="8" coveredstatements="8" conditionals="0" coveredconditionals="0" methods="0" coveredmethods="0"/>
        <line num="1" count="1" type="stmt"/>
        <line num="2" count="1" type="stmt"/>
        <line num="3" count="1" type="stmt"/>
        <line num="4" count="1" type="stmt"/>
        <line num="6" count="1" type="stmt"/>
        <line num="7" count="1" type="stmt"/>
        <line num="8" count="1" type="stmt"/>
        <line num="10" count="1" type="stmt"/>
      </file>
      <file name="FileUploadBody.js" path="/home/devtrust/Project/QA-API-Automation-Testing/RequestBodies/FileUploadBody.js">
        <metrics statements="2" coveredstatements="2" conditionals="0" coveredconditionals="0" methods="0" coveredmethods="0"/>
        <line num="1" count="1" type="stmt"/>
        <line num="2" count="1" type="stmt"/>
      </file>
      <file name="JobDetailsBody.js" path="/home/devtrust/Project/QA-API-Automation-Testing/RequestBodies/JobDetailsBody.js">
        <metrics statements="6" coveredstatements="6" conditionals="0" coveredconditionals="0" methods="0" coveredmethods="0"/>
        <line num="1" count="1" type="stmt"/>
        <line num="2" count="1" type="stmt"/>
        <line num="4" count="1" type="stmt"/>
        <line num="5" count="1" type="stmt"/>
        <line num="6" count="1" type="stmt"/>
        <line num="9" count="1" type="stmt"/>
      </file>
      <file name="ListJobsBody.js" path="/home/devtrust/Project/QA-API-Automation-Testing/RequestBodies/ListJobsBody.js">
        <metrics statements="6" coveredstatements="6" conditionals="0" coveredconditionals="0" methods="0" coveredmethods="0"/>
        <line num="1" count="1" type="stmt"/>
        <line num="8" count="1" type="stmt"/>
        <line num="15" count="1" type="stmt"/>
        <line num="16" count="1" type="stmt"/>
        <line num="24" count="1" type="stmt"/>
        <line num="32" count="1" type="stmt"/>
      </file>
      <file name="NormalizeQualiaBody.js" path="/home/devtrust/Project/QA-API-Automation-Testing/RequestBodies/NormalizeQualiaBody.js">
        <metrics statements="4" coveredstatements="4" conditionals="0" coveredconditionals="0" methods="0" coveredmethods="0"/>
        <line num="1" count="1" type="stmt"/>
        <line num="58" count="1" type="stmt"/>
        <line num="59" count="1" type="stmt"/>
        <line num="61" count="1" type="stmt"/>
      </file>
      <file name="NotesUpdateBody.js" path="/home/devtrust/Project/QA-API-Automation-Testing/RequestBodies/NotesUpdateBody.js">
        <metrics statements="2" coveredstatements="2" conditionals="0" coveredconditionals="0" methods="0" coveredmethods="0"/>
        <line num="1" count="2" type="stmt"/>
        <line num="2" count="2" type="stmt"/>
      </file>
      <file name="OrderService_Normalizer_Body.js" path="/home/devtrust/Project/QA-API-Automation-Testing/RequestBodies/OrderService_Normalizer_Body.js">
        <metrics statements="2" coveredstatements="2" conditionals="0" coveredconditionals="0" methods="0" coveredmethods="0"/>
        <line num="1" count="1" type="stmt"/>
        <line num="62" count="1" type="stmt"/>
      </file>
      <file name="PDFGenBody.js" path="/home/devtrust/Project/QA-API-Automation-Testing/RequestBodies/PDFGenBody.js">
        <metrics statements="7" coveredstatements="7" conditionals="0" coveredconditionals="0" methods="0" coveredmethods="0"/>
        <line num="1" count="1" type="stmt"/>
        <line num="2" count="1" type="stmt"/>
        <line num="3" count="1" type="stmt"/>
        <line num="4" count="1" type="stmt"/>
        <line num="5" count="1" type="stmt"/>
        <line num="6" count="1" type="stmt"/>
        <line num="7" count="1" type="stmt"/>
      </file>
      <file name="SearchUpdateBodies.js" path="/home/devtrust/Project/QA-API-Automation-Testing/RequestBodies/SearchUpdateBodies.js">
        <metrics statements="2" coveredstatements="2" conditionals="0" coveredconditionals="0" methods="0" coveredmethods="0"/>
        <line num="1" count="1" type="stmt"/>
        <line num="3" count="1" type="stmt"/>
      </file>
      <file name="SpecialRequestBody.js" path="/home/devtrust/Project/QA-API-Automation-Testing/RequestBodies/SpecialRequestBody.js">
        <metrics statements="10" coveredstatements="10" conditionals="0" coveredconditionals="0" methods="0" coveredmethods="0"/>
        <line num="1" count="1" type="stmt"/>
        <line num="6" count="1" type="stmt"/>
        <line num="12" count="1" type="stmt"/>
        <line num="17" count="1" type="stmt"/>
        <line num="23" count="1" type="stmt"/>
        <line num="28" count="1" type="stmt"/>
        <line num="34" count="1" type="stmt"/>
        <line num="39" count="1" type="stmt"/>
        <line num="43" count="1" type="stmt"/>
        <line num="48" count="1" type="stmt"/>
      </file>
      <file name="StatusUpdateJobsBody.js" path="/home/devtrust/Project/QA-API-Automation-Testing/RequestBodies/StatusUpdateJobsBody.js">
        <metrics statements="6" coveredstatements="6" conditionals="0" coveredconditionals="0" methods="0" coveredmethods="0"/>
        <line num="1" count="1" type="stmt"/>
        <line num="12" count="1" type="stmt"/>
        <line num="22" count="1" type="stmt"/>
        <line num="32" count="1" type="stmt"/>
        <line num="42" count="1" type="stmt"/>
        <line num="53" count="1" type="stmt"/>
      </file>
      <file name="WebhookOrderRequestBody.js" path="/home/devtrust/Project/QA-API-Automation-Testing/RequestBodies/WebhookOrderRequestBody.js">
        <metrics statements="4" coveredstatements="4" conditionals="0" coveredconditionals="0" methods="0" coveredmethods="0"/>
        <line num="1" count="1" type="stmt"/>
        <line num="4" count="1" type="stmt"/>
        <line num="5" count="1" type="stmt"/>
        <line num="7" count="1" type="stmt"/>
      </file>
      <file name="s3DirectPDFBody.js" path="/home/devtrust/Project/QA-API-Automation-Testing/RequestBodies/s3DirectPDFBody.js">
        <metrics statements="15" coveredstatements="15" conditionals="0" coveredconditionals="0" methods="0" coveredmethods="0"/>
        <line num="1" count="1" type="stmt"/>
        <line num="16" count="1" type="stmt"/>
        <line num="31" count="1" type="stmt"/>
        <line num="47" count="1" type="stmt"/>
        <line num="63" count="1" type="stmt"/>
        <line num="79" count="1" type="stmt"/>
        <line num="81" count="1" type="stmt"/>
        <line num="82" count="1" type="stmt"/>
        <line num="84" count="1" type="stmt"/>
        <line num="86" count="1" type="stmt"/>
        <line num="88" count="1" type="stmt"/>
        <line num="90" count="1" type="stmt"/>
        <line num="92" count="1" type="stmt"/>
        <line num="94" count="1" type="stmt"/>
        <line num="95" count="1" type="stmt"/>
      </file>
    </package>
    <package name="QA-API-Automation-Testing.modules">
      <metrics statements="100" coveredstatements="92" conditionals="0" coveredconditionals="0" methods="36" coveredmethods="30"/>
      <file name="COR354TemplateModule.js" path="/home/devtrust/Project/QA-API-Automation-Testing/modules/COR354TemplateModule.js">
        <metrics statements="17" coveredstatements="16" conditionals="0" coveredconditionals="0" methods="6" coveredmethods="5"/>
        <line num="1" count="1" type="stmt"/>
        <line num="3" count="1" type="stmt"/>
        <line num="4" count="7" type="stmt"/>
        <line num="5" count="7" type="stmt"/>
        <line num="6" count="7" type="stmt"/>
        <line num="7" count="7" type="stmt"/>
        <line num="8" count="7" type="stmt"/>
        <line num="10" count="7" type="stmt"/>
        <line num="11" count="7" type="stmt"/>
        <line num="12" count="7" type="stmt"/>
        <line num="13" count="5" type="stmt"/>
        <line num="15" count="2" type="stmt"/>
        <line num="20" count="7" type="stmt"/>
        <line num="21" count="0" type="stmt"/>
        <line num="24" count="7" type="stmt"/>
        <line num="25" count="7" type="stmt"/>
        <line num="28" count="1" type="stmt"/>
      </file>
      <file name="COR355TemplateModule.js" path="/home/devtrust/Project/QA-API-Automation-Testing/modules/COR355TemplateModule.js">
        <metrics statements="17" coveredstatements="16" conditionals="0" coveredconditionals="0" methods="6" coveredmethods="5"/>
        <line num="1" count="1" type="stmt"/>
        <line num="3" count="1" type="stmt"/>
        <line num="4" count="6" type="stmt"/>
        <line num="5" count="6" type="stmt"/>
        <line num="6" count="6" type="stmt"/>
        <line num="7" count="6" type="stmt"/>
        <line num="8" count="6" type="stmt"/>
        <line num="10" count="6" type="stmt"/>
        <line num="11" count="6" type="stmt"/>
        <line num="12" count="6" type="stmt"/>
        <line num="13" count="4" type="stmt"/>
        <line num="15" count="2" type="stmt"/>
        <line num="20" count="6" type="stmt"/>
        <line num="21" count="0" type="stmt"/>
        <line num="24" count="6" type="stmt"/>
        <line num="25" count="6" type="stmt"/>
        <line num="28" count="1" type="stmt"/>
      </file>
      <file name="CreateTemplateModule.js" path="/home/devtrust/Project/QA-API-Automation-Testing/modules/CreateTemplateModule.js">
        <metrics statements="19" coveredstatements="17" conditionals="0" coveredconditionals="0" methods="6" coveredmethods="5"/>
        <line num="1" count="1" type="stmt"/>
        <line num="2" count="1" type="stmt"/>
        <line num="4" count="1" type="stmt"/>
        <line num="9" count="1" type="stmt"/>
        <line num="10" count="10" type="stmt"/>
        <line num="11" count="10" type="stmt"/>
        <line num="12" count="10" type="stmt"/>
        <line num="13" count="10" type="stmt"/>
        <line num="14" count="10" type="stmt"/>
        <line num="16" count="10" type="stmt"/>
        <line num="17" count="10" type="stmt"/>
        <line num="18" count="10" type="stmt"/>
        <line num="19" count="10" type="stmt"/>
        <line num="21" count="0" type="stmt"/>
        <line num="26" count="10" type="stmt"/>
        <line num="27" count="0" type="stmt"/>
        <line num="30" count="10" type="stmt"/>
        <line num="31" count="10" type="stmt"/>
        <line num="35" count="1" type="stmt"/>
      </file>
      <file name="HttpModule.js" path="/home/devtrust/Project/QA-API-Automation-Testing/modules/HttpModule.js">
        <metrics statements="17" coveredstatements="15" conditionals="0" coveredconditionals="0" methods="6" coveredmethods="5"/>
        <line num="1" count="2" type="stmt"/>
        <line num="3" count="2" type="stmt"/>
        <line num="4" count="2" type="stmt"/>
        <line num="5" count="2" type="stmt"/>
        <line num="6" count="2" type="stmt"/>
        <line num="7" count="2" type="stmt"/>
        <line num="8" count="2" type="stmt"/>
        <line num="10" count="2" type="stmt"/>
        <line num="11" count="2" type="stmt"/>
        <line num="12" count="2" type="stmt"/>
        <line num="13" count="2" type="stmt"/>
        <line num="15" count="0" type="stmt"/>
        <line num="20" count="2" type="stmt"/>
        <line num="21" count="0" type="stmt"/>
        <line num="24" count="2" type="stmt"/>
        <line num="25" count="2" type="stmt"/>
        <line num="29" count="2" type="stmt"/>
      </file>
      <file name="NAModule.js" path="/home/devtrust/Project/QA-API-Automation-Testing/modules/NAModule.js">
        <metrics statements="17" coveredstatements="16" conditionals="0" coveredconditionals="0" methods="6" coveredmethods="5"/>
        <line num="1" count="50" type="stmt"/>
        <line num="3" count="50" type="stmt"/>
        <line num="4" count="251" type="stmt"/>
        <line num="5" count="251" type="stmt"/>
        <line num="6" count="251" type="stmt"/>
        <line num="7" count="251" type="stmt"/>
        <line num="8" count="262" type="stmt"/>
        <line num="10" count="251" type="stmt"/>
        <line num="11" count="251" type="stmt"/>
        <line num="12" count="251" type="stmt"/>
        <line num="13" count="226" type="stmt"/>
        <line num="15" count="25" type="stmt"/>
        <line num="20" count="251" type="stmt"/>
        <line num="21" count="0" type="stmt"/>
        <line num="24" count="251" type="stmt"/>
        <line num="25" count="251" type="stmt"/>
        <line num="29" count="50" type="stmt"/>
      </file>
      <file name="OrderModule.js" path="/home/devtrust/Project/QA-API-Automation-Testing/modules/OrderModule.js">
        <metrics statements="13" coveredstatements="12" conditionals="0" coveredconditionals="0" methods="6" coveredmethods="5"/>
        <line num="1" count="1" type="stmt"/>
        <line num="4" count="6" type="stmt"/>
        <line num="5" count="6" type="stmt"/>
        <line num="6" count="6" type="stmt"/>
        <line num="8" count="6" type="stmt"/>
        <line num="9" count="6" type="stmt"/>
        <line num="12" count="6" type="stmt"/>
        <line num="13" count="6" type="stmt"/>
        <line num="14" count="6" type="stmt"/>
        <line num="18" count="6" type="stmt"/>
        <line num="19" count="0" type="stmt"/>
        <line num="22" count="6" type="stmt"/>
        <line num="26" count="1" type="stmt"/>
      </file>
    </package>
  </project>
</coverage>
