<?xml version="1.0" encoding="UTF-8"?>
<coverage generated="1709900543472" clover="3.2.0">
  <project timestamp="1709900543472" name="All files">
    <metrics statements="239" coveredstatements="231" conditionals="6" coveredconditionals="3" methods="31" coveredmethods="26" elements="276" coveredelements="260" complexity="0" loc="239" ncloc="239" packages="3" files="26" classes="26"/>
    <package name="QA-API-Automation-Testing">
      <metrics statements="36" coveredstatements="34" conditionals="6" coveredconditionals="3" methods="1" coveredmethods="1"/>
      <file name="config.js" path="/home/devtrust/Project/QA-API-Automation-Testing/config.js">
        <metrics statements="36" coveredstatements="34" conditionals="6" coveredconditionals="3" methods="1" coveredmethods="1"/>
        <line num="1" count="58" type="stmt"/>
        <line num="2" count="58" type="stmt"/>
        <line num="3" count="58" type="stmt"/>
        <line num="5" count="58" type="stmt"/>
        <line num="6" count="58" type="stmt"/>
        <line num="7" count="58" type="stmt"/>
        <line num="9" count="0" type="stmt"/>
        <line num="10" count="0" type="stmt"/>
        <line num="14" count="58" type="stmt"/>
        <line num="15" count="58" type="cond" truecount="1" falsecount="1"/>
        <line num="16" count="58" type="cond" truecount="1" falsecount="1"/>
        <line num="17" count="58" type="cond" truecount="1" falsecount="1"/>
        <line num="19" count="58" type="stmt"/>
        <line num="20" count="58" type="stmt"/>
        <line num="21" count="58" type="stmt"/>
        <line num="22" count="58" type="stmt"/>
        <line num="23" count="58" type="stmt"/>
        <line num="25" count="58" type="stmt"/>
        <line num="27" count="58" type="stmt"/>
        <line num="28" count="58" type="stmt"/>
        <line num="32" count="58" type="stmt"/>
        <line num="36" count="58" type="stmt"/>
        <line num="40" count="58" type="stmt"/>
        <line num="44" count="58" type="stmt"/>
        <line num="49" count="58" type="stmt"/>
        <line num="54" count="58" type="stmt"/>
        <line num="59" count="58" type="stmt"/>
        <line num="64" count="58" type="stmt"/>
        <line num="69" count="58" type="stmt"/>
        <line num="75" count="58" type="stmt"/>
        <line num="80" count="58" type="stmt"/>
        <line num="85" count="58" type="stmt"/>
        <line num="90" count="58" type="stmt"/>
        <line num="96" count="58" type="stmt"/>
        <line num="108" count="58" type="stmt"/>
        <line num="121" count="58" type="stmt"/>
      </file>
    </package>
    <package name="QA-API-Automation-Testing.RequestBodies">
      <metrics statements="122" coveredstatements="122" conditionals="0" coveredconditionals="0" methods="0" coveredmethods="0"/>
      <file name="BackOfficeAuthBody.js" path="/home/devtrust/Project/QA-API-Automation-Testing/RequestBodies/BackOfficeAuthBody.js">
        <metrics statements="6" coveredstatements="6" conditionals="0" coveredconditionals="0" methods="0" coveredmethods="0"/>
        <line num="1" count="1" type="stmt"/>
        <line num="3" count="1" type="stmt"/>
        <line num="5" count="1" type="stmt"/>
        <line num="7" count="1" type="stmt"/>
        <line num="8" count="1" type="stmt"/>
        <line num="10" count="1" type="stmt"/>
      </file>
      <file name="BackOfficePriorsBody.js" path="/home/devtrust/Project/QA-API-Automation-Testing/RequestBodies/BackOfficePriorsBody.js">
        <metrics statements="3" coveredstatements="3" conditionals="0" coveredconditionals="0" methods="0" coveredmethods="0"/>
        <line num="1" count="1" type="stmt"/>
        <line num="2" count="1" type="stmt"/>
        <line num="4" count="1" type="stmt"/>
      </file>
      <file name="COR-446-Body.js" path="/home/devtrust/Project/QA-API-Automation-Testing/RequestBodies/COR-446-Body.js">
        <metrics statements="10" coveredstatements="10" conditionals="0" coveredconditionals="0" methods="0" coveredmethods="0"/>
        <line num="1" count="1" type="stmt"/>
        <line num="111" count="1" type="stmt"/>
        <line num="220" count="1" type="stmt"/>
        <line num="329" count="1" type="stmt"/>
        <line num="439" count="1" type="stmt"/>
        <line num="548" count="1" type="stmt"/>
        <line num="659" count="1" type="stmt"/>
        <line num="768" count="1" type="stmt"/>
        <line num="879" count="1" type="stmt"/>
        <line num="988" count="1" type="stmt"/>
      </file>
      <file name="COR-470-Body.js" path="/home/devtrust/Project/QA-API-Automation-Testing/RequestBodies/COR-470-Body.js">
        <metrics statements="14" coveredstatements="14" conditionals="0" coveredconditionals="0" methods="0" coveredmethods="0"/>
        <line num="1" count="1" type="stmt"/>
        <line num="14" count="1" type="stmt"/>
        <line num="27" count="1" type="stmt"/>
        <line num="42" count="1" type="stmt"/>
        <line num="56" count="1" type="stmt"/>
        <line num="70" count="1" type="stmt"/>
        <line num="83" count="1" type="stmt"/>
        <line num="96" count="1" type="stmt"/>
        <line num="109" count="1" type="stmt"/>
        <line num="122" count="1" type="stmt"/>
        <line num="135" count="1" type="stmt"/>
        <line num="149" count="1" type="stmt"/>
        <line num="163" count="1" type="stmt"/>
        <line num="175" count="1" type="stmt"/>
      </file>
      <file name="CallbackOrderRamquest.js" path="/home/devtrust/Project/QA-API-Automation-Testing/RequestBodies/CallbackOrderRamquest.js">
        <metrics statements="2" coveredstatements="2" conditionals="0" coveredconditionals="0" methods="0" coveredmethods="0"/>
        <line num="1" count="1" type="stmt"/>
        <line num="1170" count="1" type="stmt"/>
      </file>
      <file name="Callback_Deliver_Title_Order_PRODBody.js" path="/home/devtrust/Project/QA-API-Automation-Testing/RequestBodies/Callback_Deliver_Title_Order_PRODBody.js">
        <metrics statements="4" coveredstatements="4" conditionals="0" coveredconditionals="0" methods="0" coveredmethods="0"/>
        <line num="1" count="1" type="stmt"/>
        <line num="821" count="1" type="stmt"/>
        <line num="1640" count="1" type="stmt"/>
        <line num="2458" count="1" type="stmt"/>
      </file>
      <file name="CommentUpdateBody.js" path="/home/devtrust/Project/QA-API-Automation-Testing/RequestBodies/CommentUpdateBody.js">
        <metrics statements="9" coveredstatements="9" conditionals="0" coveredconditionals="0" methods="0" coveredmethods="0"/>
        <line num="1" count="1" type="stmt"/>
        <line num="16" count="1" type="stmt"/>
        <line num="17" count="1" type="stmt"/>
        <line num="18" count="1" type="stmt"/>
        <line num="19" count="1" type="stmt"/>
        <line num="24" count="1" type="stmt"/>
        <line num="39" count="1" type="stmt"/>
        <line num="55" count="1" type="stmt"/>
        <line num="69" count="1" type="stmt"/>
      </file>
      <file name="FileDownloadBody.js" path="/home/devtrust/Project/QA-API-Automation-Testing/RequestBodies/FileDownloadBody.js">
        <metrics statements="8" coveredstatements="8" conditionals="0" coveredconditionals="0" methods="0" coveredmethods="0"/>
        <line num="1" count="1" type="stmt"/>
        <line num="2" count="1" type="stmt"/>
        <line num="3" count="1" type="stmt"/>
        <line num="4" count="1" type="stmt"/>
        <line num="6" count="1" type="stmt"/>
        <line num="7" count="1" type="stmt"/>
        <line num="8" count="1" type="stmt"/>
        <line num="10" count="1" type="stmt"/>
      </file>
      <file name="FileUploadBody.js" path="/home/devtrust/Project/QA-API-Automation-Testing/RequestBodies/FileUploadBody.js">
        <metrics statements="2" coveredstatements="2" conditionals="0" coveredconditionals="0" methods="0" coveredmethods="0"/>
        <line num="1" count="1" type="stmt"/>
        <line num="2" count="1" type="stmt"/>
      </file>
      <file name="JobDetailsBody.js" path="/home/devtrust/Project/QA-API-Automation-Testing/RequestBodies/JobDetailsBody.js">
        <metrics statements="6" coveredstatements="6" conditionals="0" coveredconditionals="0" methods="0" coveredmethods="0"/>
        <line num="1" count="1" type="stmt"/>
        <line num="2" count="1" type="stmt"/>
        <line num="4" count="1" type="stmt"/>
        <line num="5" count="1" type="stmt"/>
        <line num="6" count="1" type="stmt"/>
        <line num="9" count="1" type="stmt"/>
      </file>
      <file name="ListJobsBody.js" path="/home/devtrust/Project/QA-API-Automation-Testing/RequestBodies/ListJobsBody.js">
        <metrics statements="6" coveredstatements="6" conditionals="0" coveredconditionals="0" methods="0" coveredmethods="0"/>
        <line num="1" count="1" type="stmt"/>
        <line num="8" count="1" type="stmt"/>
        <line num="15" count="1" type="stmt"/>
        <line num="16" count="1" type="stmt"/>
        <line num="24" count="1" type="stmt"/>
        <line num="32" count="1" type="stmt"/>
      </file>
      <file name="NormalizeQualiaBody.js" path="/home/devtrust/Project/QA-API-Automation-Testing/RequestBodies/NormalizeQualiaBody.js">
        <metrics statements="4" coveredstatements="4" conditionals="0" coveredconditionals="0" methods="0" coveredmethods="0"/>
        <line num="1" count="1" type="stmt"/>
        <line num="58" count="1" type="stmt"/>
        <line num="59" count="1" type="stmt"/>
        <line num="61" count="1" type="stmt"/>
      </file>
      <file name="NotesUpdateBody.js" path="/home/devtrust/Project/QA-API-Automation-Testing/RequestBodies/NotesUpdateBody.js">
        <metrics statements="2" coveredstatements="2" conditionals="0" coveredconditionals="0" methods="0" coveredmethods="0"/>
        <line num="1" count="2" type="stmt"/>
        <line num="2" count="2" type="stmt"/>
      </file>
      <file name="OrderService_Normalizer_Body.js" path="/home/devtrust/Project/QA-API-Automation-Testing/RequestBodies/OrderService_Normalizer_Body.js">
        <metrics statements="2" coveredstatements="2" conditionals="0" coveredconditionals="0" methods="0" coveredmethods="0"/>
        <line num="1" count="1" type="stmt"/>
        <line num="62" count="1" type="stmt"/>
      </file>
      <file name="PDFGenBody.js" path="/home/devtrust/Project/QA-API-Automation-Testing/RequestBodies/PDFGenBody.js">
        <metrics statements="7" coveredstatements="7" conditionals="0" coveredconditionals="0" methods="0" coveredmethods="0"/>
        <line num="1" count="1" type="stmt"/>
        <line num="2" count="1" type="stmt"/>
        <line num="3" count="1" type="stmt"/>
        <line num="4" count="1" type="stmt"/>
        <line num="5" count="1" type="stmt"/>
        <line num="6" count="1" type="stmt"/>
        <line num="7" count="1" type="stmt"/>
      </file>
      <file name="SearchUpdateBodies.js" path="/home/devtrust/Project/QA-API-Automation-Testing/RequestBodies/SearchUpdateBodies.js">
        <metrics statements="2" coveredstatements="2" conditionals="0" coveredconditionals="0" methods="0" coveredmethods="0"/>
        <line num="1" count="1" type="stmt"/>
        <line num="3" count="1" type="stmt"/>
      </file>
      <file name="SpecialRequestBody.js" path="/home/devtrust/Project/QA-API-Automation-Testing/RequestBodies/SpecialRequestBody.js">
        <metrics statements="10" coveredstatements="10" conditionals="0" coveredconditionals="0" methods="0" coveredmethods="0"/>
        <line num="1" count="1" type="stmt"/>
        <line num="6" count="1" type="stmt"/>
        <line num="12" count="1" type="stmt"/>
        <line num="17" count="1" type="stmt"/>
        <line num="23" count="1" type="stmt"/>
        <line num="28" count="1" type="stmt"/>
        <line num="34" count="1" type="stmt"/>
        <line num="39" count="1" type="stmt"/>
        <line num="43" count="1" type="stmt"/>
        <line num="48" count="1" type="stmt"/>
      </file>
      <file name="StatusUpdateJobsBody.js" path="/home/devtrust/Project/QA-API-Automation-Testing/RequestBodies/StatusUpdateJobsBody.js">
        <metrics statements="6" coveredstatements="6" conditionals="0" coveredconditionals="0" methods="0" coveredmethods="0"/>
        <line num="1" count="1" type="stmt"/>
        <line num="12" count="1" type="stmt"/>
        <line num="22" count="1" type="stmt"/>
        <line num="32" count="1" type="stmt"/>
        <line num="42" count="1" type="stmt"/>
        <line num="53" count="1" type="stmt"/>
      </file>
      <file name="WebhookOrderRequestBody.js" path="/home/devtrust/Project/QA-API-Automation-Testing/RequestBodies/WebhookOrderRequestBody.js">
        <metrics statements="4" coveredstatements="4" conditionals="0" coveredconditionals="0" methods="0" coveredmethods="0"/>
        <line num="1" count="1" type="stmt"/>
        <line num="4" count="1" type="stmt"/>
        <line num="5" count="1" type="stmt"/>
        <line num="7" count="1" type="stmt"/>
      </file>
      <file name="s3DirectPDFBody.js" path="/home/devtrust/Project/QA-API-Automation-Testing/RequestBodies/s3DirectPDFBody.js">
        <metrics statements="15" coveredstatements="15" conditionals="0" coveredconditionals="0" methods="0" coveredmethods="0"/>
        <line num="1" count="1" type="stmt"/>
        <line num="16" count="1" type="stmt"/>
        <line num="31" count="1" type="stmt"/>
        <line num="47" count="1" type="stmt"/>
        <line num="63" count="1" type="stmt"/>
        <line num="79" count="1" type="stmt"/>
        <line num="81" count="1" type="stmt"/>
        <line num="82" count="1" type="stmt"/>
        <line num="84" count="1" type="stmt"/>
        <line num="86" count="1" type="stmt"/>
        <line num="88" count="1" type="stmt"/>
        <line num="90" count="1" type="stmt"/>
        <line num="92" count="1" type="stmt"/>
        <line num="94" count="1" type="stmt"/>
        <line num="95" count="1" type="stmt"/>
      </file>
    </package>
    <package name="QA-API-Automation-Testing.modules">
      <metrics statements="81" coveredstatements="75" conditionals="0" coveredconditionals="0" methods="30" coveredmethods="25"/>
      <file name="COR354TemplateModule.js" path="/home/devtrust/Project/QA-API-Automation-Testing/modules/COR354TemplateModule.js">
        <metrics statements="17" coveredstatements="16" conditionals="0" coveredconditionals="0" methods="6" coveredmethods="5"/>
        <line num="1" count="1" type="stmt"/>
        <line num="3" count="1" type="stmt"/>
        <line num="4" count="7" type="stmt"/>
        <line num="5" count="7" type="stmt"/>
        <line num="6" count="7" type="stmt"/>
        <line num="7" count="7" type="stmt"/>
        <line num="8" count="7" type="stmt"/>
        <line num="10" count="7" type="stmt"/>
        <line num="11" count="7" type="stmt"/>
        <line num="12" count="7" type="stmt"/>
        <line num="13" count="5" type="stmt"/>
        <line num="15" count="2" type="stmt"/>
        <line num="20" count="7" type="stmt"/>
        <line num="21" count="0" type="stmt"/>
        <line num="24" count="7" type="stmt"/>
        <line num="25" count="7" type="stmt"/>
        <line num="28" count="1" type="stmt"/>
      </file>
      <file name="COR355TemplateModule.js" path="/home/devtrust/Project/QA-API-Automation-Testing/modules/COR355TemplateModule.js">
        <metrics statements="17" coveredstatements="16" conditionals="0" coveredconditionals="0" methods="6" coveredmethods="5"/>
        <line num="1" count="1" type="stmt"/>
        <line num="3" count="1" type="stmt"/>
        <line num="4" count="6" type="stmt"/>
        <line num="5" count="6" type="stmt"/>
        <line num="6" count="6" type="stmt"/>
        <line num="7" count="6" type="stmt"/>
        <line num="8" count="6" type="stmt"/>
        <line num="10" count="6" type="stmt"/>
        <line num="11" count="6" type="stmt"/>
        <line num="12" count="6" type="stmt"/>
        <line num="13" count="4" type="stmt"/>
        <line num="15" count="2" type="stmt"/>
        <line num="20" count="6" type="stmt"/>
        <line num="21" count="0" type="stmt"/>
        <line num="24" count="6" type="stmt"/>
        <line num="25" count="6" type="stmt"/>
        <line num="28" count="1" type="stmt"/>
      </file>
      <file name="HttpModule.js" path="/home/devtrust/Project/QA-API-Automation-Testing/modules/HttpModule.js">
        <metrics statements="17" coveredstatements="15" conditionals="0" coveredconditionals="0" methods="6" coveredmethods="5"/>
        <line num="1" count="2" type="stmt"/>
        <line num="3" count="2" type="stmt"/>
        <line num="4" count="2" type="stmt"/>
        <line num="5" count="2" type="stmt"/>
        <line num="6" count="2" type="stmt"/>
        <line num="7" count="2" type="stmt"/>
        <line num="8" count="2" type="stmt"/>
        <line num="10" count="2" type="stmt"/>
        <line num="11" count="2" type="stmt"/>
        <line num="12" count="2" type="stmt"/>
        <line num="13" count="2" type="stmt"/>
        <line num="15" count="0" type="stmt"/>
        <line num="20" count="2" type="stmt"/>
        <line num="21" count="0" type="stmt"/>
        <line num="24" count="2" type="stmt"/>
        <line num="25" count="2" type="stmt"/>
        <line num="29" count="2" type="stmt"/>
      </file>
      <file name="NAModule.js" path="/home/devtrust/Project/QA-API-Automation-Testing/modules/NAModule.js">
        <metrics statements="17" coveredstatements="16" conditionals="0" coveredconditionals="0" methods="6" coveredmethods="5"/>
        <line num="1" count="52" type="stmt"/>
        <line num="3" count="52" type="stmt"/>
        <line num="4" count="288" type="stmt"/>
        <line num="5" count="288" type="stmt"/>
        <line num="6" count="287" type="stmt"/>
        <line num="7" count="287" type="stmt"/>
        <line num="8" count="295" type="stmt"/>
        <line num="10" count="287" type="stmt"/>
        <line num="11" count="287" type="stmt"/>
        <line num="12" count="287" type="stmt"/>
        <line num="13" count="262" type="stmt"/>
        <line num="15" count="25" type="stmt"/>
        <line num="20" count="288" type="stmt"/>
        <line num="21" count="0" type="stmt"/>
        <line num="24" count="288" type="stmt"/>
        <line num="25" count="288" type="stmt"/>
        <line num="29" count="52" type="stmt"/>
      </file>
      <file name="OrderModule.js" path="/home/devtrust/Project/QA-API-Automation-Testing/modules/OrderModule.js">
        <metrics statements="13" coveredstatements="12" conditionals="0" coveredconditionals="0" methods="6" coveredmethods="5"/>
        <line num="1" count="1" type="stmt"/>
        <line num="4" count="7" type="stmt"/>
        <line num="5" count="7" type="stmt"/>
        <line num="6" count="7" type="stmt"/>
        <line num="8" count="7" type="stmt"/>
        <line num="9" count="7" type="stmt"/>
        <line num="12" count="7" type="stmt"/>
        <line num="13" count="7" type="stmt"/>
        <line num="14" count="7" type="stmt"/>
        <line num="18" count="7" type="stmt"/>
        <line num="19" count="0" type="stmt"/>
        <line num="22" count="7" type="stmt"/>
        <line num="26" count="1" type="stmt"/>
      </file>
    </package>
  </project>
</coverage>
