{"/home/devtrust/Project/QA-API-Automation-Testing/config.js": {"path":"/home/devtrust/Project/QA-API-Automation-Testing/config.js","statementMap":{"0":{"start":{"line":1,"column":11},"end":{"line":1,"column":24}},"1":{"start":{"line":2,"column":15},"end":{"line":2,"column":32}},"2":{"start":{"line":3,"column":0},"end":{"line":3,"column":16}},"3":{"start":{"line":5,"column":2},"end":{"line":11,"column":3}},"4":{"start":{"line":6,"column":25},"end":{"line":6,"column":58}},"5":{"start":{"line":7,"column":4},"end":{"line":7,"column":31}},"6":{"start":{"line":9,"column":4},"end":{"line":9,"column":58}},"7":{"start":{"line":10,"column":4},"end":{"line":10,"column":16}},"8":{"start":{"line":14,"column":20},"end":{"line":14,"column":57}},"9":{"start":{"line":15,"column":13},"end":{"line":15,"column":79}},"10":{"start":{"line":16,"column":14},"end":{"line":16,"column":82}},"11":{"start":{"line":17,"column":16},"end":{"line":17,"column":88}},"12":{"start":{"line":19,"column":17},"end":{"line":19,"column":44}},"13":{"start":{"line":20,"column":17},"end":{"line":20,"column":45}},"14":{"start":{"line":21,"column":16},"end":{"line":21,"column":21}},"15":{"start":{"line":22,"column":24},"end":{"line":22,"column":35}},"16":{"start":{"line":23,"column":14},"end":{"line":23,"column":47}},"17":{"start":{"line":25,"column":2},"end":{"line":25,"column":1103}},"18":{"start":{"line":27,"column":23},"end":{"line":27,"column":70}},"19":{"start":{"line":28,"column":16},"end":{"line":31,"column":1}},"20":{"start":{"line":32,"column":22},"end":{"line":35,"column":1}},"21":{"start":{"line":36,"column":29},"end":{"line":39,"column":1}},"22":{"start":{"line":40,"column":27},"end":{"line":42,"column":1}},"23":{"start":{"line":44,"column":25},"end":{"line":48,"column":1}},"24":{"start":{"line":49,"column":25},"end":{"line":53,"column":1}},"25":{"start":{"line":54,"column":26},"end":{"line":58,"column":1}},"26":{"start":{"line":59,"column":32},"end":{"line":63,"column":1}},"27":{"start":{"line":64,"column":35},"end":{"line":68,"column":1}},"28":{"start":{"line":69,"column":28},"end":{"line":73,"column":1}},"29":{"start":{"line":75,"column":38},"end":{"line":79,"column":1}},"30":{"start":{"line":80,"column":39},"end":{"line":84,"column":1}},"31":{"start":{"line":85,"column":38},"end":{"line":89,"column":1}},"32":{"start":{"line":90,"column":41},"end":{"line":94,"column":1}},"33":{"start":{"line":96,"column":19},"end":{"line":107,"column":1}},"34":{"start":{"line":108,"column":18},"end":{"line":119,"column":1}},"35":{"start":{"line":121,"column":0},"end":{"line":144,"column":2}}},"fnMap":{"0":{"name":"readFileContents","decl":{"start":{"line":4,"column":9},"end":{"line":4,"column":25}},"loc":{"start":{"line":4,"column":36},"end":{"line":12,"column":1}},"line":4}},"branchMap":{"0":{"loc":{"start":{"line":15,"column":13},"end":{"line":15,"column":79}},"type":"cond-expr","locations":[{"start":{"line":15,"column":27},"end":{"line":15,"column":54}},{"start":{"line":15,"column":57},"end":{"line":15,"column":79}}],"line":15},"1":{"loc":{"start":{"line":16,"column":14},"end":{"line":16,"column":82}},"type":"cond-expr","locations":[{"start":{"line":16,"column":28},"end":{"line":16,"column":56}},{"start":{"line":16,"column":59},"end":{"line":16,"column":82}}],"line":16},"2":{"loc":{"start":{"line":17,"column":16},"end":{"line":17,"column":88}},"type":"cond-expr","locations":[{"start":{"line":17,"column":30},"end":{"line":17,"column":60}},{"start":{"line":17,"column":63},"end":{"line":17,"column":88}}],"line":17}},"s":{"0":58,"1":58,"2":58,"3":58,"4":58,"5":58,"6":0,"7":0,"8":58,"9":58,"10":58,"11":58,"12":58,"13":58,"14":58,"15":58,"16":58,"17":58,"18":58,"19":58,"20":58,"21":58,"22":58,"23":58,"24":58,"25":58,"26":58,"27":58,"28":58,"29":58,"30":58,"31":58,"32":58,"33":58,"34":58,"35":58},"f":{"0":58},"b":{"0":[0,58],"1":[0,58],"2":[0,58]},"_coverageSchema":"1a1c01bbd47fc00a2c39e90264f33305004495a9","hash":"b09a3f4c9402c08ae207b75736a903a7eaf03dd6"}
,"/home/devtrust/Project/QA-API-Automation-Testing/RequestBodies/BackOfficeAuthBody.js": {"path":"/home/devtrust/Project/QA-API-Automation-Testing/RequestBodies/BackOfficeAuthBody.js","statementMap":{"0":{"start":{"line":1,"column":16},"end":{"line":1,"column":193}},"1":{"start":{"line":3,"column":21},"end":{"line":3,"column":158}},"2":{"start":{"line":5,"column":17},"end":{"line":5,"column":190}},"3":{"start":{"line":7,"column":19},"end":{"line":7,"column":201}},"4":{"start":{"line":8,"column":23},"end":{"line":8,"column":204}},"5":{"start":{"line":10,"column":0},"end":{"line":16,"column":2}}},"fnMap":{},"branchMap":{},"s":{"0":1,"1":1,"2":1,"3":1,"4":1,"5":1},"f":{},"b":{},"_coverageSchema":"1a1c01bbd47fc00a2c39e90264f33305004495a9","hash":"273286583a2e23b3044dfda70a56228b0f6ec51a"}
,"/home/devtrust/Project/QA-API-Automation-Testing/RequestBodies/BackOfficePriorsBody.js": {"path":"/home/devtrust/Project/QA-API-Automation-Testing/RequestBodies/BackOfficePriorsBody.js","statementMap":{"0":{"start":{"line":1,"column":16},"end":{"line":1,"column":170}},"1":{"start":{"line":2,"column":21},"end":{"line":2,"column":135}},"2":{"start":{"line":4,"column":0},"end":{"line":7,"column":2}}},"fnMap":{},"branchMap":{},"s":{"0":1,"1":1,"2":1},"f":{},"b":{},"_coverageSchema":"1a1c01bbd47fc00a2c39e90264f33305004495a9","hash":"9face018d2fcddb7e3fcda35594640dc1b2448b4"}
,"/home/devtrust/Project/QA-API-Automation-Testing/RequestBodies/COR-446-Body.js": {"path":"/home/devtrust/Project/QA-API-Automation-Testing/RequestBodies/COR-446-Body.js","statementMap":{"0":{"start":{"line":1,"column":16},"end":{"line":110,"column":3}},"1":{"start":{"line":111,"column":30},"end":{"line":219,"column":3}},"2":{"start":{"line":220,"column":38},"end":{"line":328,"column":3}},"3":{"start":{"line":329,"column":35},"end":{"line":437,"column":3}},"4":{"start":{"line":439,"column":30},"end":{"line":547,"column":3}},"5":{"start":{"line":548,"column":24},"end":{"line":657,"column":1}},"6":{"start":{"line":659,"column":33},"end":{"line":767,"column":1}},"7":{"start":{"line":768,"column":31},"end":{"line":877,"column":1}},"8":{"start":{"line":879,"column":37},"end":{"line":987,"column":1}},"9":{"start":{"line":988,"column":2},"end":{"line":998,"column":4}}},"fnMap":{},"branchMap":{},"s":{"0":1,"1":1,"2":1,"3":1,"4":1,"5":1,"6":1,"7":1,"8":1,"9":1},"f":{},"b":{},"_coverageSchema":"1a1c01bbd47fc00a2c39e90264f33305004495a9","hash":"574f8a0dfa6f95cee74a944a8d36222d5964990e"}
,"/home/devtrust/Project/QA-API-Automation-Testing/RequestBodies/COR-470-Body.js": {"path":"/home/devtrust/Project/QA-API-Automation-Testing/RequestBodies/COR-470-Body.js","statementMap":{"0":{"start":{"line":1,"column":16},"end":{"line":12,"column":1}},"1":{"start":{"line":14,"column":22},"end":{"line":26,"column":1}},"2":{"start":{"line":27,"column":24},"end":{"line":39,"column":1}},"3":{"start":{"line":42,"column":24},"end":{"line":53,"column":1}},"4":{"start":{"line":56,"column":23},"end":{"line":68,"column":1}},"5":{"start":{"line":70,"column":23},"end":{"line":82,"column":1}},"6":{"start":{"line":83,"column":33},"end":{"line":95,"column":1}},"7":{"start":{"line":96,"column":26},"end":{"line":108,"column":1}},"8":{"start":{"line":109,"column":28},"end":{"line":121,"column":1}},"9":{"start":{"line":122,"column":24},"end":{"line":134,"column":1}},"10":{"start":{"line":135,"column":24},"end":{"line":147,"column":1}},"11":{"start":{"line":149,"column":31},"end":{"line":161,"column":1}},"12":{"start":{"line":163,"column":32},"end":{"line":174,"column":1}},"13":{"start":{"line":175,"column":0},"end":{"line":189,"column":2}}},"fnMap":{},"branchMap":{},"s":{"0":1,"1":1,"2":1,"3":1,"4":1,"5":1,"6":1,"7":1,"8":1,"9":1,"10":1,"11":1,"12":1,"13":1},"f":{},"b":{},"_coverageSchema":"1a1c01bbd47fc00a2c39e90264f33305004495a9","hash":"ef1ec011360b2f4691345b5f91be356d2d4257b1"}
,"/home/devtrust/Project/QA-API-Automation-Testing/RequestBodies/CallbackOrderRamquest.js": {"path":"/home/devtrust/Project/QA-API-Automation-Testing/RequestBodies/CallbackOrderRamquest.js","statementMap":{"0":{"start":{"line":1,"column":34},"end":{"line":1168,"column":1}},"1":{"start":{"line":1170,"column":0},"end":{"line":1172,"column":2}}},"fnMap":{},"branchMap":{},"s":{"0":1,"1":1},"f":{},"b":{},"_coverageSchema":"1a1c01bbd47fc00a2c39e90264f33305004495a9","hash":"a7ca5b42617cc6bfafd7af0c81ad996759816d37"}
,"/home/devtrust/Project/QA-API-Automation-Testing/RequestBodies/Callback_Deliver_Title_Order_PRODBody.js": {"path":"/home/devtrust/Project/QA-API-Automation-Testing/RequestBodies/Callback_Deliver_Title_Order_PRODBody.js","statementMap":{"0":{"start":{"line":1,"column":27},"end":{"line":818,"column":2}},"1":{"start":{"line":821,"column":41},"end":{"line":1638,"column":2}},"2":{"start":{"line":1640,"column":29},"end":{"line":2457,"column":2}},"3":{"start":{"line":2458,"column":2},"end":{"line":2462,"column":4}}},"fnMap":{},"branchMap":{},"s":{"0":1,"1":1,"2":1,"3":1},"f":{},"b":{},"_coverageSchema":"1a1c01bbd47fc00a2c39e90264f33305004495a9","hash":"2c02a2ac4d88fccc161d8ec80fe238757fcf1dfa"}
,"/home/devtrust/Project/QA-API-Automation-Testing/RequestBodies/CommentUpdateBody.js": {"path":"/home/devtrust/Project/QA-API-Automation-Testing/RequestBodies/CommentUpdateBody.js","statementMap":{"0":{"start":{"line":1,"column":26},"end":{"line":14,"column":1}},"1":{"start":{"line":16,"column":19},"end":{"line":16,"column":32}},"2":{"start":{"line":17,"column":25},"end":{"line":17,"column":66}},"3":{"start":{"line":18,"column":16},"end":{"line":18,"column":18}},"4":{"start":{"line":19,"column":19},"end":{"line":21,"column":1}},"5":{"start":{"line":24,"column":16},"end":{"line":37,"column":1}},"6":{"start":{"line":39,"column":23},"end":{"line":52,"column":1}},"7":{"start":{"line":55,"column":19},"end":{"line":68,"column":1}},"8":{"start":{"line":69,"column":0},"end":{"line":78,"column":2}}},"fnMap":{},"branchMap":{},"s":{"0":1,"1":1,"2":1,"3":1,"4":1,"5":1,"6":1,"7":1,"8":1},"f":{},"b":{},"_coverageSchema":"1a1c01bbd47fc00a2c39e90264f33305004495a9","hash":"475cf41ec261c77e2f8a600258cb7e0261f04878"}
,"/home/devtrust/Project/QA-API-Automation-Testing/RequestBodies/FileDownloadBody.js": {"path":"/home/devtrust/Project/QA-API-Automation-Testing/RequestBodies/FileDownloadBody.js","statementMap":{"0":{"start":{"line":1,"column":16},"end":{"line":1,"column":239}},"1":{"start":{"line":2,"column":21},"end":{"line":2,"column":204}},"2":{"start":{"line":3,"column":19},"end":{"line":3,"column":232}},"3":{"start":{"line":4,"column":21},"end":{"line":4,"column":249}},"4":{"start":{"line":6,"column":25},"end":{"line":6,"column":246}},"5":{"start":{"line":7,"column":22},"end":{"line":7,"column":212}},"6":{"start":{"line":8,"column":19},"end":{"line":8,"column":246}},"7":{"start":{"line":10,"column":0},"end":{"line":18,"column":4}}},"fnMap":{},"branchMap":{},"s":{"0":1,"1":1,"2":1,"3":1,"4":1,"5":1,"6":1,"7":1},"f":{},"b":{},"_coverageSchema":"1a1c01bbd47fc00a2c39e90264f33305004495a9","hash":"5e7181ef7b6a5134b45edfae2af22a42df3699f8"}
,"/home/devtrust/Project/QA-API-Automation-Testing/RequestBodies/FileUploadBody.js": {"path":"/home/devtrust/Project/QA-API-Automation-Testing/RequestBodies/FileUploadBody.js","statementMap":{"0":{"start":{"line":1,"column":16},"end":{"line":1,"column":510}},"1":{"start":{"line":2,"column":0},"end":{"line":4,"column":2}}},"fnMap":{},"branchMap":{},"s":{"0":1,"1":1},"f":{},"b":{},"_coverageSchema":"1a1c01bbd47fc00a2c39e90264f33305004495a9","hash":"23a8dc201f86a508336233e0208dd1b9e3322ef8"}
,"/home/devtrust/Project/QA-API-Automation-Testing/RequestBodies/JobDetailsBody.js": {"path":"/home/devtrust/Project/QA-API-Automation-Testing/RequestBodies/JobDetailsBody.js","statementMap":{"0":{"start":{"line":1,"column":16},"end":{"line":1,"column":193}},"1":{"start":{"line":2,"column":19},"end":{"line":2,"column":185}},"2":{"start":{"line":4,"column":21},"end":{"line":4,"column":190}},"3":{"start":{"line":5,"column":25},"end":{"line":5,"column":193}},"4":{"start":{"line":6,"column":21},"end":{"line":6,"column":124}},"5":{"start":{"line":9,"column":0},"end":{"line":15,"column":2}}},"fnMap":{},"branchMap":{},"s":{"0":1,"1":1,"2":1,"3":1,"4":1,"5":1},"f":{},"b":{},"_coverageSchema":"1a1c01bbd47fc00a2c39e90264f33305004495a9","hash":"0f24f0d87500973e5b38b9f40c6b4e7260492035"}
,"/home/devtrust/Project/QA-API-Automation-Testing/RequestBodies/ListJobsBody.js": {"path":"/home/devtrust/Project/QA-API-Automation-Testing/RequestBodies/ListJobsBody.js","statementMap":{"0":{"start":{"line":1,"column":16},"end":{"line":7,"column":1}},"1":{"start":{"line":8,"column":22},"end":{"line":14,"column":1}},"2":{"start":{"line":15,"column":21},"end":{"line":15,"column":170}},"3":{"start":{"line":16,"column":23},"end":{"line":22,"column":1}},"4":{"start":{"line":24,"column":27},"end":{"line":30,"column":1}},"5":{"start":{"line":32,"column":0},"end":{"line":38,"column":2}}},"fnMap":{},"branchMap":{},"s":{"0":1,"1":1,"2":1,"3":1,"4":1,"5":1},"f":{},"b":{},"_coverageSchema":"1a1c01bbd47fc00a2c39e90264f33305004495a9","hash":"4685bd3aabc88a864eb4b3a975b1c8e484eb084c"}
,"/home/devtrust/Project/QA-API-Automation-Testing/RequestBodies/NormalizeQualiaBody.js": {"path":"/home/devtrust/Project/QA-API-Automation-Testing/RequestBodies/NormalizeQualiaBody.js","statementMap":{"0":{"start":{"line":1,"column":28},"end":{"line":56,"column":1}},"1":{"start":{"line":58,"column":40},"end":{"line":58,"column":53}},"2":{"start":{"line":59,"column":16},"end":{"line":59,"column":19}},"3":{"start":{"line":61,"column":0},"end":{"line":65,"column":2}}},"fnMap":{},"branchMap":{},"s":{"0":1,"1":1,"2":1,"3":1},"f":{},"b":{},"_coverageSchema":"1a1c01bbd47fc00a2c39e90264f33305004495a9","hash":"6e530270fc2c429277c6b513350a19c1d5f8d3d9"}
,"/home/devtrust/Project/QA-API-Automation-Testing/RequestBodies/NotesUpdateBody.js": {"path":"/home/devtrust/Project/QA-API-Automation-Testing/RequestBodies/NotesUpdateBody.js","statementMap":{"0":{"start":{"line":1,"column":16},"end":{"line":1,"column":229}},"1":{"start":{"line":2,"column":0},"end":{"line":4,"column":2}}},"fnMap":{},"branchMap":{},"s":{"0":2,"1":2},"f":{},"b":{},"_coverageSchema":"1a1c01bbd47fc00a2c39e90264f33305004495a9","hash":"9c57cabf3f631b928a3a30ec2e8b5a43ecf86565"}
,"/home/devtrust/Project/QA-API-Automation-Testing/RequestBodies/OrderService_Normalizer_Body.js": {"path":"/home/devtrust/Project/QA-API-Automation-Testing/RequestBodies/OrderService_Normalizer_Body.js","statementMap":{"0":{"start":{"line":1,"column":14},"end":{"line":60,"column":2}},"1":{"start":{"line":62,"column":3},"end":{"line":64,"column":4}}},"fnMap":{},"branchMap":{},"s":{"0":1,"1":1},"f":{},"b":{},"_coverageSchema":"1a1c01bbd47fc00a2c39e90264f33305004495a9","hash":"ec9905fa223e5b6b36b96166ceda83eb6008d4ad"}
,"/home/devtrust/Project/QA-API-Automation-Testing/RequestBodies/PDFGenBody.js": {"path":"/home/devtrust/Project/QA-API-Automation-Testing/RequestBodies/PDFGenBody.js","statementMap":{"0":{"start":{"line":1,"column":16},"end":{"line":1,"column":374}},"1":{"start":{"line":2,"column":18},"end":{"line":2,"column":366}},"2":{"start":{"line":3,"column":21},"end":{"line":3,"column":371}},"3":{"start":{"line":4,"column":25},"end":{"line":4,"column":372}},"4":{"start":{"line":5,"column":19},"end":{"line":5,"column":373}},"5":{"start":{"line":6,"column":21},"end":{"line":6,"column":341}},"6":{"start":{"line":7,"column":0},"end":{"line":14,"column":2}}},"fnMap":{},"branchMap":{},"s":{"0":1,"1":1,"2":1,"3":1,"4":1,"5":1,"6":1},"f":{},"b":{},"_coverageSchema":"1a1c01bbd47fc00a2c39e90264f33305004495a9","hash":"acba9699ffc9bc741e2d8f8ecf5007328fbae098"}
,"/home/devtrust/Project/QA-API-Automation-Testing/RequestBodies/SearchUpdateBodies.js": {"path":"/home/devtrust/Project/QA-API-Automation-Testing/RequestBodies/SearchUpdateBodies.js","statementMap":{"0":{"start":{"line":1,"column":16},"end":{"line":1,"column":149}},"1":{"start":{"line":3,"column":0},"end":{"line":5,"column":2}}},"fnMap":{},"branchMap":{},"s":{"0":1,"1":1},"f":{},"b":{},"_coverageSchema":"1a1c01bbd47fc00a2c39e90264f33305004495a9","hash":"aa7974fa5ce9ab816630f78948fddd7502ce89eb"}
,"/home/devtrust/Project/QA-API-Automation-Testing/RequestBodies/SpecialRequestBody.js": {"path":"/home/devtrust/Project/QA-API-Automation-Testing/RequestBodies/SpecialRequestBody.js","statementMap":{"0":{"start":{"line":1,"column":16},"end":{"line":5,"column":1}},"1":{"start":{"line":6,"column":24},"end":{"line":11,"column":1}},"2":{"start":{"line":12,"column":24},"end":{"line":16,"column":1}},"3":{"start":{"line":17,"column":22},"end":{"line":21,"column":1}},"4":{"start":{"line":23,"column":24},"end":{"line":26,"column":1}},"5":{"start":{"line":28,"column":24},"end":{"line":32,"column":1}},"6":{"start":{"line":34,"column":22},"end":{"line":38,"column":1}},"7":{"start":{"line":39,"column":24},"end":{"line":42,"column":1}},"8":{"start":{"line":43,"column":21},"end":{"line":47,"column":1}},"9":{"start":{"line":48,"column":0},"end":{"line":58,"column":2}}},"fnMap":{},"branchMap":{},"s":{"0":1,"1":1,"2":1,"3":1,"4":1,"5":1,"6":1,"7":1,"8":1,"9":1},"f":{},"b":{},"_coverageSchema":"1a1c01bbd47fc00a2c39e90264f33305004495a9","hash":"c3222107d299645a870ea76f9e9e4b1407a2c5a2"}
,"/home/devtrust/Project/QA-API-Automation-Testing/RequestBodies/StatusUpdateJobsBody.js": {"path":"/home/devtrust/Project/QA-API-Automation-Testing/RequestBodies/StatusUpdateJobsBody.js","statementMap":{"0":{"start":{"line":1,"column":16},"end":{"line":10,"column":1}},"1":{"start":{"line":12,"column":22},"end":{"line":21,"column":1}},"2":{"start":{"line":22,"column":21},"end":{"line":31,"column":1}},"3":{"start":{"line":32,"column":23},"end":{"line":41,"column":1}},"4":{"start":{"line":42,"column":27},"end":{"line":51,"column":1}},"5":{"start":{"line":53,"column":0},"end":{"line":59,"column":2}}},"fnMap":{},"branchMap":{},"s":{"0":1,"1":1,"2":1,"3":1,"4":1,"5":1},"f":{},"b":{},"_coverageSchema":"1a1c01bbd47fc00a2c39e90264f33305004495a9","hash":"788979e143643d5e5d0bb9fad15ac3481000f5d9"}
,"/home/devtrust/Project/QA-API-Automation-Testing/RequestBodies/WebhookOrderRequestBody.js": {"path":"/home/devtrust/Project/QA-API-Automation-Testing/RequestBodies/WebhookOrderRequestBody.js","statementMap":{"0":{"start":{"line":1,"column":32},"end":{"line":1,"column":28541}},"1":{"start":{"line":4,"column":52},"end":{"line":4,"column":74}},"2":{"start":{"line":5,"column":41},"end":{"line":5,"column":43}},"3":{"start":{"line":7,"column":0},"end":{"line":11,"column":2}}},"fnMap":{},"branchMap":{},"s":{"0":1,"1":1,"2":1,"3":1},"f":{},"b":{},"_coverageSchema":"1a1c01bbd47fc00a2c39e90264f33305004495a9","hash":"3efeebd7176ca88196b8fb47ce29e27984f53c1e"}
,"/home/devtrust/Project/QA-API-Automation-Testing/RequestBodies/s3DirectPDFBody.js": {"path":"/home/devtrust/Project/QA-API-Automation-Testing/RequestBodies/s3DirectPDFBody.js","statementMap":{"0":{"start":{"line":1,"column":16},"end":{"line":15,"column":1}},"1":{"start":{"line":16,"column":21},"end":{"line":30,"column":1}},"2":{"start":{"line":31,"column":23},"end":{"line":45,"column":1}},"3":{"start":{"line":47,"column":16},"end":{"line":61,"column":1}},"4":{"start":{"line":63,"column":20},"end":{"line":77,"column":1}},"5":{"start":{"line":79,"column":18},"end":{"line":79,"column":293}},"6":{"start":{"line":81,"column":20},"end":{"line":81,"column":262}},"7":{"start":{"line":82,"column":20},"end":{"line":82,"column":301}},"8":{"start":{"line":84,"column":22},"end":{"line":84,"column":303}},"9":{"start":{"line":86,"column":22},"end":{"line":86,"column":289}},"10":{"start":{"line":88,"column":21},"end":{"line":88,"column":302}},"11":{"start":{"line":90,"column":20},"end":{"line":90,"column":297}},"12":{"start":{"line":92,"column":22},"end":{"line":92,"column":303}},"13":{"start":{"line":94,"column":19},"end":{"line":94,"column":299}},"14":{"start":{"line":95,"column":0},"end":{"line":110,"column":2}}},"fnMap":{},"branchMap":{},"s":{"0":1,"1":1,"2":1,"3":1,"4":1,"5":1,"6":1,"7":1,"8":1,"9":1,"10":1,"11":1,"12":1,"13":1,"14":1},"f":{},"b":{},"_coverageSchema":"1a1c01bbd47fc00a2c39e90264f33305004495a9","hash":"68f2cc9082578c648c917c92c4805a912b6aa715"}
,"/home/devtrust/Project/QA-API-Automation-Testing/modules/COR354TemplateModule.js": {"path":"/home/devtrust/Project/QA-API-Automation-Testing/modules/COR354TemplateModule.js","statementMap":{"0":{"start":{"line":1,"column":14},"end":{"line":1,"column":30}},"1":{"start":{"line":3,"column":29},"end":{"line":27,"column":3}},"2":{"start":{"line":4,"column":2},"end":{"line":26,"column":5}},"3":{"start":{"line":5,"column":16},"end":{"line":18,"column":6}},"4":{"start":{"line":6,"column":25},"end":{"line":6,"column":27}},"5":{"start":{"line":7,"column":6},"end":{"line":9,"column":9}},"6":{"start":{"line":8,"column":8},"end":{"line":8,"column":30}},"7":{"start":{"line":10,"column":6},"end":{"line":17,"column":9}},"8":{"start":{"line":11,"column":8},"end":{"line":16,"column":9}},"9":{"start":{"line":12,"column":23},"end":{"line":12,"column":47}},"10":{"start":{"line":13,"column":10},"end":{"line":13,"column":24}},"11":{"start":{"line":15,"column":10},"end":{"line":15,"column":57}},"12":{"start":{"line":20,"column":4},"end":{"line":22,"column":7}},"13":{"start":{"line":21,"column":6},"end":{"line":21,"column":20}},"14":{"start":{"line":24,"column":4},"end":{"line":24,"column":24}},"15":{"start":{"line":25,"column":4},"end":{"line":25,"column":14}},"16":{"start":{"line":28,"column":2},"end":{"line":28,"column":40}}},"fnMap":{"0":{"name":"(anonymous_0)","decl":{"start":{"line":3,"column":29},"end":{"line":3,"column":30}},"loc":{"start":{"line":3,"column":57},"end":{"line":27,"column":3}},"line":3},"1":{"name":"(anonymous_1)","decl":{"start":{"line":4,"column":21},"end":{"line":4,"column":22}},"loc":{"start":{"line":4,"column":42},"end":{"line":26,"column":3}},"line":4},"2":{"name":"(anonymous_2)","decl":{"start":{"line":5,"column":39},"end":{"line":5,"column":40}},"loc":{"start":{"line":5,"column":48},"end":{"line":18,"column":5}},"line":5},"3":{"name":"(anonymous_3)","decl":{"start":{"line":7,"column":21},"end":{"line":7,"column":22}},"loc":{"start":{"line":7,"column":32},"end":{"line":9,"column":7}},"line":7},"4":{"name":"(anonymous_4)","decl":{"start":{"line":10,"column":20},"end":{"line":10,"column":21}},"loc":{"start":{"line":10,"column":26},"end":{"line":17,"column":7}},"line":10},"5":{"name":"(anonymous_5)","decl":{"start":{"line":20,"column":20},"end":{"line":20,"column":21}},"loc":{"start":{"line":20,"column":31},"end":{"line":22,"column":5}},"line":20}},"branchMap":{},"s":{"0":1,"1":1,"2":7,"3":7,"4":7,"5":7,"6":7,"7":7,"8":7,"9":7,"10":5,"11":2,"12":7,"13":0,"14":7,"15":7,"16":1},"f":{"0":7,"1":7,"2":7,"3":7,"4":7,"5":0},"b":{},"_coverageSchema":"1a1c01bbd47fc00a2c39e90264f33305004495a9","hash":"0a4de3b276b81d6cd6a25b5ed084ce58fd792a50"}
,"/home/devtrust/Project/QA-API-Automation-Testing/modules/COR355TemplateModule.js": {"path":"/home/devtrust/Project/QA-API-Automation-Testing/modules/COR355TemplateModule.js","statementMap":{"0":{"start":{"line":1,"column":14},"end":{"line":1,"column":30}},"1":{"start":{"line":3,"column":29},"end":{"line":27,"column":3}},"2":{"start":{"line":4,"column":2},"end":{"line":26,"column":5}},"3":{"start":{"line":5,"column":16},"end":{"line":18,"column":6}},"4":{"start":{"line":6,"column":25},"end":{"line":6,"column":27}},"5":{"start":{"line":7,"column":6},"end":{"line":9,"column":9}},"6":{"start":{"line":8,"column":8},"end":{"line":8,"column":30}},"7":{"start":{"line":10,"column":6},"end":{"line":17,"column":9}},"8":{"start":{"line":11,"column":8},"end":{"line":16,"column":9}},"9":{"start":{"line":12,"column":23},"end":{"line":12,"column":47}},"10":{"start":{"line":13,"column":10},"end":{"line":13,"column":24}},"11":{"start":{"line":15,"column":10},"end":{"line":15,"column":57}},"12":{"start":{"line":20,"column":4},"end":{"line":22,"column":7}},"13":{"start":{"line":21,"column":6},"end":{"line":21,"column":20}},"14":{"start":{"line":24,"column":4},"end":{"line":24,"column":24}},"15":{"start":{"line":25,"column":4},"end":{"line":25,"column":14}},"16":{"start":{"line":28,"column":2},"end":{"line":28,"column":40}}},"fnMap":{"0":{"name":"(anonymous_0)","decl":{"start":{"line":3,"column":29},"end":{"line":3,"column":30}},"loc":{"start":{"line":3,"column":57},"end":{"line":27,"column":3}},"line":3},"1":{"name":"(anonymous_1)","decl":{"start":{"line":4,"column":21},"end":{"line":4,"column":22}},"loc":{"start":{"line":4,"column":42},"end":{"line":26,"column":3}},"line":4},"2":{"name":"(anonymous_2)","decl":{"start":{"line":5,"column":39},"end":{"line":5,"column":40}},"loc":{"start":{"line":5,"column":48},"end":{"line":18,"column":5}},"line":5},"3":{"name":"(anonymous_3)","decl":{"start":{"line":7,"column":21},"end":{"line":7,"column":22}},"loc":{"start":{"line":7,"column":32},"end":{"line":9,"column":7}},"line":7},"4":{"name":"(anonymous_4)","decl":{"start":{"line":10,"column":20},"end":{"line":10,"column":21}},"loc":{"start":{"line":10,"column":26},"end":{"line":17,"column":7}},"line":10},"5":{"name":"(anonymous_5)","decl":{"start":{"line":20,"column":20},"end":{"line":20,"column":21}},"loc":{"start":{"line":20,"column":31},"end":{"line":22,"column":5}},"line":20}},"branchMap":{},"s":{"0":1,"1":1,"2":6,"3":6,"4":6,"5":6,"6":6,"7":6,"8":6,"9":6,"10":4,"11":2,"12":6,"13":0,"14":6,"15":6,"16":1},"f":{"0":6,"1":6,"2":6,"3":6,"4":6,"5":0},"b":{},"_coverageSchema":"1a1c01bbd47fc00a2c39e90264f33305004495a9","hash":"aa80c50204fa99fa416420e4a9d60d91396ad44e"}
,"/home/devtrust/Project/QA-API-Automation-Testing/modules/HttpModule.js": {"path":"/home/devtrust/Project/QA-API-Automation-Testing/modules/HttpModule.js","statementMap":{"0":{"start":{"line":1,"column":13},"end":{"line":1,"column":28}},"1":{"start":{"line":3,"column":19},"end":{"line":27,"column":1}},"2":{"start":{"line":4,"column":2},"end":{"line":26,"column":5}},"3":{"start":{"line":5,"column":16},"end":{"line":18,"column":6}},"4":{"start":{"line":6,"column":25},"end":{"line":6,"column":27}},"5":{"start":{"line":7,"column":6},"end":{"line":9,"column":9}},"6":{"start":{"line":8,"column":8},"end":{"line":8,"column":30}},"7":{"start":{"line":10,"column":6},"end":{"line":17,"column":9}},"8":{"start":{"line":11,"column":8},"end":{"line":16,"column":9}},"9":{"start":{"line":12,"column":23},"end":{"line":12,"column":47}},"10":{"start":{"line":13,"column":10},"end":{"line":13,"column":24}},"11":{"start":{"line":15,"column":10},"end":{"line":15,"column":57}},"12":{"start":{"line":20,"column":4},"end":{"line":22,"column":7}},"13":{"start":{"line":21,"column":6},"end":{"line":21,"column":20}},"14":{"start":{"line":24,"column":4},"end":{"line":24,"column":24}},"15":{"start":{"line":25,"column":4},"end":{"line":25,"column":14}},"16":{"start":{"line":29,"column":0},"end":{"line":29,"column":28}}},"fnMap":{"0":{"name":"(anonymous_0)","decl":{"start":{"line":3,"column":19},"end":{"line":3,"column":20}},"loc":{"start":{"line":3,"column":48},"end":{"line":27,"column":1}},"line":3},"1":{"name":"(anonymous_1)","decl":{"start":{"line":4,"column":21},"end":{"line":4,"column":22}},"loc":{"start":{"line":4,"column":42},"end":{"line":26,"column":3}},"line":4},"2":{"name":"(anonymous_2)","decl":{"start":{"line":5,"column":38},"end":{"line":5,"column":39}},"loc":{"start":{"line":5,"column":47},"end":{"line":18,"column":5}},"line":5},"3":{"name":"(anonymous_3)","decl":{"start":{"line":7,"column":21},"end":{"line":7,"column":22}},"loc":{"start":{"line":7,"column":32},"end":{"line":9,"column":7}},"line":7},"4":{"name":"(anonymous_4)","decl":{"start":{"line":10,"column":20},"end":{"line":10,"column":21}},"loc":{"start":{"line":10,"column":26},"end":{"line":17,"column":7}},"line":10},"5":{"name":"(anonymous_5)","decl":{"start":{"line":20,"column":20},"end":{"line":20,"column":21}},"loc":{"start":{"line":20,"column":31},"end":{"line":22,"column":5}},"line":20}},"branchMap":{},"s":{"0":2,"1":2,"2":2,"3":2,"4":2,"5":2,"6":2,"7":2,"8":2,"9":2,"10":2,"11":0,"12":2,"13":0,"14":2,"15":2,"16":2},"f":{"0":2,"1":2,"2":2,"3":2,"4":2,"5":0},"b":{},"_coverageSchema":"1a1c01bbd47fc00a2c39e90264f33305004495a9","hash":"82e7b4617f4935ebbfa8d02f5c18d79bce426bf6"}
,"/home/devtrust/Project/QA-API-Automation-Testing/modules/NAModule.js": {"path":"/home/devtrust/Project/QA-API-Automation-Testing/modules/NAModule.js","statementMap":{"0":{"start":{"line":1,"column":14},"end":{"line":1,"column":30}},"1":{"start":{"line":3,"column":17},"end":{"line":27,"column":1}},"2":{"start":{"line":4,"column":2},"end":{"line":26,"column":5}},"3":{"start":{"line":5,"column":16},"end":{"line":18,"column":6}},"4":{"start":{"line":6,"column":25},"end":{"line":6,"column":27}},"5":{"start":{"line":7,"column":6},"end":{"line":9,"column":9}},"6":{"start":{"line":8,"column":8},"end":{"line":8,"column":30}},"7":{"start":{"line":10,"column":6},"end":{"line":17,"column":9}},"8":{"start":{"line":11,"column":8},"end":{"line":16,"column":9}},"9":{"start":{"line":12,"column":23},"end":{"line":12,"column":47}},"10":{"start":{"line":13,"column":10},"end":{"line":13,"column":24}},"11":{"start":{"line":15,"column":10},"end":{"line":15,"column":57}},"12":{"start":{"line":20,"column":4},"end":{"line":22,"column":7}},"13":{"start":{"line":21,"column":6},"end":{"line":21,"column":20}},"14":{"start":{"line":24,"column":4},"end":{"line":24,"column":24}},"15":{"start":{"line":25,"column":4},"end":{"line":25,"column":14}},"16":{"start":{"line":29,"column":0},"end":{"line":29,"column":26}}},"fnMap":{"0":{"name":"(anonymous_0)","decl":{"start":{"line":3,"column":17},"end":{"line":3,"column":18}},"loc":{"start":{"line":3,"column":46},"end":{"line":27,"column":1}},"line":3},"1":{"name":"(anonymous_1)","decl":{"start":{"line":4,"column":21},"end":{"line":4,"column":22}},"loc":{"start":{"line":4,"column":42},"end":{"line":26,"column":3}},"line":4},"2":{"name":"(anonymous_2)","decl":{"start":{"line":5,"column":39},"end":{"line":5,"column":40}},"loc":{"start":{"line":5,"column":48},"end":{"line":18,"column":5}},"line":5},"3":{"name":"(anonymous_3)","decl":{"start":{"line":7,"column":21},"end":{"line":7,"column":22}},"loc":{"start":{"line":7,"column":32},"end":{"line":9,"column":7}},"line":7},"4":{"name":"(anonymous_4)","decl":{"start":{"line":10,"column":20},"end":{"line":10,"column":21}},"loc":{"start":{"line":10,"column":26},"end":{"line":17,"column":7}},"line":10},"5":{"name":"(anonymous_5)","decl":{"start":{"line":20,"column":20},"end":{"line":20,"column":21}},"loc":{"start":{"line":20,"column":31},"end":{"line":22,"column":5}},"line":20}},"branchMap":{},"s":{"0":52,"1":52,"2":288,"3":288,"4":287,"5":287,"6":295,"7":287,"8":287,"9":287,"10":262,"11":25,"12":288,"13":0,"14":288,"15":288,"16":52},"f":{"0":288,"1":288,"2":287,"3":295,"4":287,"5":0},"b":{},"_coverageSchema":"1a1c01bbd47fc00a2c39e90264f33305004495a9","hash":"f79ebc613e491b29a1f37499209f9b4d0189a246"}
,"/home/devtrust/Project/QA-API-Automation-Testing/modules/OrderModule.js": {"path":"/home/devtrust/Project/QA-API-Automation-Testing/modules/OrderModule.js","statementMap":{"0":{"start":{"line":1,"column":14},"end":{"line":1,"column":30}},"1":{"start":{"line":4,"column":2},"end":{"line":23,"column":5}},"2":{"start":{"line":5,"column":16},"end":{"line":16,"column":6}},"3":{"start":{"line":6,"column":25},"end":{"line":6,"column":27}},"4":{"start":{"line":8,"column":6},"end":{"line":10,"column":9}},"5":{"start":{"line":9,"column":8},"end":{"line":9,"column":30}},"6":{"start":{"line":12,"column":6},"end":{"line":15,"column":9}},"7":{"start":{"line":13,"column":8},"end":{"line":13,"column":47}},"8":{"start":{"line":14,"column":8},"end":{"line":14,"column":30}},"9":{"start":{"line":18,"column":4},"end":{"line":20,"column":7}},"10":{"start":{"line":19,"column":6},"end":{"line":19,"column":20}},"11":{"start":{"line":22,"column":4},"end":{"line":22,"column":14}},"12":{"start":{"line":26,"column":0},"end":{"line":26,"column":29}}},"fnMap":{"0":{"name":"OrderModule","decl":{"start":{"line":3,"column":9},"end":{"line":3,"column":20}},"loc":{"start":{"line":3,"column":30},"end":{"line":24,"column":1}},"line":3},"1":{"name":"(anonymous_1)","decl":{"start":{"line":4,"column":21},"end":{"line":4,"column":22}},"loc":{"start":{"line":4,"column":42},"end":{"line":23,"column":3}},"line":4},"2":{"name":"(anonymous_2)","decl":{"start":{"line":5,"column":39},"end":{"line":5,"column":40}},"loc":{"start":{"line":5,"column":48},"end":{"line":16,"column":5}},"line":5},"3":{"name":"(anonymous_3)","decl":{"start":{"line":8,"column":21},"end":{"line":8,"column":22}},"loc":{"start":{"line":8,"column":32},"end":{"line":10,"column":7}},"line":8},"4":{"name":"(anonymous_4)","decl":{"start":{"line":12,"column":20},"end":{"line":12,"column":21}},"loc":{"start":{"line":12,"column":26},"end":{"line":15,"column":7}},"line":12},"5":{"name":"(anonymous_5)","decl":{"start":{"line":18,"column":20},"end":{"line":18,"column":21}},"loc":{"start":{"line":18,"column":31},"end":{"line":20,"column":5}},"line":18}},"branchMap":{},"s":{"0":1,"1":7,"2":7,"3":7,"4":7,"5":7,"6":7,"7":7,"8":7,"9":7,"10":0,"11":7,"12":1},"f":{"0":7,"1":7,"2":7,"3":7,"4":7,"5":0},"b":{},"_coverageSchema":"1a1c01bbd47fc00a2c39e90264f33305004495a9","hash":"1032fe0134668165f1d448cb689d74b8433ba247"}
}
