TN:
SF:config.js
FN:4,readFileContents
FNF:1
FNH:1
FNDA:58,readFileContents
DA:1,58
DA:2,58
DA:3,58
DA:5,58
DA:6,58
DA:7,58
DA:9,0
DA:10,0
DA:14,58
DA:15,58
DA:16,58
DA:17,58
DA:19,58
DA:20,58
DA:21,58
DA:22,58
DA:23,58
DA:25,58
DA:27,58
DA:28,58
DA:32,58
DA:36,58
DA:40,58
DA:44,58
DA:49,58
DA:54,58
DA:59,58
DA:64,58
DA:69,58
DA:75,58
DA:80,58
DA:85,58
DA:90,58
DA:96,58
DA:108,58
DA:121,58
LF:36
LH:34
BRDA:15,0,0,0
BRDA:15,0,1,58
BRDA:16,1,0,0
BRDA:16,1,1,58
BRDA:17,2,0,0
BRDA:17,2,1,58
BRF:6
BRH:3
end_of_record
TN:
SF:RequestBodies/BackOfficeAuthBody.js
FNF:0
FNH:0
DA:1,1
DA:3,1
DA:5,1
DA:7,1
DA:8,1
DA:10,1
LF:6
LH:6
BRF:0
BRH:0
end_of_record
TN:
SF:RequestBodies/BackOfficePriorsBody.js
FNF:0
FNH:0
DA:1,1
DA:2,1
DA:4,1
LF:3
LH:3
BRF:0
BRH:0
end_of_record
TN:
SF:RequestBodies/COR-446-Body.js
FNF:0
FNH:0
DA:1,1
DA:111,1
DA:220,1
DA:329,1
DA:439,1
DA:548,1
DA:659,1
DA:768,1
DA:879,1
DA:988,1
LF:10
LH:10
BRF:0
BRH:0
end_of_record
TN:
SF:RequestBodies/COR-470-Body.js
FNF:0
FNH:0
DA:1,1
DA:14,1
DA:27,1
DA:42,1
DA:56,1
DA:70,1
DA:83,1
DA:96,1
DA:109,1
DA:122,1
DA:135,1
DA:149,1
DA:163,1
DA:175,1
LF:14
LH:14
BRF:0
BRH:0
end_of_record
TN:
SF:RequestBodies/CallbackOrderRamquest.js
FNF:0
FNH:0
DA:1,1
DA:1170,1
LF:2
LH:2
BRF:0
BRH:0
end_of_record
TN:
SF:RequestBodies/Callback_Deliver_Title_Order_PRODBody.js
FNF:0
FNH:0
DA:1,1
DA:821,1
DA:1640,1
DA:2458,1
LF:4
LH:4
BRF:0
BRH:0
end_of_record
TN:
SF:RequestBodies/CommentUpdateBody.js
FNF:0
FNH:0
DA:1,1
DA:16,1
DA:17,1
DA:18,1
DA:19,1
DA:24,1
DA:39,1
DA:55,1
DA:69,1
LF:9
LH:9
BRF:0
BRH:0
end_of_record
TN:
SF:RequestBodies/FileDownloadBody.js
FNF:0
FNH:0
DA:1,1
DA:2,1
DA:3,1
DA:4,1
DA:6,1
DA:7,1
DA:8,1
DA:10,1
LF:8
LH:8
BRF:0
BRH:0
end_of_record
TN:
SF:RequestBodies/FileUploadBody.js
FNF:0
FNH:0
DA:1,1
DA:2,1
LF:2
LH:2
BRF:0
BRH:0
end_of_record
TN:
SF:RequestBodies/JobDetailsBody.js
FNF:0
FNH:0
DA:1,1
DA:2,1
DA:4,1
DA:5,1
DA:6,1
DA:9,1
LF:6
LH:6
BRF:0
BRH:0
end_of_record
TN:
SF:RequestBodies/ListJobsBody.js
FNF:0
FNH:0
DA:1,1
DA:8,1
DA:15,1
DA:16,1
DA:24,1
DA:32,1
LF:6
LH:6
BRF:0
BRH:0
end_of_record
TN:
SF:RequestBodies/NormalizeQualiaBody.js
FNF:0
FNH:0
DA:1,1
DA:58,1
DA:59,1
DA:61,1
LF:4
LH:4
BRF:0
BRH:0
end_of_record
TN:
SF:RequestBodies/NotesUpdateBody.js
FNF:0
FNH:0
DA:1,2
DA:2,2
LF:2
LH:2
BRF:0
BRH:0
end_of_record
TN:
SF:RequestBodies/OrderService_Normalizer_Body.js
FNF:0
FNH:0
DA:1,1
DA:62,1
LF:2
LH:2
BRF:0
BRH:0
end_of_record
TN:
SF:RequestBodies/PDFGenBody.js
FNF:0
FNH:0
DA:1,1
DA:2,1
DA:3,1
DA:4,1
DA:5,1
DA:6,1
DA:7,1
LF:7
LH:7
BRF:0
BRH:0
end_of_record
TN:
SF:RequestBodies/SearchUpdateBodies.js
FNF:0
FNH:0
DA:1,1
DA:3,1
LF:2
LH:2
BRF:0
BRH:0
end_of_record
TN:
SF:RequestBodies/SpecialRequestBody.js
FNF:0
FNH:0
DA:1,1
DA:6,1
DA:12,1
DA:17,1
DA:23,1
DA:28,1
DA:34,1
DA:39,1
DA:43,1
DA:48,1
LF:10
LH:10
BRF:0
BRH:0
end_of_record
TN:
SF:RequestBodies/StatusUpdateJobsBody.js
FNF:0
FNH:0
DA:1,1
DA:12,1
DA:22,1
DA:32,1
DA:42,1
DA:53,1
LF:6
LH:6
BRF:0
BRH:0
end_of_record
TN:
SF:RequestBodies/WebhookOrderRequestBody.js
FNF:0
FNH:0
DA:1,1
DA:4,1
DA:5,1
DA:7,1
LF:4
LH:4
BRF:0
BRH:0
end_of_record
TN:
SF:RequestBodies/s3DirectPDFBody.js
FNF:0
FNH:0
DA:1,1
DA:16,1
DA:31,1
DA:47,1
DA:63,1
DA:79,1
DA:81,1
DA:82,1
DA:84,1
DA:86,1
DA:88,1
DA:90,1
DA:92,1
DA:94,1
DA:95,1
LF:15
LH:15
BRF:0
BRH:0
end_of_record
TN:
SF:modules/COR354TemplateModule.js
FN:3,(anonymous_0)
FN:4,(anonymous_1)
FN:5,(anonymous_2)
FN:7,(anonymous_3)
FN:10,(anonymous_4)
FN:20,(anonymous_5)
FNF:6
FNH:5
FNDA:7,(anonymous_0)
FNDA:7,(anonymous_1)
FNDA:7,(anonymous_2)
FNDA:7,(anonymous_3)
FNDA:7,(anonymous_4)
FNDA:0,(anonymous_5)
DA:1,1
DA:3,1
DA:4,7
DA:5,7
DA:6,7
DA:7,7
DA:8,7
DA:10,7
DA:11,7
DA:12,7
DA:13,5
DA:15,2
DA:20,7
DA:21,0
DA:24,7
DA:25,7
DA:28,1
LF:17
LH:16
BRF:0
BRH:0
end_of_record
TN:
SF:modules/COR355TemplateModule.js
FN:3,(anonymous_0)
FN:4,(anonymous_1)
FN:5,(anonymous_2)
FN:7,(anonymous_3)
FN:10,(anonymous_4)
FN:20,(anonymous_5)
FNF:6
FNH:5
FNDA:6,(anonymous_0)
FNDA:6,(anonymous_1)
FNDA:6,(anonymous_2)
FNDA:6,(anonymous_3)
FNDA:6,(anonymous_4)
FNDA:0,(anonymous_5)
DA:1,1
DA:3,1
DA:4,6
DA:5,6
DA:6,6
DA:7,6
DA:8,6
DA:10,6
DA:11,6
DA:12,6
DA:13,4
DA:15,2
DA:20,6
DA:21,0
DA:24,6
DA:25,6
DA:28,1
LF:17
LH:16
BRF:0
BRH:0
end_of_record
TN:
SF:modules/HttpModule.js
FN:3,(anonymous_0)
FN:4,(anonymous_1)
FN:5,(anonymous_2)
FN:7,(anonymous_3)
FN:10,(anonymous_4)
FN:20,(anonymous_5)
FNF:6
FNH:5
FNDA:2,(anonymous_0)
FNDA:2,(anonymous_1)
FNDA:2,(anonymous_2)
FNDA:2,(anonymous_3)
FNDA:2,(anonymous_4)
FNDA:0,(anonymous_5)
DA:1,2
DA:3,2
DA:4,2
DA:5,2
DA:6,2
DA:7,2
DA:8,2
DA:10,2
DA:11,2
DA:12,2
DA:13,2
DA:15,0
DA:20,2
DA:21,0
DA:24,2
DA:25,2
DA:29,2
LF:17
LH:15
BRF:0
BRH:0
end_of_record
TN:
SF:modules/NAModule.js
FN:3,(anonymous_0)
FN:4,(anonymous_1)
FN:5,(anonymous_2)
FN:7,(anonymous_3)
FN:10,(anonymous_4)
FN:20,(anonymous_5)
FNF:6
FNH:5
FNDA:288,(anonymous_0)
FNDA:288,(anonymous_1)
FNDA:287,(anonymous_2)
FNDA:295,(anonymous_3)
FNDA:287,(anonymous_4)
FNDA:0,(anonymous_5)
DA:1,52
DA:3,52
DA:4,288
DA:5,288
DA:6,287
DA:7,287
DA:8,295
DA:10,287
DA:11,287
DA:12,287
DA:13,262
DA:15,25
DA:20,288
DA:21,0
DA:24,288
DA:25,288
DA:29,52
LF:17
LH:16
BRF:0
BRH:0
end_of_record
TN:
SF:modules/OrderModule.js
FN:3,OrderModule
FN:4,(anonymous_1)
FN:5,(anonymous_2)
FN:8,(anonymous_3)
FN:12,(anonymous_4)
FN:18,(anonymous_5)
FNF:6
FNH:5
FNDA:7,OrderModule
FNDA:7,(anonymous_1)
FNDA:7,(anonymous_2)
FNDA:7,(anonymous_3)
FNDA:7,(anonymous_4)
FNDA:0,(anonymous_5)
DA:1,1
DA:4,7
DA:5,7
DA:6,7
DA:8,7
DA:9,7
DA:12,7
DA:13,7
DA:14,7
DA:18,7
DA:19,0
DA:22,7
DA:26,1
LF:13
LH:12
BRF:0
BRH:0
end_of_record
