TN:
SF:config.js
FN:3,readFileContents
FNF:1
FNH:1
FNDA:41,readFileContents
DA:1,41
DA:4,41
DA:5,41
DA:6,41
DA:8,0
DA:9,0
DA:13,41
DA:14,41
DA:15,41
DA:16,41
DA:17,41
DA:18,41
DA:19,41
DA:20,41
DA:23,41
DA:25,41
DA:26,41
DA:30,41
DA:34,41
DA:38,41
DA:43,41
DA:48,41
DA:53,41
DA:58,41
DA:64,41
DA:69,41
DA:74,41
DA:79,41
DA:85,41
DA:97,41
DA:110,41
LF:31
LH:29
BRF:0
BRH:0
end_of_record
TN:
SF:RequestBodies/BackOfficeAuthBody.js
FNF:0
FNH:0
DA:1,1
DA:3,1
DA:4,1
LF:3
LH:3
BRF:0
BRH:0
end_of_record
TN:
SF:RequestBodies/BackOfficePriorsBody.js
FNF:0
FNH:0
DA:1,1
DA:2,1
DA:4,1
LF:3
LH:3
BRF:0
BRH:0
end_of_record
TN:
SF:RequestBodies/CallbackOrderRamquest.js
FNF:0
FNH:0
DA:1,1
DA:1170,1
LF:2
LH:2
BRF:0
BRH:0
end_of_record
TN:
SF:RequestBodies/CommentUpdateBody.js
FNF:0
FNH:0
DA:1,1
DA:16,1
DA:17,1
DA:18,1
DA:20,1
LF:5
LH:5
BRF:0
BRH:0
end_of_record
TN:
SF:RequestBodies/FileDownloadBody.js
FNF:0
FNH:0
DA:1,1
DA:2,1
DA:4,1
LF:3
LH:3
BRF:0
BRH:0
end_of_record
TN:
SF:RequestBodies/FileUploadBody.js
FNF:0
FNH:0
DA:1,1
DA:2,1
LF:2
LH:2
BRF:0
BRH:0
end_of_record
TN:
SF:RequestBodies/JobDetailsBody.js
FNF:0
FNH:0
DA:1,1
DA:2,1
DA:4,1
DA:5,1
DA:6,1
DA:9,1
LF:6
LH:6
BRF:0
BRH:0
end_of_record
TN:
SF:RequestBodies/ListJobsBody.js
FNF:0
FNH:0
DA:1,1
DA:2,1
DA:3,1
LF:3
LH:3
BRF:0
BRH:0
end_of_record
TN:
SF:RequestBodies/NormalizeQualiaBody.js
FNF:0
FNH:0
DA:1,1
DA:58,1
DA:59,1
DA:61,1
LF:4
LH:4
BRF:0
BRH:0
end_of_record
TN:
SF:RequestBodies/NotesUpdateBody.js
FNF:0
FNH:0
DA:1,1
DA:2,1
LF:2
LH:2
BRF:0
BRH:0
end_of_record
TN:
SF:RequestBodies/PDFGenBody.js
FNF:0
FNH:0
DA:1,1
DA:2,1
DA:3,1
DA:4,1
DA:5,1
DA:6,1
DA:7,1
LF:7
LH:7
BRF:0
BRH:0
end_of_record
TN:
SF:RequestBodies/SearchUpdateBodies.js
FNF:0
FNH:0
DA:1,1
DA:3,1
LF:2
LH:2
BRF:0
BRH:0
end_of_record
TN:
SF:RequestBodies/StatusUpdateJobsBody.js
FNF:0
FNH:0
DA:1,1
DA:3,1
DA:5,1
LF:3
LH:3
BRF:0
BRH:0
end_of_record
TN:
SF:RequestBodies/WebhookOrderRequestBody.js
FNF:0
FNH:0
DA:1,1
DA:4,1
DA:5,1
DA:7,1
LF:4
LH:4
BRF:0
BRH:0
end_of_record
TN:
SF:RequestBodies/s3DirectPDFBody.js
FNF:0
FNH:0
DA:1,1
DA:16,1
DA:31,1
DA:47,1
DA:63,1
DA:79,1
DA:81,1
DA:82,1
DA:84,1
DA:86,1
DA:88,1
DA:90,1
DA:92,1
DA:94,1
DA:95,1
LF:15
LH:15
BRF:0
BRH:0
end_of_record
TN:
SF:modules/COR300TemplateModule.js
FN:4,(anonymous_0)
FN:5,(anonymous_1)
FN:6,(anonymous_2)
FN:8,(anonymous_3)
FN:11,(anonymous_4)
FN:21,(anonymous_5)
FNF:6
FNH:5
FNDA:5,(anonymous_0)
FNDA:5,(anonymous_1)
FNDA:5,(anonymous_2)
FNDA:5,(anonymous_3)
FNDA:5,(anonymous_4)
FNDA:0,(anonymous_5)
DA:2,1
DA:4,1
DA:5,5
DA:6,5
DA:7,5
DA:8,5
DA:9,5
DA:11,5
DA:12,5
DA:13,5
DA:14,5
DA:16,0
DA:21,5
DA:22,0
DA:25,5
DA:26,5
DA:29,1
LF:17
LH:15
BRF:0
BRH:0
end_of_record
TN:
SF:modules/COR310TemplateModule.js
FN:3,COR310TemplateModule
FN:4,(anonymous_1)
FN:5,(anonymous_2)
FN:8,(anonymous_3)
FN:12,(anonymous_4)
FN:18,(anonymous_5)
FNF:6
FNH:5
FNDA:7,COR310TemplateModule
FNDA:7,(anonymous_1)
FNDA:7,(anonymous_2)
FNDA:13,(anonymous_3)
FNDA:7,(anonymous_4)
FNDA:0,(anonymous_5)
DA:1,3
DA:4,7
DA:5,7
DA:6,7
DA:8,7
DA:9,13
DA:12,7
DA:13,7
DA:14,7
DA:18,7
DA:19,0
DA:22,7
DA:23,7
DA:26,7
DA:30,3
LF:15
LH:14
BRDA:22,0,0,7
BRDA:22,0,1,0
BRF:2
BRH:1
end_of_record
TN:
SF:modules/COR354TemplateModule.js
FN:3,(anonymous_0)
FN:4,(anonymous_1)
FN:5,(anonymous_2)
FN:7,(anonymous_3)
FN:10,(anonymous_4)
FN:20,(anonymous_5)
FNF:6
FNH:5
FNDA:4,(anonymous_0)
FNDA:4,(anonymous_1)
FNDA:4,(anonymous_2)
FNDA:4,(anonymous_3)
FNDA:4,(anonymous_4)
FNDA:0,(anonymous_5)
DA:1,1
DA:3,1
DA:4,4
DA:5,4
DA:6,4
DA:7,4
DA:8,4
DA:10,4
DA:11,4
DA:12,4
DA:13,2
DA:15,2
DA:20,4
DA:21,0
DA:24,4
DA:25,4
DA:28,1
LF:17
LH:16
BRF:0
BRH:0
end_of_record
TN:
SF:modules/COR355TemplateModule.js
FN:3,(anonymous_0)
FN:4,(anonymous_1)
FN:5,(anonymous_2)
FN:7,(anonymous_3)
FN:10,(anonymous_4)
FN:20,(anonymous_5)
FNF:6
FNH:5
FNDA:6,(anonymous_0)
FNDA:6,(anonymous_1)
FNDA:6,(anonymous_2)
FNDA:6,(anonymous_3)
FNDA:6,(anonymous_4)
FNDA:0,(anonymous_5)
DA:1,1
DA:3,1
DA:4,6
DA:5,6
DA:6,6
DA:7,6
DA:8,6
DA:10,6
DA:11,6
DA:12,6
DA:13,4
DA:15,2
DA:20,6
DA:21,0
DA:24,6
DA:25,6
DA:28,1
LF:17
LH:16
BRF:0
BRH:0
end_of_record
TN:
SF:modules/COR356TemplateModule.js
FN:3,(anonymous_0)
FN:4,(anonymous_1)
FN:5,(anonymous_2)
FN:7,(anonymous_3)
FN:10,(anonymous_4)
FN:20,(anonymous_5)
FNF:6
FNH:5
FNDA:10,(anonymous_0)
FNDA:10,(anonymous_1)
FNDA:10,(anonymous_2)
FNDA:10,(anonymous_3)
FNDA:10,(anonymous_4)
FNDA:0,(anonymous_5)
DA:1,1
DA:3,1
DA:4,10
DA:5,10
DA:6,10
DA:7,10
DA:8,10
DA:10,10
DA:11,10
DA:12,10
DA:13,8
DA:15,2
DA:20,10
DA:21,0
DA:24,10
DA:25,10
DA:29,1
LF:17
LH:16
BRF:0
BRH:0
end_of_record
TN:
SF:modules/CreateTemplateModule.js
FN:9,(anonymous_0)
FN:10,(anonymous_1)
FN:11,(anonymous_2)
FN:13,(anonymous_3)
FN:16,(anonymous_4)
FN:26,(anonymous_5)
FNF:6
FNH:5
FNDA:8,(anonymous_0)
FNDA:8,(anonymous_1)
FNDA:8,(anonymous_2)
FNDA:8,(anonymous_3)
FNDA:8,(anonymous_4)
FNDA:0,(anonymous_5)
DA:1,1
DA:2,1
DA:4,1
DA:9,1
DA:10,8
DA:11,8
DA:12,8
DA:13,8
DA:14,8
DA:16,8
DA:17,8
DA:18,8
DA:19,8
DA:21,0
DA:26,8
DA:27,0
DA:30,8
DA:31,8
DA:35,1
LF:19
LH:17
BRF:0
BRH:0
end_of_record
TN:
SF:modules/DeleteTemplateModule.js
FN:5,(anonymous_0)
FN:6,(anonymous_1)
FN:11,(anonymous_2)
FN:13,(anonymous_3)
FN:16,(anonymous_4)
FN:21,(anonymous_5)
FNF:6
FNH:5
FNDA:2,(anonymous_0)
FNDA:2,(anonymous_1)
FNDA:2,(anonymous_2)
FNDA:2,(anonymous_3)
FNDA:2,(anonymous_4)
FNDA:0,(anonymous_5)
DA:1,1
DA:2,1
DA:3,1
DA:5,1
DA:6,2
DA:7,2
DA:12,2
DA:13,2
DA:14,2
DA:16,2
DA:17,2
DA:18,2
DA:21,2
DA:22,0
DA:24,2
DA:25,2
DA:27,2
DA:28,2
DA:29,2
DA:30,2
DA:32,0
DA:33,0
DA:37,1
LF:23
LH:20
BRF:0
BRH:0
end_of_record
TN:
SF:modules/EmailTemplateModule.js
FN:8,(anonymous_0)
FN:9,(anonymous_1)
FN:10,(anonymous_2)
FN:12,(anonymous_3)
FN:15,(anonymous_4)
FN:20,(anonymous_5)
FNF:6
FNH:5
FNDA:6,(anonymous_0)
FNDA:6,(anonymous_1)
FNDA:6,(anonymous_2)
FNDA:6,(anonymous_3)
FNDA:6,(anonymous_4)
FNDA:0,(anonymous_5)
DA:1,1
DA:2,1
DA:3,1
DA:8,1
DA:9,6
DA:10,6
DA:11,6
DA:12,6
DA:13,6
DA:15,6
DA:16,6
DA:17,6
DA:20,6
DA:21,0
DA:23,6
DA:24,6
DA:26,6
DA:27,6
DA:28,6
DA:29,6
DA:31,6
DA:34,1
LF:22
LH:21
BRF:0
BRH:0
end_of_record
TN:
SF:modules/HttpModule.js
FN:3,(anonymous_0)
FN:4,(anonymous_1)
FN:5,(anonymous_2)
FN:7,(anonymous_3)
FN:10,(anonymous_4)
FN:20,(anonymous_5)
FNF:6
FNH:5
FNDA:2,(anonymous_0)
FNDA:2,(anonymous_1)
FNDA:2,(anonymous_2)
FNDA:2,(anonymous_3)
FNDA:2,(anonymous_4)
FNDA:0,(anonymous_5)
DA:1,2
DA:3,2
DA:4,2
DA:5,2
DA:6,2
DA:7,2
DA:8,2
DA:10,2
DA:11,2
DA:12,2
DA:13,2
DA:15,0
DA:20,2
DA:21,0
DA:24,2
DA:25,2
DA:29,2
LF:17
LH:15
BRF:0
BRH:0
end_of_record
TN:
SF:modules/NAModule.js
FN:3,(anonymous_0)
FN:4,(anonymous_1)
FN:5,(anonymous_2)
FN:7,(anonymous_3)
FN:10,(anonymous_4)
FN:20,(anonymous_5)
FNF:6
FNH:5
FNDA:100,(anonymous_0)
FNDA:100,(anonymous_1)
FNDA:100,(anonymous_2)
FNDA:116,(anonymous_3)
FNDA:100,(anonymous_4)
FNDA:0,(anonymous_5)
DA:1,26
DA:3,26
DA:4,100
DA:5,100
DA:6,100
DA:7,100
DA:8,116
DA:10,100
DA:11,100
DA:12,100
DA:13,73
DA:15,27
DA:20,100
DA:21,0
DA:24,100
DA:25,100
DA:29,26
LF:17
LH:16
BRF:0
BRH:0
end_of_record
TN:
SF:modules/OrderModule.js
FN:3,OrderModule
FN:4,(anonymous_1)
FN:5,(anonymous_2)
FN:8,(anonymous_3)
FN:12,(anonymous_4)
FN:18,(anonymous_5)
FNF:6
FNH:5
FNDA:3,OrderModule
FNDA:3,(anonymous_1)
FNDA:3,(anonymous_2)
FNDA:3,(anonymous_3)
FNDA:3,(anonymous_4)
FNDA:0,(anonymous_5)
DA:1,1
DA:4,3
DA:5,3
DA:6,3
DA:8,3
DA:9,3
DA:12,3
DA:13,3
DA:14,3
DA:18,3
DA:19,0
DA:22,3
DA:26,1
LF:13
LH:12
BRF:0
BRH:0
end_of_record
